[ 2017-12-13T14:59:47+08:00 ] 127.0.0.1 /index.php?m=Dictionary&c=Index&a=semesterEdit
INFO: [ app_init ] --START--
INFO: Run Behavior\BuildLiteBehavior [ RunTime:0.000000s ]
INFO: [ app_init ] --END-- [ RunTime:0.001000s ]
INFO: [ app_begin ] --START--
INFO: Run Behavior\ReadHtmlCacheBehavior [ RunTime:0.002000s ]
INFO: [ app_begin ] --END-- [ RunTime:0.002000s ]
SQL: SHOW COLUMNS FROM `sm_sysconfig` [ RunTime:0.0100s ]
SQL: SELECT * FROM `sm_sysconfig`  [ RunTime:0.0020s ]
SQL: SHOW COLUMNS FROM `sm_auth_group_access` [ RunTime:0.0090s ]
SQL: SELECT `uid`,`group_id`,`title`,`rules` FROM sm_auth_group_access a INNER JOIN sm_auth_group g on a.group_id=g.id  WHERE ( a.uid='1' )  [ RunTime:0.0020s ]
SQL: SHOW COLUMNS FROM `sm_auth_rule` [ RunTime:0.0050s ]
SQL: SELECT `condition`,`name` FROM `sm_auth_rule` WHERE `id` IN ('1','6','59','151','178','179','180','208','210','231','232','233','234','235','237','238','239','240','211','241','242','243','244','246','247','248','249','209','225','224','226','227','228','229','230','694','701','702','697','705','698','706','699','707','691','708','692','693','670','671','709','672','673') AND `type` = 1  [ RunTime:0.0020s ]
SQL: SHOW COLUMNS FROM `sm_auth_rule` [ RunTime:0.0080s ]
SQL: SELECT * FROM `sm_auth_rule` WHERE `name` = 'Dictionary/Index/semesterEdit' AND `status` = 1 ORDER BY `level` desc,`sort` LIMIT 1   [ RunTime:0.0010s ]
SQL: SELECT * FROM `sm_auth_rule` WHERE `id` = 1 LIMIT 1   [ RunTime:0.0010s ]
SQL: SELECT * FROM `sm_auth_rule` WHERE `status` = 1 AND `pid` = 1 ORDER BY `sort`  [ RunTime:0.0010s ]
SQL: SHOW COLUMNS FROM `sm_semester` [ RunTime:0.0060s ]
SQL: SELECT COUNT(*) AS tp_count FROM `sm_semester` WHERE ( is_del = 2 ) LIMIT 1   [ RunTime:0.0010s ]
SQL: SELECT * FROM `sm_semester` WHERE ( is_del = 2 )  [ RunTime:0.0010s ]
INFO: [ view_parse ] --START--
INFO: [ template_filter ] --START--
INFO: Run Behavior\ContentReplaceBehavior [ RunTime:0.000000s ]
INFO: [ template_filter ] --END-- [ RunTime:0.001000s ]
NOTIC: [8] Undefined variable: search D:\phpStudy\WWW\shiyanshi\data\runtime\Cache\Dictionary\d8d9c0f432f5f5a83d2367fa1783ab15.php 第 244 行.
NOTIC: [8] Undefined variable: search D:\phpStudy\WWW\shiyanshi\data\runtime\Cache\Dictionary\d8d9c0f432f5f5a83d2367fa1783ab15.php 第 246 行.
NOTIC: [8] Undefined variable: recharge_type D:\phpStudy\WWW\shiyanshi\data\runtime\Cache\Dictionary\d8d9c0f432f5f5a83d2367fa1783ab15.php 第 253 行.
NOTIC: [8] Undefined variable: recharge_type D:\phpStudy\WWW\shiyanshi\data\runtime\Cache\Dictionary\d8d9c0f432f5f5a83d2367fa1783ab15.php 第 254 行.
NOTIC: [8] Undefined variable: recharge_type D:\phpStudy\WWW\shiyanshi\data\runtime\Cache\Dictionary\d8d9c0f432f5f5a83d2367fa1783ab15.php 第 255 行.
NOTIC: [8] Undefined variable: search D:\phpStudy\WWW\shiyanshi\data\runtime\Cache\Dictionary\d8d9c0f432f5f5a83d2367fa1783ab15.php 第 264 行.
INFO: Run Behavior\ParseTemplateBehavior [ RunTime:0.065003s ]
INFO: [ view_parse ] --END-- [ RunTime:0.066003s ]
INFO: [ view_filter ] --START--
INFO: Run Behavior\WriteHtmlCacheBehavior [ RunTime:0.002000s ]
INFO: [ view_filter ] --END-- [ RunTime:0.002000s ]
INFO: [ app_end ] --START--
INFO: Run Behavior\ShowPageTraceBehavior [ RunTime:0.002000s ]
INFO: [ app_end ] --END-- [ RunTime:0.002000s ]

[ 2017-12-13T14:59:55+08:00 ] 127.0.0.1 /index.php?m=Dictionary&c=Index&a=periodEdit
INFO: [ app_init ] --START--
INFO: Run Behavior\BuildLiteBehavior [ RunTime:0.000000s ]
INFO: [ app_init ] --END-- [ RunTime:0.001000s ]
INFO: [ app_begin ] --START--
INFO: Run Behavior\ReadHtmlCacheBehavior [ RunTime:0.001000s ]
INFO: [ app_begin ] --END-- [ RunTime:0.001000s ]
SQL: SHOW COLUMNS FROM `sm_sysconfig` [ RunTime:0.0080s ]
SQL: SELECT * FROM `sm_sysconfig`  [ RunTime:0.0020s ]
SQL: SHOW COLUMNS FROM `sm_auth_group_access` [ RunTime:0.0090s ]
SQL: SELECT `uid`,`group_id`,`title`,`rules` FROM sm_auth_group_access a INNER JOIN sm_auth_group g on a.group_id=g.id  WHERE ( a.uid='1' )  [ RunTime:0.0010s ]
SQL: SHOW COLUMNS FROM `sm_auth_rule` [ RunTime:0.0050s ]
SQL: SELECT `condition`,`name` FROM `sm_auth_rule` WHERE `id` IN ('1','6','59','151','178','179','180','208','210','231','232','233','234','235','237','238','239','240','211','241','242','243','244','246','247','248','249','209','225','224','226','227','228','229','230','694','701','702','697','705','698','706','699','707','691','708','692','693','670','671','709','672','673') AND `type` = 1  [ RunTime:0.0060s ]
SQL: SHOW COLUMNS FROM `sm_auth_rule` [ RunTime:0.0060s ]
SQL: SELECT * FROM `sm_auth_rule` WHERE `name` = 'Dictionary/Index/periodEdit' AND `status` = 1 ORDER BY `level` desc,`sort` LIMIT 1   [ RunTime:0.0020s ]
SQL: SELECT * FROM `sm_auth_rule` WHERE `id` = 1 LIMIT 1   [ RunTime:0.0020s ]
SQL: SELECT * FROM `sm_auth_rule` WHERE `status` = 1 AND `pid` = 1 ORDER BY `sort`  [ RunTime:0.0020s ]
SQL: SHOW COLUMNS FROM `sm_classhour_list` [ RunTime:0.0040s ]
SQL: SELECT COUNT(*) AS tp_count FROM `sm_classhour_list` WHERE `is_del` = 1 LIMIT 1   [ RunTime:0.0010s ]
SQL: SELECT * FROM `sm_classhour_list` WHERE `is_del` = 1 ORDER BY `sort` DESC  [ RunTime:0.0020s ]
INFO: [ view_parse ] --START--
INFO: [ template_filter ] --START--
INFO: Run Behavior\ContentReplaceBehavior [ RunTime:0.001000s ]
INFO: [ template_filter ] --END-- [ RunTime:0.001000s ]
INFO: Run Behavior\ParseTemplateBehavior [ RunTime:0.058003s ]
INFO: [ view_parse ] --END-- [ RunTime:0.058003s ]
INFO: [ view_filter ] --START--
INFO: Run Behavior\WriteHtmlCacheBehavior [ RunTime:0.001000s ]
INFO: [ view_filter ] --END-- [ RunTime:0.002000s ]
INFO: [ app_end ] --START--
INFO: Run Behavior\ShowPageTraceBehavior [ RunTime:0.007000s ]
INFO: [ app_end ] --END-- [ RunTime:0.007000s ]

