[ 2017-12-14T09:54:47+08:00 ] 127.0.0.1 /index.php?m=Feedback&c=Notice&a=index
INFO: [ app_init ] --START--
INFO: Run Behavior\BuildLiteBehavior [ RunTime:0.000000s ]
INFO: [ app_init ] --END-- [ RunTime:0.001000s ]
INFO: [ app_begin ] --START--
INFO: Run Behavior\ReadHtmlCacheBehavior [ RunTime:0.002000s ]
INFO: [ app_begin ] --END-- [ RunTime:0.002000s ]
SQL: SHOW COLUMNS FROM `sm_sysconfig` [ RunTime:0.0320s ]
SQL: SELECT * FROM `sm_sysconfig`  [ RunTime:0.0010s ]
SQL: SHOW COLUMNS FROM `sm_auth_group_access` [ RunTime:0.0210s ]
SQL: SELECT `uid`,`group_id`,`title`,`rules` FROM sm_auth_group_access a INNER JOIN sm_auth_group g on a.group_id=g.id  WHERE ( a.uid='1' )  [ RunTime:0.0020s ]
SQL: SHOW COLUMNS FROM `sm_auth_rule` [ RunTime:0.0220s ]
SQL: SELECT `condition`,`name` FROM `sm_auth_rule` WHERE `id` IN ('1','6','59','151','178','179','180','208','210','231','232','233','234','235','237','238','239','240','211','241','242','243','244','246','247','248','249','209','225','224','226','227','228','229','230','694','701','702','697','705','698','706','699','707','691','708','692','693','670','671','709','672','673') AND `type` = 1  [ RunTime:0.0030s ]
SQL: SHOW COLUMNS FROM `sm_auth_rule` [ RunTime:0.0150s ]
SQL: SELECT * FROM `sm_auth_rule` WHERE `name` = 'Feedback/Notice/index' AND `status` = 1 ORDER BY `level` desc,`sort` LIMIT 1   [ RunTime:0.0010s ]
SQL: SELECT * FROM `sm_auth_rule` WHERE `id` = 670 LIMIT 1   [ RunTime:0.0010s ]
SQL: SELECT * FROM `sm_auth_rule` WHERE `status` = 1 AND `pid` = 670 ORDER BY `sort`  [ RunTime:0.0020s ]
SQL: SHOW COLUMNS FROM `sm_notice` [ RunTime:0.0140s ]
SQL: SELECT COUNT(n_id) AS tp_count FROM `sm_notice` AS a LEFT JOIN sm_admin as b ON a.admin_id = b.admin_id  WHERE a.is_del = 2 LIMIT 1   [ RunTime:0.0010s ]
SQL: SELECT a.*,b.admin_realname FROM `sm_notice` AS a LEFT JOIN sm_admin as b ON a.admin_id = b.admin_id  WHERE a.is_del = 2 ORDER BY `addtime` desc LIMIT 0,15   [ RunTime:0.0020s ]
SQL: SHOW COLUMNS FROM `sm_auth_group_access` [ RunTime:0.0130s ]
SQL: SELECT `group_id` FROM `sm_auth_group_access` WHERE `uid` = 1 LIMIT 1   [ RunTime:0.0010s ]
INFO: [ view_parse ] --START--
INFO: [ template_filter ] --START--
INFO: Run Behavior\ContentReplaceBehavior [ RunTime:0.001000s ]
INFO: [ template_filter ] --END-- [ RunTime:0.001000s ]
NOTIC: [2] Illegal string offset 'start_time' D:\phpStudy\WWW\shiyanshi\data\runtime\Cache\Feedback\bc49e04a20341a398a56abcb7c9de460.php 第 256 行.
NOTIC: [8] Uninitialized string offset: 0 D:\phpStudy\WWW\shiyanshi\data\runtime\Cache\Feedback\bc49e04a20341a398a56abcb7c9de460.php 第 256 行.
NOTIC: [2] Illegal string offset 'end_time' D:\phpStudy\WWW\shiyanshi\data\runtime\Cache\Feedback\bc49e04a20341a398a56abcb7c9de460.php 第 258 行.
NOTIC: [8] Uninitialized string offset: 0 D:\phpStudy\WWW\shiyanshi\data\runtime\Cache\Feedback\bc49e04a20341a398a56abcb7c9de460.php 第 258 行.
NOTIC: [2] Illegal string offset 'title' D:\phpStudy\WWW\shiyanshi\data\runtime\Cache\Feedback\bc49e04a20341a398a56abcb7c9de460.php 第 266 行.
NOTIC: [8] Uninitialized string offset: 0 D:\phpStudy\WWW\shiyanshi\data\runtime\Cache\Feedback\bc49e04a20341a398a56abcb7c9de460.php 第 266 行.
INFO: Run Behavior\ParseTemplateBehavior [ RunTime:0.064004s ]
INFO: [ view_parse ] --END-- [ RunTime:0.064004s ]
INFO: [ view_filter ] --START--
INFO: Run Behavior\WriteHtmlCacheBehavior [ RunTime:0.002000s ]
INFO: [ view_filter ] --END-- [ RunTime:0.002000s ]
INFO: [ app_end ] --START--
INFO: Run Behavior\ShowPageTraceBehavior [ RunTime:0.006001s ]
INFO: [ app_end ] --END-- [ RunTime:0.008001s ]

[ 2017-12-14T09:54:49+08:00 ] 127.0.0.1 /index.php?m=Feedback&c=Notice&a=noticeInfo&id=16&p=1
INFO: [ app_init ] --START--
INFO: Run Behavior\BuildLiteBehavior [ RunTime:0.000000s ]
INFO: [ app_init ] --END-- [ RunTime:0.001000s ]
INFO: [ app_begin ] --START--
INFO: Run Behavior\ReadHtmlCacheBehavior [ RunTime:0.002000s ]
INFO: [ app_begin ] --END-- [ RunTime:0.002000s ]
SQL: SHOW COLUMNS FROM `sm_sysconfig` [ RunTime:0.0340s ]
SQL: SELECT * FROM `sm_sysconfig`  [ RunTime:0.0030s ]
SQL: SHOW COLUMNS FROM `sm_auth_group_access` [ RunTime:0.0200s ]
SQL: SELECT `uid`,`group_id`,`title`,`rules` FROM sm_auth_group_access a INNER JOIN sm_auth_group g on a.group_id=g.id  WHERE ( a.uid='1' )  [ RunTime:0.0040s ]
SQL: SHOW COLUMNS FROM `sm_auth_rule` [ RunTime:0.0190s ]
SQL: SELECT `condition`,`name` FROM `sm_auth_rule` WHERE `id` IN ('1','6','59','151','178','179','180','208','210','231','232','233','234','235','237','238','239','240','211','241','242','243','244','246','247','248','249','209','225','224','226','227','228','229','230','694','701','702','697','705','698','706','699','707','691','708','692','693','670','671','709','672','673') AND `type` = 1  [ RunTime:0.0040s ]
SQL: SHOW COLUMNS FROM `sm_auth_rule` [ RunTime:0.0180s ]
SQL: SELECT * FROM `sm_auth_rule` WHERE `name` = 'Feedback/Notice/noticeInfo' AND `status` = 1 ORDER BY `level` desc,`sort` LIMIT 1   [ RunTime:0.0010s ]
SQL: SELECT * FROM `sm_auth_rule` WHERE `status` = 0 AND `name` = 'Feedback/Notice/noticeInfo' ORDER BY `level` desc,`sort` LIMIT 1   [ RunTime:0.0010s ]
SQL: SELECT * FROM `sm_auth_rule` WHERE `id` = 671 LIMIT 1   [ RunTime:0.0020s ]
SQL: SELECT * FROM `sm_auth_rule` WHERE `name` = 'Feedback/Notice/index' AND `status` = 1 ORDER BY `level` desc,`sort` LIMIT 1   [ RunTime:0.0010s ]
SQL: SELECT * FROM `sm_auth_rule` WHERE `id` = 670 LIMIT 1   [ RunTime:0.0020s ]
SQL: SELECT * FROM `sm_auth_rule` WHERE `status` = 1 AND `pid` = 670 ORDER BY `sort`  [ RunTime:0.0020s ]
SQL: SHOW COLUMNS FROM `sm_notice` [ RunTime:0.0190s ]
SQL: SELECT a.*,b.admin_realname FROM `sm_notice` AS a LEFT JOIN sm_admin as b ON a.admin_id = b.admin_id  WHERE `n_id` = '16' LIMIT 1   [ RunTime:0.0010s ]
INFO: [ view_parse ] --START--
INFO: [ template_filter ] --START--
INFO: Run Behavior\ContentReplaceBehavior [ RunTime:0.001000s ]
INFO: [ template_filter ] --END-- [ RunTime:0.001000s ]
NOTIC: [8] Undefined index: cfg_webname D:\phpStudy\WWW\shiyanshi\data\runtime\Cache\Feedback\02feed77b18d2fba9d94818e32323f34.php 第 6 行.
NOTIC: [8] Undefined index: cfg_webname D:\phpStudy\WWW\shiyanshi\data\runtime\Cache\Feedback\02feed77b18d2fba9d94818e32323f34.php 第 84 行.
NOTIC: [8] Undefined index: cfg_webname D:\phpStudy\WWW\shiyanshi\data\runtime\Cache\Feedback\02feed77b18d2fba9d94818e32323f34.php 第 212 行.
NOTIC: [8] Undefined variable: goodid D:\phpStudy\WWW\shiyanshi\data\runtime\Cache\Feedback\02feed77b18d2fba9d94818e32323f34.php 第 241 行.
NOTIC: [8] Undefined variable: type D:\phpStudy\WWW\shiyanshi\data\runtime\Cache\Feedback\02feed77b18d2fba9d94818e32323f34.php 第 242 行.
NOTIC: [8] Undefined index: cfg_webname D:\phpStudy\WWW\shiyanshi\data\runtime\Cache\Feedback\02feed77b18d2fba9d94818e32323f34.php 第 308 行.
INFO: Run Behavior\ParseTemplateBehavior [ RunTime:0.050003s ]
INFO: [ view_parse ] --END-- [ RunTime:0.050003s ]
INFO: [ view_filter ] --START--
INFO: Run Behavior\WriteHtmlCacheBehavior [ RunTime:0.001000s ]
INFO: [ view_filter ] --END-- [ RunTime:0.001000s ]
INFO: [ app_end ] --START--
INFO: Run Behavior\ShowPageTraceBehavior [ RunTime:0.002001s ]
INFO: [ app_end ] --END-- [ RunTime:0.002001s ]

[ 2017-12-14T16:20:35+08:00 ] 127.0.0.1 /index.php?m=Feedback&c=Notice&a=index
INFO: [ app_init ] --START--
INFO: Run Behavior\BuildLiteBehavior [ RunTime:0.000000s ]
INFO: [ app_init ] --END-- [ RunTime:0.002000s ]
INFO: [ app_begin ] --START--
INFO: Run Behavior\ReadHtmlCacheBehavior [ RunTime:0.001000s ]
INFO: [ app_begin ] --END-- [ RunTime:0.002000s ]
SQL: SHOW COLUMNS FROM `sm_sysconfig` [ RunTime:0.0370s ]
SQL: SELECT * FROM `sm_sysconfig`  [ RunTime:0.0030s ]
SQL: SHOW COLUMNS FROM `sm_auth_group_access` [ RunTime:0.0200s ]
SQL: SELECT `uid`,`group_id`,`title`,`rules` FROM sm_auth_group_access a INNER JOIN sm_auth_group g on a.group_id=g.id  WHERE ( a.uid='1' )  [ RunTime:0.0020s ]
SQL: SHOW COLUMNS FROM `sm_auth_rule` [ RunTime:0.0190s ]
SQL: SELECT `condition`,`name` FROM `sm_auth_rule` WHERE `id` IN ('1','6','59','151','178','179','180','208','210','231','232','233','234','235','237','238','239','240','211','241','242','243','244','246','247','248','249','209','225','224','226','227','228','229','230','694','701','702','697','705','698','706','699','707','691','708','692','693','670','671','709','672','673') AND `type` = 1  [ RunTime:0.0020s ]
SQL: SHOW COLUMNS FROM `sm_auth_rule` [ RunTime:0.0200s ]
SQL: SELECT * FROM `sm_auth_rule` WHERE `name` = 'Feedback/Notice/index' AND `status` = 1 ORDER BY `level` desc,`sort` LIMIT 1   [ RunTime:0.0020s ]
SQL: SELECT * FROM `sm_auth_rule` WHERE `id` = 670 LIMIT 1   [ RunTime:0.0020s ]
SQL: SELECT * FROM `sm_auth_rule` WHERE `status` = 1 AND `pid` = 670 ORDER BY `sort`  [ RunTime:0.0050s ]
SQL: SHOW COLUMNS FROM `sm_notice` [ RunTime:0.0190s ]
SQL: SELECT COUNT(n_id) AS tp_count FROM `sm_notice` AS a LEFT JOIN sm_admin as b ON a.admin_id = b.admin_id  WHERE a.is_del = 2 LIMIT 1   [ RunTime:0.0020s ]
SQL: SELECT a.*,b.admin_realname FROM `sm_notice` AS a LEFT JOIN sm_admin as b ON a.admin_id = b.admin_id  WHERE a.is_del = 2 ORDER BY `addtime` desc LIMIT 0,15   [ RunTime:0.0020s ]
SQL: SHOW COLUMNS FROM `sm_auth_group_access` [ RunTime:0.0160s ]
SQL: SELECT `group_id` FROM `sm_auth_group_access` WHERE `uid` = 1 LIMIT 1   [ RunTime:0.0010s ]
INFO: [ view_parse ] --START--
INFO: [ template_filter ] --START--
INFO: Run Behavior\ContentReplaceBehavior [ RunTime:0.000000s ]
INFO: [ template_filter ] --END-- [ RunTime:0.000000s ]
NOTIC: [2] Illegal string offset 'start_time' D:\phpStudy\WWW\shiyanshi\data\runtime\Cache\Feedback\bc49e04a20341a398a56abcb7c9de460.php 第 256 行.
NOTIC: [8] Uninitialized string offset: 0 D:\phpStudy\WWW\shiyanshi\data\runtime\Cache\Feedback\bc49e04a20341a398a56abcb7c9de460.php 第 256 行.
NOTIC: [2] Illegal string offset 'end_time' D:\phpStudy\WWW\shiyanshi\data\runtime\Cache\Feedback\bc49e04a20341a398a56abcb7c9de460.php 第 258 行.
NOTIC: [8] Uninitialized string offset: 0 D:\phpStudy\WWW\shiyanshi\data\runtime\Cache\Feedback\bc49e04a20341a398a56abcb7c9de460.php 第 258 行.
NOTIC: [2] Illegal string offset 'title' D:\phpStudy\WWW\shiyanshi\data\runtime\Cache\Feedback\bc49e04a20341a398a56abcb7c9de460.php 第 266 行.
NOTIC: [8] Uninitialized string offset: 0 D:\phpStudy\WWW\shiyanshi\data\runtime\Cache\Feedback\bc49e04a20341a398a56abcb7c9de460.php 第 266 行.
INFO: Run Behavior\ParseTemplateBehavior [ RunTime:0.062004s ]
INFO: [ view_parse ] --END-- [ RunTime:0.062004s ]
INFO: [ view_filter ] --START--
INFO: Run Behavior\WriteHtmlCacheBehavior [ RunTime:0.001000s ]
INFO: [ view_filter ] --END-- [ RunTime:0.001000s ]
INFO: [ app_end ] --START--
INFO: Run Behavior\ShowPageTraceBehavior [ RunTime:0.002000s ]
INFO: [ app_end ] --END-- [ RunTime:0.003000s ]

[ 2017-12-14T16:20:55+08:00 ] 127.0.0.1 /index.php?m=Feedback&c=Notice&a=index
INFO: [ app_init ] --START--
INFO: Run Behavior\BuildLiteBehavior [ RunTime:0.000000s ]
INFO: [ app_init ] --END-- [ RunTime:0.002000s ]
INFO: [ app_begin ] --START--
INFO: Run Behavior\ReadHtmlCacheBehavior [ RunTime:0.002000s ]
INFO: [ app_begin ] --END-- [ RunTime:0.002000s ]
SQL: SHOW COLUMNS FROM `sm_sysconfig` [ RunTime:0.0310s ]
SQL: SELECT * FROM `sm_sysconfig`  [ RunTime:0.0020s ]
SQL: SHOW COLUMNS FROM `sm_auth_group_access` [ RunTime:0.0180s ]
SQL: SELECT `uid`,`group_id`,`title`,`rules` FROM sm_auth_group_access a INNER JOIN sm_auth_group g on a.group_id=g.id  WHERE ( a.uid='1' )  [ RunTime:0.0020s ]
SQL: SHOW COLUMNS FROM `sm_auth_rule` [ RunTime:0.0090s ]
SQL: SELECT `condition`,`name` FROM `sm_auth_rule` WHERE `id` IN ('1','6','59','151','178','179','180','208','210','231','232','233','234','235','237','238','239','240','211','241','242','243','244','246','247','248','249','209','225','224','226','227','228','229','230','694','701','702','697','705','698','706','699','707','691','708','692','693','670','671','709','672','673') AND `type` = 1  [ RunTime:0.0020s ]
SQL: SHOW COLUMNS FROM `sm_auth_rule` [ RunTime:0.0130s ]
SQL: SELECT * FROM `sm_auth_rule` WHERE `name` = 'Feedback/Notice/index' AND `status` = 1 ORDER BY `level` desc,`sort` LIMIT 1   [ RunTime:0.0010s ]
SQL: SELECT * FROM `sm_auth_rule` WHERE `id` = 670 LIMIT 1   [ RunTime:0.0010s ]
SQL: SELECT * FROM `sm_auth_rule` WHERE `status` = 1 AND `pid` = 670 ORDER BY `sort`  [ RunTime:0.0010s ]
SQL: SHOW COLUMNS FROM `sm_notice` [ RunTime:0.0110s ]
SQL: SELECT COUNT(n_id) AS tp_count FROM `sm_notice` AS a LEFT JOIN sm_admin as b ON a.admin_id = b.admin_id  WHERE a.is_del = 2 LIMIT 1   [ RunTime:0.0010s ]
SQL: SELECT a.*,b.admin_realname FROM `sm_notice` AS a LEFT JOIN sm_admin as b ON a.admin_id = b.admin_id  WHERE a.is_del = 2 ORDER BY `addtime` desc LIMIT 0,15   [ RunTime:0.0030s ]
SQL: SHOW COLUMNS FROM `sm_auth_group_access` [ RunTime:0.0100s ]
SQL: SELECT `group_id` FROM `sm_auth_group_access` WHERE `uid` = 1 LIMIT 1   [ RunTime:0.0010s ]
INFO: [ view_parse ] --START--
INFO: [ template_filter ] --START--
INFO: Run Behavior\ContentReplaceBehavior [ RunTime:0.001000s ]
INFO: [ template_filter ] --END-- [ RunTime:0.001000s ]
NOTIC: [2] Illegal string offset 'start_time' D:\phpStudy\WWW\shiyanshi\data\runtime\Cache\Feedback\bc49e04a20341a398a56abcb7c9de460.php 第 256 行.
NOTIC: [8] Uninitialized string offset: 0 D:\phpStudy\WWW\shiyanshi\data\runtime\Cache\Feedback\bc49e04a20341a398a56abcb7c9de460.php 第 256 行.
NOTIC: [2] Illegal string offset 'end_time' D:\phpStudy\WWW\shiyanshi\data\runtime\Cache\Feedback\bc49e04a20341a398a56abcb7c9de460.php 第 258 行.
NOTIC: [8] Uninitialized string offset: 0 D:\phpStudy\WWW\shiyanshi\data\runtime\Cache\Feedback\bc49e04a20341a398a56abcb7c9de460.php 第 258 行.
NOTIC: [2] Illegal string offset 'title' D:\phpStudy\WWW\shiyanshi\data\runtime\Cache\Feedback\bc49e04a20341a398a56abcb7c9de460.php 第 266 行.
NOTIC: [8] Uninitialized string offset: 0 D:\phpStudy\WWW\shiyanshi\data\runtime\Cache\Feedback\bc49e04a20341a398a56abcb7c9de460.php 第 266 行.
INFO: Run Behavior\ParseTemplateBehavior [ RunTime:0.059004s ]
INFO: [ view_parse ] --END-- [ RunTime:0.059004s ]
INFO: [ view_filter ] --START--
INFO: Run Behavior\WriteHtmlCacheBehavior [ RunTime:0.002000s ]
INFO: [ view_filter ] --END-- [ RunTime:0.002000s ]
INFO: [ app_end ] --START--
INFO: Run Behavior\ShowPageTraceBehavior [ RunTime:0.002000s ]
INFO: [ app_end ] --END-- [ RunTime:0.002000s ]

[ 2017-12-14T16:20:58+08:00 ] 127.0.0.1 /index.php?m=Feedback&c=Notice&a=noticeInfo&id=19&p=1
INFO: [ app_init ] --START--
INFO: Run Behavior\BuildLiteBehavior [ RunTime:0.000000s ]
INFO: [ app_init ] --END-- [ RunTime:0.002000s ]
INFO: [ app_begin ] --START--
INFO: Run Behavior\ReadHtmlCacheBehavior [ RunTime:0.002000s ]
INFO: [ app_begin ] --END-- [ RunTime:0.002000s ]
SQL: SHOW COLUMNS FROM `sm_sysconfig` [ RunTime:0.0330s ]
SQL: SELECT * FROM `sm_sysconfig`  [ RunTime:0.0020s ]
SQL: SHOW COLUMNS FROM `sm_auth_group_access` [ RunTime:0.0200s ]
SQL: SELECT `uid`,`group_id`,`title`,`rules` FROM sm_auth_group_access a INNER JOIN sm_auth_group g on a.group_id=g.id  WHERE ( a.uid='1' )  [ RunTime:0.0010s ]
SQL: SHOW COLUMNS FROM `sm_auth_rule` [ RunTime:0.0190s ]
SQL: SELECT `condition`,`name` FROM `sm_auth_rule` WHERE `id` IN ('1','6','59','151','178','179','180','208','210','231','232','233','234','235','237','238','239','240','211','241','242','243','244','246','247','248','249','209','225','224','226','227','228','229','230','694','701','702','697','705','698','706','699','707','691','708','692','693','670','671','709','672','673') AND `type` = 1  [ RunTime:0.0030s ]
SQL: SHOW COLUMNS FROM `sm_auth_rule` [ RunTime:0.0210s ]
SQL: SELECT * FROM `sm_auth_rule` WHERE `name` = 'Feedback/Notice/noticeInfo' AND `status` = 1 ORDER BY `level` desc,`sort` LIMIT 1   [ RunTime:0.0010s ]
SQL: SELECT * FROM `sm_auth_rule` WHERE `status` = 0 AND `name` = 'Feedback/Notice/noticeInfo' ORDER BY `level` desc,`sort` LIMIT 1   [ RunTime:0.0010s ]
SQL: SELECT * FROM `sm_auth_rule` WHERE `id` = 671 LIMIT 1   [ RunTime:0.0010s ]
SQL: SELECT * FROM `sm_auth_rule` WHERE `name` = 'Feedback/Notice/index' AND `status` = 1 ORDER BY `level` desc,`sort` LIMIT 1   [ RunTime:0.0010s ]
SQL: SELECT * FROM `sm_auth_rule` WHERE `id` = 670 LIMIT 1   [ RunTime:0.0010s ]
SQL: SELECT * FROM `sm_auth_rule` WHERE `status` = 1 AND `pid` = 670 ORDER BY `sort`  [ RunTime:0.0020s ]
SQL: SHOW COLUMNS FROM `sm_notice` [ RunTime:0.0200s ]
SQL: SELECT a.*,b.admin_realname FROM `sm_notice` AS a LEFT JOIN sm_admin as b ON a.admin_id = b.admin_id  WHERE `n_id` = '19' LIMIT 1   [ RunTime:0.0010s ]
INFO: [ view_parse ] --START--
INFO: [ template_filter ] --START--
INFO: Run Behavior\ContentReplaceBehavior [ RunTime:0.001000s ]
INFO: [ template_filter ] --END-- [ RunTime:0.001000s ]
NOTIC: [8] Undefined index: cfg_webname D:\phpStudy\WWW\shiyanshi\data\runtime\Cache\Feedback\02feed77b18d2fba9d94818e32323f34.php 第 6 行.
NOTIC: [8] Undefined index: cfg_webname D:\phpStudy\WWW\shiyanshi\data\runtime\Cache\Feedback\02feed77b18d2fba9d94818e32323f34.php 第 84 行.
NOTIC: [8] Undefined index: cfg_webname D:\phpStudy\WWW\shiyanshi\data\runtime\Cache\Feedback\02feed77b18d2fba9d94818e32323f34.php 第 212 行.
NOTIC: [8] Undefined variable: goodid D:\phpStudy\WWW\shiyanshi\data\runtime\Cache\Feedback\02feed77b18d2fba9d94818e32323f34.php 第 241 行.
NOTIC: [8] Undefined variable: type D:\phpStudy\WWW\shiyanshi\data\runtime\Cache\Feedback\02feed77b18d2fba9d94818e32323f34.php 第 242 行.
NOTIC: [8] Undefined index: cfg_webname D:\phpStudy\WWW\shiyanshi\data\runtime\Cache\Feedback\02feed77b18d2fba9d94818e32323f34.php 第 308 行.
INFO: Run Behavior\ParseTemplateBehavior [ RunTime:0.048003s ]
INFO: [ view_parse ] --END-- [ RunTime:0.048003s ]
INFO: [ view_filter ] --START--
INFO: Run Behavior\WriteHtmlCacheBehavior [ RunTime:0.001000s ]
INFO: [ view_filter ] --END-- [ RunTime:0.001000s ]
INFO: [ app_end ] --START--
INFO: Run Behavior\ShowPageTraceBehavior [ RunTime:0.002000s ]
INFO: [ app_end ] --END-- [ RunTime:0.003000s ]

[ 2017-12-14T16:21:09+08:00 ] 127.0.0.1 /index.php?m=Feedback&c=Notice&a=noticeAlldel
INFO: [ app_init ] --START--
INFO: Run Behavior\BuildLiteBehavior [ RunTime:0.000000s ]
INFO: [ app_init ] --END-- [ RunTime:0.002000s ]
INFO: [ app_begin ] --START--
INFO: Run Behavior\ReadHtmlCacheBehavior [ RunTime:0.002000s ]
INFO: [ app_begin ] --END-- [ RunTime:0.002000s ]
SQL: SHOW COLUMNS FROM `sm_sysconfig` [ RunTime:0.0300s ]
SQL: SELECT * FROM `sm_sysconfig`  [ RunTime:0.0040s ]
SQL: SHOW COLUMNS FROM `sm_auth_group_access` [ RunTime:0.0160s ]
SQL: SELECT `uid`,`group_id`,`title`,`rules` FROM sm_auth_group_access a INNER JOIN sm_auth_group g on a.group_id=g.id  WHERE ( a.uid='1' )  [ RunTime:0.0010s ]
SQL: SHOW COLUMNS FROM `sm_auth_rule` [ RunTime:0.0160s ]
SQL: SELECT `condition`,`name` FROM `sm_auth_rule` WHERE `id` IN ('1','6','59','151','178','179','180','208','210','231','232','233','234','235','237','238','239','240','211','241','242','243','244','246','247','248','249','209','225','224','226','227','228','229','230','694','701','702','697','705','698','706','699','707','691','708','692','693','670','671','709','672','673') AND `type` = 1  [ RunTime:0.0010s ]
SQL: SHOW COLUMNS FROM `sm_auth_rule` [ RunTime:0.0130s ]
SQL: SELECT * FROM `sm_auth_rule` WHERE `name` = 'Feedback/Notice/noticeAlldel' AND `status` = 1 ORDER BY `level` desc,`sort` LIMIT 1   [ RunTime:0.0020s ]
SQL: SELECT * FROM `sm_auth_rule` WHERE `status` = 0 AND `name` = 'Feedback/Notice/noticeAlldel' ORDER BY `level` desc,`sort` LIMIT 1   [ RunTime:0.0020s ]
SQL: SELECT * FROM `sm_auth_rule` WHERE `id` = 670 LIMIT 1   [ RunTime:0.0010s ]
SQL: SELECT * FROM `sm_auth_rule` WHERE `name` = 'Feedback/Notice/index' AND `status` = 1 ORDER BY `level` desc,`sort` LIMIT 1   [ RunTime:0.0020s ]
SQL: SELECT * FROM `sm_auth_rule` WHERE `id` = 670 LIMIT 1   [ RunTime:0.0060s ]
SQL: SELECT * FROM `sm_auth_rule` WHERE `status` = 1 AND `pid` = 670 ORDER BY `sort`  [ RunTime:0.0010s ]
SQL: SHOW COLUMNS FROM `sm_notice` [ RunTime:0.0130s ]
SQL: UPDATE `sm_notice` SET `is_del`='1' WHERE `n_id` IN ('19','17') [ RunTime:0.0010s ]

[ 2017-12-14T16:21:11+08:00 ] 127.0.0.1 /index.php?m=Feedback&c=Notice&a=index&p=
INFO: [ app_init ] --START--
INFO: Run Behavior\BuildLiteBehavior [ RunTime:0.000000s ]
INFO: [ app_init ] --END-- [ RunTime:0.001000s ]
INFO: [ app_begin ] --START--
INFO: Run Behavior\ReadHtmlCacheBehavior [ RunTime:0.002000s ]
INFO: [ app_begin ] --END-- [ RunTime:0.002000s ]
SQL: SHOW COLUMNS FROM `sm_sysconfig` [ RunTime:0.0310s ]
SQL: SELECT * FROM `sm_sysconfig`  [ RunTime:0.0030s ]
SQL: SHOW COLUMNS FROM `sm_auth_group_access` [ RunTime:0.0180s ]
SQL: SELECT `uid`,`group_id`,`title`,`rules` FROM sm_auth_group_access a INNER JOIN sm_auth_group g on a.group_id=g.id  WHERE ( a.uid='1' )  [ RunTime:0.0010s ]
SQL: SHOW COLUMNS FROM `sm_auth_rule` [ RunTime:0.0220s ]
SQL: SELECT `condition`,`name` FROM `sm_auth_rule` WHERE `id` IN ('1','6','59','151','178','179','180','208','210','231','232','233','234','235','237','238','239','240','211','241','242','243','244','246','247','248','249','209','225','224','226','227','228','229','230','694','701','702','697','705','698','706','699','707','691','708','692','693','670','671','709','672','673') AND `type` = 1  [ RunTime:0.0020s ]
SQL: SHOW COLUMNS FROM `sm_auth_rule` [ RunTime:0.0130s ]
SQL: SELECT * FROM `sm_auth_rule` WHERE `name` = 'Feedback/Notice/index' AND `status` = 1 ORDER BY `level` desc,`sort` LIMIT 1   [ RunTime:0.0020s ]
SQL: SELECT * FROM `sm_auth_rule` WHERE `id` = 670 LIMIT 1   [ RunTime:0.0010s ]
SQL: SELECT * FROM `sm_auth_rule` WHERE `status` = 1 AND `pid` = 670 ORDER BY `sort`  [ RunTime:0.0010s ]
SQL: SHOW COLUMNS FROM `sm_notice` [ RunTime:0.0160s ]
SQL: SELECT COUNT(n_id) AS tp_count FROM `sm_notice` AS a LEFT JOIN sm_admin as b ON a.admin_id = b.admin_id  WHERE a.is_del = 2 LIMIT 1   [ RunTime:0.0010s ]
SQL: SELECT a.*,b.admin_realname FROM `sm_notice` AS a LEFT JOIN sm_admin as b ON a.admin_id = b.admin_id  WHERE a.is_del = 2 ORDER BY `addtime` desc LIMIT 0,15   [ RunTime:0.0020s ]
SQL: SHOW COLUMNS FROM `sm_auth_group_access` [ RunTime:0.0120s ]
SQL: SELECT `group_id` FROM `sm_auth_group_access` WHERE `uid` = 1 LIMIT 1   [ RunTime:0.0010s ]
INFO: [ view_parse ] --START--
INFO: [ template_filter ] --START--
INFO: Run Behavior\ContentReplaceBehavior [ RunTime:0.001000s ]
INFO: [ template_filter ] --END-- [ RunTime:0.001000s ]
NOTIC: [2] Illegal string offset 'start_time' D:\phpStudy\WWW\shiyanshi\data\runtime\Cache\Feedback\bc49e04a20341a398a56abcb7c9de460.php 第 256 行.
NOTIC: [8] Uninitialized string offset: 0 D:\phpStudy\WWW\shiyanshi\data\runtime\Cache\Feedback\bc49e04a20341a398a56abcb7c9de460.php 第 256 行.
NOTIC: [2] Illegal string offset 'end_time' D:\phpStudy\WWW\shiyanshi\data\runtime\Cache\Feedback\bc49e04a20341a398a56abcb7c9de460.php 第 258 行.
NOTIC: [8] Uninitialized string offset: 0 D:\phpStudy\WWW\shiyanshi\data\runtime\Cache\Feedback\bc49e04a20341a398a56abcb7c9de460.php 第 258 行.
NOTIC: [2] Illegal string offset 'title' D:\phpStudy\WWW\shiyanshi\data\runtime\Cache\Feedback\bc49e04a20341a398a56abcb7c9de460.php 第 266 行.
NOTIC: [8] Uninitialized string offset: 0 D:\phpStudy\WWW\shiyanshi\data\runtime\Cache\Feedback\bc49e04a20341a398a56abcb7c9de460.php 第 266 行.
INFO: Run Behavior\ParseTemplateBehavior [ RunTime:0.059003s ]
INFO: [ view_parse ] --END-- [ RunTime:0.059003s ]
INFO: [ view_filter ] --START--
INFO: Run Behavior\WriteHtmlCacheBehavior [ RunTime:0.002000s ]
INFO: [ view_filter ] --END-- [ RunTime:0.002000s ]
INFO: [ app_end ] --START--
INFO: Run Behavior\ShowPageTraceBehavior [ RunTime:0.002000s ]
INFO: [ app_end ] --END-- [ RunTime:0.002000s ]

[ 2017-12-14T16:36:44+08:00 ] 127.0.0.1 /index.php?m=Feedback&c=Notice&a=index
INFO: [ app_init ] --START--
INFO: Run Behavior\BuildLiteBehavior [ RunTime:0.000000s ]
INFO: [ app_init ] --END-- [ RunTime:0.001000s ]
INFO: [ app_begin ] --START--
INFO: Run Behavior\ReadHtmlCacheBehavior [ RunTime:0.002000s ]
INFO: [ app_begin ] --END-- [ RunTime:0.002000s ]
SQL: SHOW COLUMNS FROM `sm_sysconfig` [ RunTime:0.0300s ]
SQL: SELECT * FROM `sm_sysconfig`  [ RunTime:0.0030s ]
SQL: SHOW COLUMNS FROM `sm_auth_group_access` [ RunTime:0.0230s ]
SQL: SELECT `uid`,`group_id`,`title`,`rules` FROM sm_auth_group_access a INNER JOIN sm_auth_group g on a.group_id=g.id  WHERE ( a.uid='1' )  [ RunTime:0.0010s ]
SQL: SHOW COLUMNS FROM `sm_auth_rule` [ RunTime:0.0130s ]
SQL: SELECT `condition`,`name` FROM `sm_auth_rule` WHERE `id` IN ('1','6','59','151','178','179','180','208','210','231','232','233','234','235','237','238','239','240','211','241','242','243','244','246','247','248','249','209','225','224','226','227','228','229','230','694','701','702','697','705','698','706','699','707','691','708','692','693','670','671','709','672','673') AND `type` = 1  [ RunTime:0.0020s ]
SQL: SHOW COLUMNS FROM `sm_auth_rule` [ RunTime:0.0130s ]
SQL: SELECT * FROM `sm_auth_rule` WHERE `name` = 'Feedback/Notice/index' AND `status` = 1 ORDER BY `level` desc,`sort` LIMIT 1   [ RunTime:0.0010s ]
SQL: SELECT * FROM `sm_auth_rule` WHERE `id` = 670 LIMIT 1   [ RunTime:0.0010s ]
SQL: SELECT * FROM `sm_auth_rule` WHERE `status` = 1 AND `pid` = 670 ORDER BY `sort`  [ RunTime:0.0010s ]
SQL: SHOW COLUMNS FROM `sm_notice` [ RunTime:0.0110s ]
SQL: SELECT COUNT(n_id) AS tp_count FROM `sm_notice` AS a LEFT JOIN sm_admin as b ON a.admin_id = b.admin_id  WHERE a.is_del = 2 LIMIT 1   [ RunTime:0.0010s ]
SQL: SELECT a.*,b.admin_realname FROM `sm_notice` AS a LEFT JOIN sm_admin as b ON a.admin_id = b.admin_id  WHERE a.is_del = 2 ORDER BY `addtime` desc LIMIT 0,15   [ RunTime:0.0020s ]
SQL: SHOW COLUMNS FROM `sm_auth_group_access` [ RunTime:0.0110s ]
SQL: SELECT `group_id` FROM `sm_auth_group_access` WHERE `uid` = 1 LIMIT 1   [ RunTime:0.0010s ]
INFO: [ view_parse ] --START--
INFO: [ template_filter ] --START--
INFO: Run Behavior\ContentReplaceBehavior [ RunTime:0.001000s ]
INFO: [ template_filter ] --END-- [ RunTime:0.001000s ]
NOTIC: [2] Illegal string offset 'start_time' D:\phpStudy\WWW\shiyanshi\data\runtime\Cache\Feedback\bc49e04a20341a398a56abcb7c9de460.php 第 256 行.
NOTIC: [8] Uninitialized string offset: 0 D:\phpStudy\WWW\shiyanshi\data\runtime\Cache\Feedback\bc49e04a20341a398a56abcb7c9de460.php 第 256 行.
NOTIC: [2] Illegal string offset 'end_time' D:\phpStudy\WWW\shiyanshi\data\runtime\Cache\Feedback\bc49e04a20341a398a56abcb7c9de460.php 第 258 行.
NOTIC: [8] Uninitialized string offset: 0 D:\phpStudy\WWW\shiyanshi\data\runtime\Cache\Feedback\bc49e04a20341a398a56abcb7c9de460.php 第 258 行.
NOTIC: [2] Illegal string offset 'title' D:\phpStudy\WWW\shiyanshi\data\runtime\Cache\Feedback\bc49e04a20341a398a56abcb7c9de460.php 第 266 行.
NOTIC: [8] Uninitialized string offset: 0 D:\phpStudy\WWW\shiyanshi\data\runtime\Cache\Feedback\bc49e04a20341a398a56abcb7c9de460.php 第 266 行.
INFO: Run Behavior\ParseTemplateBehavior [ RunTime:0.056003s ]
INFO: [ view_parse ] --END-- [ RunTime:0.056003s ]
INFO: [ view_filter ] --START--
INFO: Run Behavior\WriteHtmlCacheBehavior [ RunTime:0.002000s ]
INFO: [ view_filter ] --END-- [ RunTime:0.002000s ]
INFO: [ app_end ] --START--
INFO: Run Behavior\ShowPageTraceBehavior [ RunTime:0.003000s ]
INFO: [ app_end ] --END-- [ RunTime:0.003000s ]

