[ 2017-12-12T08:35:54+08:00 ] 127.0.0.1 /index.php?m=Feedback&c=Notice&a=index
INFO: [ app_init ] --START--
INFO: Run Behavior\BuildLiteBehavior [ RunTime:0.000000s ]
INFO: [ app_init ] --END-- [ RunTime:0.002000s ]
INFO: [ app_begin ] --START--
INFO: Run Behavior\ReadHtmlCacheBehavior [ RunTime:0.002000s ]
INFO: [ app_begin ] --END-- [ RunTime:0.002000s ]
SQL: SHOW COLUMNS FROM `sm_sysconfig` [ RunTime:0.0070s ]
SQL: SELECT * FROM `sm_sysconfig`  [ RunTime:0.0020s ]
SQL: SHOW COLUMNS FROM `sm_auth_group_access` [ RunTime:0.0080s ]
SQL: SELECT `uid`,`group_id`,`title`,`rules` FROM sm_auth_group_access a INNER JOIN sm_auth_group g on a.group_id=g.id  WHERE ( a.uid='1' )  [ RunTime:0.0010s ]
SQL: SHOW COLUMNS FROM `sm_auth_rule` [ RunTime:0.0100s ]
SQL: SELECT `condition`,`name` FROM `sm_auth_rule` WHERE `id` IN ('1','2','6','59','151','178','179','180','27','29','37','108','109','110','111','112','113','114','170','355','356','357','358','359','360','362','364','365','366','367','368','369','370','371','372','373','374','375','376','377','38','115','116','117','118','119','120','169','354','208','209','225','224','226','227','228','229','230','210','231','232','233','234','235','237','238','239','240','211','241','242','243','244','246','247','248','249','378','382','383','384','385','391','504','506','514','421','429','430','431','432','428','433','434','435','436','444','445','446','447','448','449','450','451','452','453','454','455','456','457','458','459','460','461','462','463','464','465','466','467','468','469','470','471','472','473','474','475','476','477','478','479','480','481','482','483','484','485','486','487','488','489','490','491','492','493','494','495','496','497','498','559','562','563','564','565','560','570','571','572','573','561','566','567','568','569','574','575','576','577','578','379','380','387','388','389','390','392','381','386','518','579','580','581','582','583','393','397','398','399','400','401','402','396','442','443','403','404','405','406','407','408','409','410','411','412','413','414','415','416','417','418','419','420','544','546','547','548','549','550','545','551','552','553','554','555','422','423','424','425','426','427','437','438','584','585','439','440','441','586','587','499','500','502','503','505','507','508','501','509','510','511','512','513','515','516','522','588','589','523','519','520','521','556','557','558','524','525','532','526','529','530','531','533','527','528','534','535','536','537','538','539','540','541','542','543') AND `type` = 1  [ RunTime:0.0030s ]
SQL: SHOW COLUMNS FROM `sm_auth_rule` [ RunTime:0.0090s ]
SQL: SELECT * FROM `sm_auth_rule` WHERE `name` = 'Feedback/Notice/index' AND `status` = 1 ORDER BY `level` desc,`sort` LIMIT 1   [ RunTime:0.0020s ]
SQL: SELECT * FROM `sm_auth_rule` WHERE `id` = 670 LIMIT 1   [ RunTime:0.0020s ]
SQL: SELECT * FROM `sm_auth_rule` WHERE `status` = 1 AND `pid` = 670 ORDER BY `sort`  [ RunTime:0.0010s ]
SQL: SHOW COLUMNS FROM `sm_notice` [ RunTime:0.0080s ]
SQL: SELECT COUNT(n_id) AS tp_count FROM `sm_notice` AS a LEFT JOIN sm_admin as b ON a.admin_id = b.admin_id  WHERE a.is_del = 2 LIMIT 1   [ RunTime:0.0010s ]
SQL: SELECT a.*,b.admin_realname FROM `sm_notice` AS a LEFT JOIN sm_admin as b ON a.admin_id = b.admin_id  WHERE a.is_del = 2 ORDER BY `addtime` desc LIMIT 0,15   [ RunTime:0.0040s ]
SQL: SHOW COLUMNS FROM `sm_auth_group_access` [ RunTime:0.0080s ]
SQL: SELECT `group_id` FROM `sm_auth_group_access` WHERE `uid` = 1 LIMIT 1   [ RunTime:0.0010s ]
INFO: [ view_parse ] --START--
INFO: [ template_filter ] --START--
INFO: Run Behavior\ContentReplaceBehavior [ RunTime:0.001000s ]
INFO: [ template_filter ] --END-- [ RunTime:0.001000s ]
NOTIC: [2] Illegal string offset 'start_time' D:\phpStudy\WWW\shiyanshi\data\runtime\Cache\Feedback\bc49e04a20341a398a56abcb7c9de460.php 第 242 行.
NOTIC: [8] Uninitialized string offset: 0 D:\phpStudy\WWW\shiyanshi\data\runtime\Cache\Feedback\bc49e04a20341a398a56abcb7c9de460.php 第 242 行.
NOTIC: [2] Illegal string offset 'end_time' D:\phpStudy\WWW\shiyanshi\data\runtime\Cache\Feedback\bc49e04a20341a398a56abcb7c9de460.php 第 244 行.
NOTIC: [8] Uninitialized string offset: 0 D:\phpStudy\WWW\shiyanshi\data\runtime\Cache\Feedback\bc49e04a20341a398a56abcb7c9de460.php 第 244 行.
NOTIC: [2] Illegal string offset 'title' D:\phpStudy\WWW\shiyanshi\data\runtime\Cache\Feedback\bc49e04a20341a398a56abcb7c9de460.php 第 252 行.
NOTIC: [8] Uninitialized string offset: 0 D:\phpStudy\WWW\shiyanshi\data\runtime\Cache\Feedback\bc49e04a20341a398a56abcb7c9de460.php 第 252 行.
INFO: Run Behavior\ParseTemplateBehavior [ RunTime:0.060003s ]
INFO: [ view_parse ] --END-- [ RunTime:0.061003s ]
INFO: [ view_filter ] --START--
INFO: Run Behavior\WriteHtmlCacheBehavior [ RunTime:0.001000s ]
INFO: [ view_filter ] --END-- [ RunTime:0.001000s ]
INFO: [ app_end ] --START--
INFO: Run Behavior\ShowPageTraceBehavior [ RunTime:0.002001s ]
INFO: [ app_end ] --END-- [ RunTime:0.004001s ]

[ 2017-12-12T08:36:02+08:00 ] 127.0.0.1 /index.php?m=Feedback&c=Notice&a=index
INFO: [ app_init ] --START--
INFO: Run Behavior\BuildLiteBehavior [ RunTime:0.000000s ]
INFO: [ app_init ] --END-- [ RunTime:0.002000s ]
INFO: [ app_begin ] --START--
INFO: Run Behavior\ReadHtmlCacheBehavior [ RunTime:0.002000s ]
INFO: [ app_begin ] --END-- [ RunTime:0.002000s ]
SQL: SHOW COLUMNS FROM `sm_sysconfig` [ RunTime:0.0070s ]
SQL: SELECT * FROM `sm_sysconfig`  [ RunTime:0.0020s ]
SQL: SHOW COLUMNS FROM `sm_auth_group_access` [ RunTime:0.0080s ]
SQL: SELECT `uid`,`group_id`,`title`,`rules` FROM sm_auth_group_access a INNER JOIN sm_auth_group g on a.group_id=g.id  WHERE ( a.uid='1' )  [ RunTime:0.0020s ]
SQL: SHOW COLUMNS FROM `sm_auth_rule` [ RunTime:0.0100s ]
SQL: SELECT `condition`,`name` FROM `sm_auth_rule` WHERE `id` IN ('1','2','6','59','151','178','179','180','27','29','37','108','109','110','111','112','113','114','170','355','356','357','358','359','360','362','364','365','366','367','368','369','370','371','372','373','374','375','376','377','38','115','116','117','118','119','120','169','354','208','209','225','224','226','227','228','229','230','210','231','232','233','234','235','237','238','239','240','211','241','242','243','244','246','247','248','249','378','382','383','384','385','391','504','506','514','421','429','430','431','432','428','433','434','435','436','444','445','446','447','448','449','450','451','452','453','454','455','456','457','458','459','460','461','462','463','464','465','466','467','468','469','470','471','472','473','474','475','476','477','478','479','480','481','482','483','484','485','486','487','488','489','490','491','492','493','494','495','496','497','498','559','562','563','564','565','560','570','571','572','573','561','566','567','568','569','574','575','576','577','578','379','380','387','388','389','390','392','381','386','518','579','580','581','582','583','393','397','398','399','400','401','402','396','442','443','403','404','405','406','407','408','409','410','411','412','413','414','415','416','417','418','419','420','544','546','547','548','549','550','545','551','552','553','554','555','422','423','424','425','426','427','437','438','584','585','439','440','441','586','587','499','500','502','503','505','507','508','501','509','510','511','512','513','515','516','522','588','589','523','519','520','521','556','557','558','524','525','532','526','529','530','531','533','527','528','534','535','536','537','538','539','540','541','542','543') AND `type` = 1  [ RunTime:0.0030s ]
SQL: SHOW COLUMNS FROM `sm_auth_rule` [ RunTime:0.0070s ]
SQL: SELECT * FROM `sm_auth_rule` WHERE `name` = 'Feedback/Notice/index' AND `status` = 1 ORDER BY `level` desc,`sort` LIMIT 1   [ RunTime:0.0010s ]
SQL: SELECT * FROM `sm_auth_rule` WHERE `id` = 670 LIMIT 1   [ RunTime:0.0010s ]
SQL: SELECT * FROM `sm_auth_rule` WHERE `status` = 1 AND `pid` = 670 ORDER BY `sort`  [ RunTime:0.0010s ]
SQL: SHOW COLUMNS FROM `sm_notice` [ RunTime:0.0080s ]
SQL: SELECT COUNT(n_id) AS tp_count FROM `sm_notice` AS a LEFT JOIN sm_admin as b ON a.admin_id = b.admin_id  WHERE a.is_del = 2 LIMIT 1   [ RunTime:0.0020s ]
SQL: SELECT a.*,b.admin_realname FROM `sm_notice` AS a LEFT JOIN sm_admin as b ON a.admin_id = b.admin_id  WHERE a.is_del = 2 ORDER BY `addtime` desc LIMIT 0,15   [ RunTime:0.0010s ]
SQL: SHOW COLUMNS FROM `sm_auth_group_access` [ RunTime:0.0040s ]
SQL: SELECT `group_id` FROM `sm_auth_group_access` WHERE `uid` = 1 LIMIT 1   [ RunTime:0.0020s ]
INFO: [ view_parse ] --START--
INFO: [ template_filter ] --START--
INFO: Run Behavior\ContentReplaceBehavior [ RunTime:0.000000s ]
INFO: [ template_filter ] --END-- [ RunTime:0.000000s ]
NOTIC: [2] Illegal string offset 'start_time' D:\phpStudy\WWW\shiyanshi\data\runtime\Cache\Feedback\bc49e04a20341a398a56abcb7c9de460.php 第 242 行.
NOTIC: [8] Uninitialized string offset: 0 D:\phpStudy\WWW\shiyanshi\data\runtime\Cache\Feedback\bc49e04a20341a398a56abcb7c9de460.php 第 242 行.
NOTIC: [2] Illegal string offset 'end_time' D:\phpStudy\WWW\shiyanshi\data\runtime\Cache\Feedback\bc49e04a20341a398a56abcb7c9de460.php 第 244 行.
NOTIC: [8] Uninitialized string offset: 0 D:\phpStudy\WWW\shiyanshi\data\runtime\Cache\Feedback\bc49e04a20341a398a56abcb7c9de460.php 第 244 行.
NOTIC: [2] Illegal string offset 'title' D:\phpStudy\WWW\shiyanshi\data\runtime\Cache\Feedback\bc49e04a20341a398a56abcb7c9de460.php 第 252 行.
NOTIC: [8] Uninitialized string offset: 0 D:\phpStudy\WWW\shiyanshi\data\runtime\Cache\Feedback\bc49e04a20341a398a56abcb7c9de460.php 第 252 行.
INFO: Run Behavior\ParseTemplateBehavior [ RunTime:0.058003s ]
INFO: [ view_parse ] --END-- [ RunTime:0.058003s ]
INFO: [ view_filter ] --START--
INFO: Run Behavior\WriteHtmlCacheBehavior [ RunTime:0.002000s ]
INFO: [ view_filter ] --END-- [ RunTime:0.002000s ]
INFO: [ app_end ] --START--
INFO: Run Behavior\ShowPageTraceBehavior [ RunTime:0.002000s ]
INFO: [ app_end ] --END-- [ RunTime:0.002000s ]

[ 2017-12-12T08:36:04+08:00 ] 127.0.0.1 /index.php?m=Feedback&c=Notice&a=index
INFO: [ app_init ] --START--
INFO: Run Behavior\BuildLiteBehavior [ RunTime:0.000000s ]
INFO: [ app_init ] --END-- [ RunTime:0.002000s ]
INFO: [ app_begin ] --START--
INFO: Run Behavior\ReadHtmlCacheBehavior [ RunTime:0.002000s ]
INFO: [ app_begin ] --END-- [ RunTime:0.002000s ]
SQL: SHOW COLUMNS FROM `sm_sysconfig` [ RunTime:0.0100s ]
SQL: SELECT * FROM `sm_sysconfig`  [ RunTime:0.0020s ]
SQL: SHOW COLUMNS FROM `sm_auth_group_access` [ RunTime:0.0100s ]
SQL: SELECT `uid`,`group_id`,`title`,`rules` FROM sm_auth_group_access a INNER JOIN sm_auth_group g on a.group_id=g.id  WHERE ( a.uid='1' )  [ RunTime:0.0020s ]
SQL: SHOW COLUMNS FROM `sm_auth_rule` [ RunTime:0.0090s ]
SQL: SELECT `condition`,`name` FROM `sm_auth_rule` WHERE `id` IN ('1','2','6','59','151','178','179','180','27','29','37','108','109','110','111','112','113','114','170','355','356','357','358','359','360','362','364','365','366','367','368','369','370','371','372','373','374','375','376','377','38','115','116','117','118','119','120','169','354','208','209','225','224','226','227','228','229','230','210','231','232','233','234','235','237','238','239','240','211','241','242','243','244','246','247','248','249','378','382','383','384','385','391','504','506','514','421','429','430','431','432','428','433','434','435','436','444','445','446','447','448','449','450','451','452','453','454','455','456','457','458','459','460','461','462','463','464','465','466','467','468','469','470','471','472','473','474','475','476','477','478','479','480','481','482','483','484','485','486','487','488','489','490','491','492','493','494','495','496','497','498','559','562','563','564','565','560','570','571','572','573','561','566','567','568','569','574','575','576','577','578','379','380','387','388','389','390','392','381','386','518','579','580','581','582','583','393','397','398','399','400','401','402','396','442','443','403','404','405','406','407','408','409','410','411','412','413','414','415','416','417','418','419','420','544','546','547','548','549','550','545','551','552','553','554','555','422','423','424','425','426','427','437','438','584','585','439','440','441','586','587','499','500','502','503','505','507','508','501','509','510','511','512','513','515','516','522','588','589','523','519','520','521','556','557','558','524','525','532','526','529','530','531','533','527','528','534','535','536','537','538','539','540','541','542','543') AND `type` = 1  [ RunTime:0.0040s ]
SQL: SHOW COLUMNS FROM `sm_auth_rule` [ RunTime:0.0080s ]
SQL: SELECT * FROM `sm_auth_rule` WHERE `name` = 'Feedback/Notice/index' AND `status` = 1 ORDER BY `level` desc,`sort` LIMIT 1   [ RunTime:0.0020s ]
SQL: SELECT * FROM `sm_auth_rule` WHERE `id` = 670 LIMIT 1   [ RunTime:0.0010s ]
SQL: SELECT * FROM `sm_auth_rule` WHERE `status` = 1 AND `pid` = 670 ORDER BY `sort`  [ RunTime:0.0010s ]
SQL: SHOW COLUMNS FROM `sm_notice` [ RunTime:0.0040s ]
SQL: SELECT COUNT(n_id) AS tp_count FROM `sm_notice` AS a LEFT JOIN sm_admin as b ON a.admin_id = b.admin_id  WHERE a.is_del = 2 LIMIT 1   [ RunTime:0.0010s ]
SQL: SELECT a.*,b.admin_realname FROM `sm_notice` AS a LEFT JOIN sm_admin as b ON a.admin_id = b.admin_id  WHERE a.is_del = 2 ORDER BY `addtime` desc LIMIT 0,15   [ RunTime:0.0020s ]
SQL: SHOW COLUMNS FROM `sm_auth_group_access` [ RunTime:0.0050s ]
SQL: SELECT `group_id` FROM `sm_auth_group_access` WHERE `uid` = 1 LIMIT 1   [ RunTime:0.0010s ]
INFO: [ view_parse ] --START--
INFO: [ template_filter ] --START--
INFO: Run Behavior\ContentReplaceBehavior [ RunTime:0.001000s ]
INFO: [ template_filter ] --END-- [ RunTime:0.001000s ]
NOTIC: [2] Illegal string offset 'start_time' D:\phpStudy\WWW\shiyanshi\data\runtime\Cache\Feedback\bc49e04a20341a398a56abcb7c9de460.php 第 242 行.
NOTIC: [8] Uninitialized string offset: 0 D:\phpStudy\WWW\shiyanshi\data\runtime\Cache\Feedback\bc49e04a20341a398a56abcb7c9de460.php 第 242 行.
NOTIC: [2] Illegal string offset 'end_time' D:\phpStudy\WWW\shiyanshi\data\runtime\Cache\Feedback\bc49e04a20341a398a56abcb7c9de460.php 第 244 行.
NOTIC: [8] Uninitialized string offset: 0 D:\phpStudy\WWW\shiyanshi\data\runtime\Cache\Feedback\bc49e04a20341a398a56abcb7c9de460.php 第 244 行.
NOTIC: [2] Illegal string offset 'title' D:\phpStudy\WWW\shiyanshi\data\runtime\Cache\Feedback\bc49e04a20341a398a56abcb7c9de460.php 第 252 行.
NOTIC: [8] Uninitialized string offset: 0 D:\phpStudy\WWW\shiyanshi\data\runtime\Cache\Feedback\bc49e04a20341a398a56abcb7c9de460.php 第 252 行.
INFO: Run Behavior\ParseTemplateBehavior [ RunTime:0.046003s ]
INFO: [ view_parse ] --END-- [ RunTime:0.046003s ]
INFO: [ view_filter ] --START--
INFO: Run Behavior\WriteHtmlCacheBehavior [ RunTime:0.002000s ]
INFO: [ view_filter ] --END-- [ RunTime:0.002000s ]
INFO: [ app_end ] --START--
INFO: Run Behavior\ShowPageTraceBehavior [ RunTime:0.002000s ]
INFO: [ app_end ] --END-- [ RunTime:0.002000s ]

[ 2017-12-12T08:36:21+08:00 ] 127.0.0.1 /index.php?m=Feedback&c=Notice&a=index
INFO: [ app_init ] --START--
INFO: Run Behavior\BuildLiteBehavior [ RunTime:0.000000s ]
INFO: [ app_init ] --END-- [ RunTime:0.001000s ]
INFO: [ app_begin ] --START--
INFO: Run Behavior\ReadHtmlCacheBehavior [ RunTime:0.002001s ]
INFO: [ app_begin ] --END-- [ RunTime:0.002001s ]
SQL: SHOW COLUMNS FROM `sm_sysconfig` [ RunTime:0.0080s ]
SQL: SELECT * FROM `sm_sysconfig`  [ RunTime:0.0030s ]
SQL: SHOW COLUMNS FROM `sm_auth_group_access` [ RunTime:0.0070s ]
SQL: SELECT `uid`,`group_id`,`title`,`rules` FROM sm_auth_group_access a INNER JOIN sm_auth_group g on a.group_id=g.id  WHERE ( a.uid='1' )  [ RunTime:0.0010s ]
SQL: SHOW COLUMNS FROM `sm_auth_rule` [ RunTime:0.0090s ]
SQL: SELECT `condition`,`name` FROM `sm_auth_rule` WHERE `id` IN ('1','2','6','59','151','178','179','180','27','29','37','108','109','110','111','112','113','114','170','355','356','357','358','359','360','362','364','365','366','367','368','369','370','371','372','373','374','375','376','377','38','115','116','117','118','119','120','169','354','208','209','225','224','226','227','228','229','230','210','231','232','233','234','235','237','238','239','240','211','241','242','243','244','246','247','248','249','378','382','383','384','385','391','504','506','514','421','429','430','431','432','428','433','434','435','436','444','445','446','447','448','449','450','451','452','453','454','455','456','457','458','459','460','461','462','463','464','465','466','467','468','469','470','471','472','473','474','475','476','477','478','479','480','481','482','483','484','485','486','487','488','489','490','491','492','493','494','495','496','497','498','559','562','563','564','565','560','570','571','572','573','561','566','567','568','569','574','575','576','577','578','379','380','387','388','389','390','392','381','386','518','579','580','581','582','583','393','397','398','399','400','401','402','396','442','443','403','404','405','406','407','408','409','410','411','412','413','414','415','416','417','418','419','420','544','546','547','548','549','550','545','551','552','553','554','555','422','423','424','425','426','427','437','438','584','585','439','440','441','586','587','499','500','502','503','505','507','508','501','509','510','511','512','513','515','516','522','588','589','523','519','520','521','556','557','558','524','525','532','526','529','530','531','533','527','528','534','535','536','537','538','539','540','541','542','543') AND `type` = 1  [ RunTime:0.0030s ]
SQL: SHOW COLUMNS FROM `sm_auth_rule` [ RunTime:0.0090s ]
SQL: SELECT * FROM `sm_auth_rule` WHERE `name` = 'Feedback/Notice/index' AND `status` = 1 ORDER BY `level` desc,`sort` LIMIT 1   [ RunTime:0.0020s ]
SQL: SELECT * FROM `sm_auth_rule` WHERE `id` = 670 LIMIT 1   [ RunTime:0.0010s ]
SQL: SELECT * FROM `sm_auth_rule` WHERE `status` = 1 AND `pid` = 670 ORDER BY `sort`  [ RunTime:0.0010s ]
SQL: SHOW COLUMNS FROM `sm_notice` [ RunTime:0.0050s ]
SQL: SELECT COUNT(n_id) AS tp_count FROM `sm_notice` AS a LEFT JOIN sm_admin as b ON a.admin_id = b.admin_id  WHERE a.is_del = 2 LIMIT 1   [ RunTime:0.0020s ]
SQL: SELECT a.*,b.admin_realname FROM `sm_notice` AS a LEFT JOIN sm_admin as b ON a.admin_id = b.admin_id  WHERE a.is_del = 2 ORDER BY `addtime` desc LIMIT 0,15   [ RunTime:0.0020s ]
SQL: SHOW COLUMNS FROM `sm_auth_group_access` [ RunTime:0.0050s ]
SQL: SELECT `group_id` FROM `sm_auth_group_access` WHERE `uid` = 1 LIMIT 1   [ RunTime:0.0020s ]
INFO: [ view_parse ] --START--
INFO: [ template_filter ] --START--
INFO: Run Behavior\ContentReplaceBehavior [ RunTime:0.000000s ]
INFO: [ template_filter ] --END-- [ RunTime:0.001000s ]
NOTIC: [2] Illegal string offset 'start_time' D:\phpStudy\WWW\shiyanshi\data\runtime\Cache\Feedback\bc49e04a20341a398a56abcb7c9de460.php 第 242 行.
NOTIC: [8] Uninitialized string offset: 0 D:\phpStudy\WWW\shiyanshi\data\runtime\Cache\Feedback\bc49e04a20341a398a56abcb7c9de460.php 第 242 行.
NOTIC: [2] Illegal string offset 'end_time' D:\phpStudy\WWW\shiyanshi\data\runtime\Cache\Feedback\bc49e04a20341a398a56abcb7c9de460.php 第 244 行.
NOTIC: [8] Uninitialized string offset: 0 D:\phpStudy\WWW\shiyanshi\data\runtime\Cache\Feedback\bc49e04a20341a398a56abcb7c9de460.php 第 244 行.
NOTIC: [2] Illegal string offset 'title' D:\phpStudy\WWW\shiyanshi\data\runtime\Cache\Feedback\bc49e04a20341a398a56abcb7c9de460.php 第 252 行.
NOTIC: [8] Uninitialized string offset: 0 D:\phpStudy\WWW\shiyanshi\data\runtime\Cache\Feedback\bc49e04a20341a398a56abcb7c9de460.php 第 252 行.
INFO: Run Behavior\ParseTemplateBehavior [ RunTime:0.051003s ]
INFO: [ view_parse ] --END-- [ RunTime:0.051003s ]
INFO: [ view_filter ] --START--
INFO: Run Behavior\WriteHtmlCacheBehavior [ RunTime:0.001000s ]
INFO: [ view_filter ] --END-- [ RunTime:0.001000s ]
INFO: [ app_end ] --START--
INFO: Run Behavior\ShowPageTraceBehavior [ RunTime:0.002000s ]
INFO: [ app_end ] --END-- [ RunTime:0.003000s ]

[ 2017-12-12T08:36:41+08:00 ] 127.0.0.1 /index.php?m=Feedback&c=Notice&a=index
INFO: [ app_init ] --START--
INFO: Run Behavior\BuildLiteBehavior [ RunTime:0.000000s ]
INFO: [ app_init ] --END-- [ RunTime:0.001000s ]
INFO: [ app_begin ] --START--
INFO: Run Behavior\ReadHtmlCacheBehavior [ RunTime:0.002000s ]
INFO: [ app_begin ] --END-- [ RunTime:0.002000s ]
SQL: SHOW COLUMNS FROM `sm_sysconfig` [ RunTime:0.0070s ]
SQL: SELECT * FROM `sm_sysconfig`  [ RunTime:0.0030s ]
SQL: SHOW COLUMNS FROM `sm_auth_group_access` [ RunTime:0.0060s ]
SQL: SELECT `uid`,`group_id`,`title`,`rules` FROM sm_auth_group_access a INNER JOIN sm_auth_group g on a.group_id=g.id  WHERE ( a.uid='1' )  [ RunTime:0.0010s ]
SQL: SHOW COLUMNS FROM `sm_auth_rule` [ RunTime:0.0100s ]
SQL: SELECT `condition`,`name` FROM `sm_auth_rule` WHERE `id` IN ('') AND `type` = 1  [ RunTime:0.0010s ]
SQL: SHOW COLUMNS FROM `sm_auth_rule` [ RunTime:0.0050s ]
SQL: SELECT * FROM `sm_auth_rule` WHERE `name` = 'Feedback/Notice/index' AND `status` = 1 ORDER BY `level` desc,`sort` LIMIT 1   [ RunTime:0.0030s ]
SQL: SELECT * FROM `sm_auth_rule` WHERE `id` = 670 LIMIT 1   [ RunTime:0.0010s ]
SQL: SELECT * FROM `sm_auth_rule` WHERE `status` = 1 AND `pid` = 670 ORDER BY `sort`  [ RunTime:0.0020s ]
SQL: SHOW COLUMNS FROM `sm_notice` [ RunTime:0.0050s ]
SQL: SELECT COUNT(n_id) AS tp_count FROM `sm_notice` AS a LEFT JOIN sm_admin as b ON a.admin_id = b.admin_id  WHERE a.is_del = 2 LIMIT 1   [ RunTime:0.0010s ]
SQL: SELECT a.*,b.admin_realname FROM `sm_notice` AS a LEFT JOIN sm_admin as b ON a.admin_id = b.admin_id  WHERE a.is_del = 2 ORDER BY `addtime` desc LIMIT 0,15   [ RunTime:0.0030s ]
SQL: SHOW COLUMNS FROM `sm_auth_group_access` [ RunTime:0.0050s ]
SQL: SELECT `group_id` FROM `sm_auth_group_access` WHERE `uid` = 1 LIMIT 1   [ RunTime:0.0010s ]
INFO: [ view_parse ] --START--
INFO: [ template_filter ] --START--
INFO: Run Behavior\ContentReplaceBehavior [ RunTime:0.000000s ]
INFO: [ template_filter ] --END-- [ RunTime:0.000000s ]
NOTIC: [2] Illegal string offset 'start_time' D:\phpStudy\WWW\shiyanshi\data\runtime\Cache\Feedback\bc49e04a20341a398a56abcb7c9de460.php 第 242 行.
NOTIC: [8] Uninitialized string offset: 0 D:\phpStudy\WWW\shiyanshi\data\runtime\Cache\Feedback\bc49e04a20341a398a56abcb7c9de460.php 第 242 行.
NOTIC: [2] Illegal string offset 'end_time' D:\phpStudy\WWW\shiyanshi\data\runtime\Cache\Feedback\bc49e04a20341a398a56abcb7c9de460.php 第 244 行.
NOTIC: [8] Uninitialized string offset: 0 D:\phpStudy\WWW\shiyanshi\data\runtime\Cache\Feedback\bc49e04a20341a398a56abcb7c9de460.php 第 244 行.
NOTIC: [2] Illegal string offset 'title' D:\phpStudy\WWW\shiyanshi\data\runtime\Cache\Feedback\bc49e04a20341a398a56abcb7c9de460.php 第 252 行.
NOTIC: [8] Uninitialized string offset: 0 D:\phpStudy\WWW\shiyanshi\data\runtime\Cache\Feedback\bc49e04a20341a398a56abcb7c9de460.php 第 252 行.
INFO: Run Behavior\ParseTemplateBehavior [ RunTime:0.053003s ]
INFO: [ view_parse ] --END-- [ RunTime:0.053003s ]
INFO: [ view_filter ] --START--
INFO: Run Behavior\WriteHtmlCacheBehavior [ RunTime:0.001000s ]
INFO: [ view_filter ] --END-- [ RunTime:0.001000s ]
INFO: [ app_end ] --START--
INFO: Run Behavior\ShowPageTraceBehavior [ RunTime:0.005000s ]
INFO: [ app_end ] --END-- [ RunTime:0.005000s ]

[ 2017-12-12T08:36:45+08:00 ] 127.0.0.1 /index.php?m=Feedback&c=Notice&a=index
INFO: [ app_init ] --START--
INFO: Run Behavior\BuildLiteBehavior [ RunTime:0.000000s ]
INFO: [ app_init ] --END-- [ RunTime:0.001000s ]
INFO: [ app_begin ] --START--
INFO: Run Behavior\ReadHtmlCacheBehavior [ RunTime:0.002000s ]
INFO: [ app_begin ] --END-- [ RunTime:0.002000s ]
SQL: SHOW COLUMNS FROM `sm_sysconfig` [ RunTime:0.0080s ]
SQL: SELECT * FROM `sm_sysconfig`  [ RunTime:0.0030s ]
SQL: SHOW COLUMNS FROM `sm_auth_group_access` [ RunTime:0.0070s ]
SQL: SELECT `uid`,`group_id`,`title`,`rules` FROM sm_auth_group_access a INNER JOIN sm_auth_group g on a.group_id=g.id  WHERE ( a.uid='1' )  [ RunTime:0.0020s ]
SQL: SHOW COLUMNS FROM `sm_auth_rule` [ RunTime:0.0090s ]
SQL: SELECT `condition`,`name` FROM `sm_auth_rule` WHERE `id` IN ('1','2','6','59','151','178','179','180','27','29','37','108','109','110','111','112','113','114','170','355','356','357','358','359','360','362','364','365','366','367','368','369','370','371','372','373','374','375','376','377','38','115','116','117','118','119','120','169','354','208','209','225','224','226','227','228','229','230','210','231','232','233','234','235','237','238','239','240','211','241','242','243','244','246','247','248','249','378','382','383','384','385','391','504','506','514','421','429','430','431','432','428','433','434','435','436','444','445','446','447','448','449','450','451','452','453','454','455','456','457','458','459','460','461','462','463','464','465','466','467','468','469','470','471','472','473','474','475','476','477','478','479','480','481','482','483','484','485','486','487','488','489','490','491','492','493','494','495','496','497','498','559','562','563','564','565','560','570','571','572','573','561','566','567','568','569','574','575','576','577','578','379','380','387','388','389','390','392','381','386','518','579','580','581','582','583','393','397','398','399','400','401','402','396','442','443','403','404','405','406','407','408','409','410','411','412','413','414','415','416','417','418','419','420','544','546','547','548','549','550','545','551','552','553','554','555','422','423','424','425','426','427','437','438','584','585','439','440','441','586','587','499','500','502','503','505','507','508','501','509','510','511','512','513','515','516','522','588','589','523','519','520','521','556','557','558','524','525','532','526','529','530','531','533','527','528','534','535','536','537','538','539','540','541','542','543') AND `type` = 1  [ RunTime:0.0040s ]
SQL: SHOW COLUMNS FROM `sm_auth_rule` [ RunTime:0.0060s ]
SQL: SELECT * FROM `sm_auth_rule` WHERE `name` = 'Feedback/Notice/index' AND `status` = 1 ORDER BY `level` desc,`sort` LIMIT 1   [ RunTime:0.0020s ]
SQL: SELECT * FROM `sm_auth_rule` WHERE `id` = 670 LIMIT 1   [ RunTime:0.0020s ]
SQL: SELECT * FROM `sm_auth_rule` WHERE `status` = 1 AND `pid` = 670 ORDER BY `sort`  [ RunTime:0.0020s ]
SQL: SHOW COLUMNS FROM `sm_notice` [ RunTime:0.0060s ]
SQL: SELECT COUNT(n_id) AS tp_count FROM `sm_notice` AS a LEFT JOIN sm_admin as b ON a.admin_id = b.admin_id  WHERE a.is_del = 2 LIMIT 1   [ RunTime:0.0010s ]
SQL: SELECT a.*,b.admin_realname FROM `sm_notice` AS a LEFT JOIN sm_admin as b ON a.admin_id = b.admin_id  WHERE a.is_del = 2 ORDER BY `addtime` desc LIMIT 0,15   [ RunTime:0.0010s ]
SQL: SHOW COLUMNS FROM `sm_auth_group_access` [ RunTime:0.0080s ]
SQL: SELECT `group_id` FROM `sm_auth_group_access` WHERE `uid` = 1 LIMIT 1   [ RunTime:0.0020s ]
INFO: [ view_parse ] --START--
INFO: [ template_filter ] --START--
INFO: Run Behavior\ContentReplaceBehavior [ RunTime:0.000000s ]
INFO: [ template_filter ] --END-- [ RunTime:0.001000s ]
NOTIC: [2] Illegal string offset 'start_time' D:\phpStudy\WWW\shiyanshi\data\runtime\Cache\Feedback\bc49e04a20341a398a56abcb7c9de460.php 第 242 行.
NOTIC: [8] Uninitialized string offset: 0 D:\phpStudy\WWW\shiyanshi\data\runtime\Cache\Feedback\bc49e04a20341a398a56abcb7c9de460.php 第 242 行.
NOTIC: [2] Illegal string offset 'end_time' D:\phpStudy\WWW\shiyanshi\data\runtime\Cache\Feedback\bc49e04a20341a398a56abcb7c9de460.php 第 244 行.
NOTIC: [8] Uninitialized string offset: 0 D:\phpStudy\WWW\shiyanshi\data\runtime\Cache\Feedback\bc49e04a20341a398a56abcb7c9de460.php 第 244 行.
NOTIC: [2] Illegal string offset 'title' D:\phpStudy\WWW\shiyanshi\data\runtime\Cache\Feedback\bc49e04a20341a398a56abcb7c9de460.php 第 252 行.
NOTIC: [8] Uninitialized string offset: 0 D:\phpStudy\WWW\shiyanshi\data\runtime\Cache\Feedback\bc49e04a20341a398a56abcb7c9de460.php 第 252 行.
INFO: Run Behavior\ParseTemplateBehavior [ RunTime:0.041002s ]
INFO: [ view_parse ] --END-- [ RunTime:0.041002s ]
INFO: [ view_filter ] --START--
INFO: Run Behavior\WriteHtmlCacheBehavior [ RunTime:0.001000s ]
INFO: [ view_filter ] --END-- [ RunTime:0.001000s ]
INFO: [ app_end ] --START--
INFO: Run Behavior\ShowPageTraceBehavior [ RunTime:0.003000s ]
INFO: [ app_end ] --END-- [ RunTime:0.003000s ]

[ 2017-12-12T08:36:57+08:00 ] 127.0.0.1 /index.php?m=Feedback&c=Notice&a=index
INFO: [ app_init ] --START--
INFO: Run Behavior\BuildLiteBehavior [ RunTime:0.000000s ]
INFO: [ app_init ] --END-- [ RunTime:0.001000s ]
INFO: [ app_begin ] --START--
INFO: Run Behavior\ReadHtmlCacheBehavior [ RunTime:0.002000s ]
INFO: [ app_begin ] --END-- [ RunTime:0.004000s ]
SQL: SHOW COLUMNS FROM `sm_sysconfig` [ RunTime:0.0100s ]
SQL: SELECT * FROM `sm_sysconfig`  [ RunTime:0.0020s ]
SQL: SHOW COLUMNS FROM `sm_auth_group_access` [ RunTime:0.0060s ]
SQL: SELECT `uid`,`group_id`,`title`,`rules` FROM sm_auth_group_access a INNER JOIN sm_auth_group g on a.group_id=g.id  WHERE ( a.uid='1' )  [ RunTime:0.0030s ]
SQL: SHOW COLUMNS FROM `sm_auth_rule` [ RunTime:0.0080s ]
SQL: SELECT `condition`,`name` FROM `sm_auth_rule` WHERE `id` IN ('1','2','6','59','151','178','179','180','27','29','37','108','109','110','111','112','113','114','170','355','356','357','358','359','360','362','364','365','366','367','368','369','370','371','372','373','374','375','376','377','38','115','116','117','118','119','120','169','354','208','209','225','224','226','227','228','229','230','210','231','232','233','234','235','237','238','239','240','211','241','242','243','244','246','247','248','249','378','382','383','384','385','391','504','506','514','421','429','430','431','432','428','433','434','435','436','444','445','446','447','448','449','450','451','452','453','454','455','456','457','458','459','460','461','462','463','464','465','466','467','468','469','470','471','472','473','474','475','476','477','478','479','480','481','482','483','484','485','486','487','488','489','490','491','492','493','494','495','496','497','498','559','562','563','564','565','560','570','571','572','573','561','566','567','568','569','574','575','576','577','578','379','380','387','388','389','390','392','381','386','518','579','580','581','582','583','393','397','398','399','400','401','402','396','442','443','403','404','405','406','407','408','409','410','411','412','413','414','415','416','417','418','419','420','544','546','547','548','549','550','545','551','552','553','554','555','422','423','424','425','426','427','437','438','584','585','439','440','441','586','587','499','500','502','503','505','507','508','501','509','510','511','512','513','515','516','522','588','589','523','519','520','521','556','557','558','524','525','532','526','529','530','531','533','527','528','534','535','536','537','538','539','540','541','542','543') AND `type` = 1  [ RunTime:0.0050s ]
SQL: SHOW COLUMNS FROM `sm_auth_rule` [ RunTime:0.0060s ]
SQL: SELECT * FROM `sm_auth_rule` WHERE `name` = 'Feedback/Notice/index' AND `status` = 1 ORDER BY `level` desc,`sort` LIMIT 1   [ RunTime:0.0010s ]
SQL: SELECT * FROM `sm_auth_rule` WHERE `id` = 670 LIMIT 1   [ RunTime:0.0010s ]
SQL: SELECT * FROM `sm_auth_rule` WHERE `status` = 1 AND `pid` = 670 ORDER BY `sort`  [ RunTime:0.0030s ]
SQL: SHOW COLUMNS FROM `sm_notice` [ RunTime:0.0060s ]
SQL: SELECT COUNT(n_id) AS tp_count FROM `sm_notice` AS a LEFT JOIN sm_admin as b ON a.admin_id = b.admin_id  WHERE a.is_del = 2 LIMIT 1   [ RunTime:0.0020s ]
SQL: SELECT a.*,b.admin_realname FROM `sm_notice` AS a LEFT JOIN sm_admin as b ON a.admin_id = b.admin_id  WHERE a.is_del = 2 ORDER BY `addtime` desc LIMIT 0,15   [ RunTime:0.0060s ]
SQL: SHOW COLUMNS FROM `sm_auth_group_access` [ RunTime:0.0050s ]
SQL: SELECT `group_id` FROM `sm_auth_group_access` WHERE `uid` = 1 LIMIT 1   [ RunTime:0.0010s ]
INFO: [ view_parse ] --START--
INFO: [ template_filter ] --START--
INFO: Run Behavior\ContentReplaceBehavior [ RunTime:0.001000s ]
INFO: [ template_filter ] --END-- [ RunTime:0.001000s ]
NOTIC: [2] Illegal string offset 'start_time' D:\phpStudy\WWW\shiyanshi\data\runtime\Cache\Feedback\bc49e04a20341a398a56abcb7c9de460.php 第 242 行.
NOTIC: [8] Uninitialized string offset: 0 D:\phpStudy\WWW\shiyanshi\data\runtime\Cache\Feedback\bc49e04a20341a398a56abcb7c9de460.php 第 242 行.
NOTIC: [2] Illegal string offset 'end_time' D:\phpStudy\WWW\shiyanshi\data\runtime\Cache\Feedback\bc49e04a20341a398a56abcb7c9de460.php 第 244 行.
NOTIC: [8] Uninitialized string offset: 0 D:\phpStudy\WWW\shiyanshi\data\runtime\Cache\Feedback\bc49e04a20341a398a56abcb7c9de460.php 第 244 行.
NOTIC: [2] Illegal string offset 'title' D:\phpStudy\WWW\shiyanshi\data\runtime\Cache\Feedback\bc49e04a20341a398a56abcb7c9de460.php 第 252 行.
NOTIC: [8] Uninitialized string offset: 0 D:\phpStudy\WWW\shiyanshi\data\runtime\Cache\Feedback\bc49e04a20341a398a56abcb7c9de460.php 第 252 行.
INFO: Run Behavior\ParseTemplateBehavior [ RunTime:0.049002s ]
INFO: [ view_parse ] --END-- [ RunTime:0.049002s ]
INFO: [ view_filter ] --START--
INFO: Run Behavior\WriteHtmlCacheBehavior [ RunTime:0.001001s ]
INFO: [ view_filter ] --END-- [ RunTime:0.001001s ]
INFO: [ app_end ] --START--
INFO: Run Behavior\ShowPageTraceBehavior [ RunTime:0.002000s ]
INFO: [ app_end ] --END-- [ RunTime:0.002000s ]

[ 2017-12-12T09:36:40+08:00 ] 127.0.0.1 /index.php?m=Feedback&c=Notice&a=index
INFO: [ app_init ] --START--
INFO: Run Behavior\BuildLiteBehavior [ RunTime:0.000000s ]
INFO: [ app_init ] --END-- [ RunTime:0.001000s ]
INFO: [ app_begin ] --START--
INFO: Run Behavior\ReadHtmlCacheBehavior [ RunTime:0.002000s ]
INFO: [ app_begin ] --END-- [ RunTime:0.002000s ]
SQL: SHOW COLUMNS FROM `sm_sysconfig` [ RunTime:0.0130s ]
SQL: SELECT * FROM `sm_sysconfig`  [ RunTime:0.0020s ]
SQL: SHOW COLUMNS FROM `sm_auth_group_access` [ RunTime:0.0100s ]
SQL: SELECT `uid`,`group_id`,`title`,`rules` FROM sm_auth_group_access a INNER JOIN sm_auth_group g on a.group_id=g.id  WHERE ( a.uid='1' )  [ RunTime:0.0010s ]
SQL: SHOW COLUMNS FROM `sm_auth_rule` [ RunTime:0.0090s ]
SQL: SELECT `condition`,`name` FROM `sm_auth_rule` WHERE `id` IN ('1','2','6','59','151','178','179','180','27','29','37','108','109','110','111','112','113','114','170','355','356','357','358','359','360','362','364','365','366','367','368','369','370','371','372','373','374','375','376','377','38','115','116','117','118','119','120','169','354','208','209','225','224','226','227','228','229','230','210','231','232','233','234','235','237','238','239','240','211','241','242','243','244','246','247','248','249','378','382','383','384','385','391','504','506','514','421','429','430','431','432','428','433','434','435','436','444','445','446','447','448','449','450','451','452','453','454','455','456','457','458','459','460','461','462','463','464','465','466','467','468','469','470','471','472','473','474','475','476','477','478','479','480','481','482','483','484','485','486','487','488','489','490','491','492','493','494','495','496','497','498','559','562','563','564','565','560','570','571','572','573','561','566','567','568','569','574','575','576','577','578','379','380','387','388','389','390','392','381','386','518','579','580','581','582','583','393','397','398','399','400','401','402','396','442','443','403','404','405','406','407','408','409','410','411','412','413','414','415','416','417','418','419','420','544','546','547','548','549','550','545','551','552','553','554','555','422','423','424','425','426','427','437','438','584','585','439','440','441','586','587','499','500','502','503','505','507','508','501','509','510','511','512','513','515','516','522','588','589','523','519','520','521','556','557','558','524','525','532','526','529','530','531','533','527','528','534','535','536','537','538','539','540','541','542','543') AND `type` = 1  [ RunTime:0.0030s ]
SQL: SHOW COLUMNS FROM `sm_auth_rule` [ RunTime:0.0070s ]
SQL: SELECT * FROM `sm_auth_rule` WHERE `name` = 'Feedback/Notice/index' AND `status` = 1 ORDER BY `level` desc,`sort` LIMIT 1   [ RunTime:0.0020s ]
SQL: SELECT * FROM `sm_auth_rule` WHERE `id` = 670 LIMIT 1   [ RunTime:0.0010s ]
SQL: SELECT * FROM `sm_auth_rule` WHERE `status` = 1 AND `pid` = 670 ORDER BY `sort`  [ RunTime:0.0010s ]
SQL: SHOW COLUMNS FROM `sm_notice` [ RunTime:0.0060s ]
SQL: SELECT COUNT(n_id) AS tp_count FROM `sm_notice` AS a LEFT JOIN sm_admin as b ON a.admin_id = b.admin_id  WHERE a.is_del = 2 LIMIT 1   [ RunTime:0.0010s ]
SQL: SELECT a.*,b.admin_realname FROM `sm_notice` AS a LEFT JOIN sm_admin as b ON a.admin_id = b.admin_id  WHERE a.is_del = 2 ORDER BY `addtime` desc LIMIT 0,15   [ RunTime:0.0030s ]
SQL: SHOW COLUMNS FROM `sm_auth_group_access` [ RunTime:0.0040s ]
SQL: SELECT `group_id` FROM `sm_auth_group_access` WHERE `uid` = 1 LIMIT 1   [ RunTime:0.0020s ]
INFO: [ view_parse ] --START--
INFO: [ template_filter ] --START--
INFO: Run Behavior\ContentReplaceBehavior [ RunTime:0.001000s ]
INFO: [ template_filter ] --END-- [ RunTime:0.001000s ]
NOTIC: [2] Illegal string offset 'start_time' D:\phpStudy\WWW\shiyanshi\data\runtime\Cache\Feedback\bc49e04a20341a398a56abcb7c9de460.php 第 242 行.
NOTIC: [8] Uninitialized string offset: 0 D:\phpStudy\WWW\shiyanshi\data\runtime\Cache\Feedback\bc49e04a20341a398a56abcb7c9de460.php 第 242 行.
NOTIC: [2] Illegal string offset 'end_time' D:\phpStudy\WWW\shiyanshi\data\runtime\Cache\Feedback\bc49e04a20341a398a56abcb7c9de460.php 第 244 行.
NOTIC: [8] Uninitialized string offset: 0 D:\phpStudy\WWW\shiyanshi\data\runtime\Cache\Feedback\bc49e04a20341a398a56abcb7c9de460.php 第 244 行.
NOTIC: [2] Illegal string offset 'title' D:\phpStudy\WWW\shiyanshi\data\runtime\Cache\Feedback\bc49e04a20341a398a56abcb7c9de460.php 第 252 行.
NOTIC: [8] Uninitialized string offset: 0 D:\phpStudy\WWW\shiyanshi\data\runtime\Cache\Feedback\bc49e04a20341a398a56abcb7c9de460.php 第 252 行.
INFO: Run Behavior\ParseTemplateBehavior [ RunTime:0.065003s ]
INFO: [ view_parse ] --END-- [ RunTime:0.065003s ]
INFO: [ view_filter ] --START--
INFO: Run Behavior\WriteHtmlCacheBehavior [ RunTime:0.001000s ]
INFO: [ view_filter ] --END-- [ RunTime:0.001000s ]
INFO: [ app_end ] --START--
INFO: Run Behavior\ShowPageTraceBehavior [ RunTime:0.002000s ]
INFO: [ app_end ] --END-- [ RunTime:0.003001s ]

[ 2017-12-12T10:15:11+08:00 ] 127.0.0.1 /index.php?m=Feedback&c=Notice&a=index
INFO: [ app_init ] --START--
INFO: Run Behavior\BuildLiteBehavior [ RunTime:0.000000s ]
INFO: [ app_init ] --END-- [ RunTime:0.001000s ]
INFO: [ app_begin ] --START--
INFO: Run Behavior\ReadHtmlCacheBehavior [ RunTime:0.002000s ]
INFO: [ app_begin ] --END-- [ RunTime:0.002000s ]
SQL: SHOW COLUMNS FROM `sm_sysconfig` [ RunTime:0.0070s ]
SQL: SELECT * FROM `sm_sysconfig`  [ RunTime:0.0030s ]
SQL: SHOW COLUMNS FROM `sm_auth_group_access` [ RunTime:0.0080s ]
SQL: SELECT `uid`,`group_id`,`title`,`rules` FROM sm_auth_group_access a INNER JOIN sm_auth_group g on a.group_id=g.id  WHERE ( a.uid='1' )  [ RunTime:0.0030s ]
SQL: SHOW COLUMNS FROM `sm_auth_rule` [ RunTime:0.0080s ]
SQL: SELECT `condition`,`name` FROM `sm_auth_rule` WHERE `id` IN ('1','2','6','59','151','178','179','180','27','29','37','108','109','110','111','112','113','114','170','355','356','357','358','359','360','362','364','365','366','367','368','369','370','371','372','373','374','375','376','377','38','115','116','117','118','119','120','169','354','208','209','225','224','226','227','228','229','230','210','231','232','233','234','235','237','238','239','240','211','241','242','243','244','246','247','248','249','378','382','383','384','385','391','504','506','514','421','429','430','431','432','428','433','434','435','436','444','445','446','447','448','449','450','451','452','453','454','455','456','457','458','459','460','461','462','463','464','465','466','467','468','469','470','471','472','473','474','475','476','477','478','479','480','481','482','483','484','485','486','487','488','489','490','491','492','493','494','495','496','497','498','559','562','563','564','565','560','570','571','572','573','561','566','567','568','569','574','575','576','577','578','379','380','387','388','389','390','392','381','386','518','579','580','581','582','583','393','397','398','399','400','401','402','396','442','443','403','404','405','406','407','408','409','410','411','412','413','414','415','416','417','418','419','420','544','546','547','548','549','550','545','551','552','553','554','555','422','423','424','425','426','427','437','438','584','585','439','440','441','586','587','499','500','502','503','505','507','508','501','509','510','511','512','513','515','516','522','588','589','523','519','520','521','556','557','558','524','525','532','526','529','530','531','533','527','528','534','535','536','537','538','539','540','541','542','543') AND `type` = 1  [ RunTime:0.0050s ]
SQL: SHOW COLUMNS FROM `sm_auth_rule` [ RunTime:0.0060s ]
SQL: SELECT * FROM `sm_auth_rule` WHERE `name` = 'Feedback/Notice/index' AND `status` = 1 ORDER BY `level` desc,`sort` LIMIT 1   [ RunTime:0.0010s ]
SQL: SELECT * FROM `sm_auth_rule` WHERE `id` = 670 LIMIT 1   [ RunTime:0.0010s ]
SQL: SELECT * FROM `sm_auth_rule` WHERE `status` = 1 AND `pid` = 670 ORDER BY `sort`  [ RunTime:0.0020s ]
SQL: SHOW COLUMNS FROM `sm_notice` [ RunTime:0.0060s ]
SQL: SELECT COUNT(n_id) AS tp_count FROM `sm_notice` AS a LEFT JOIN sm_admin as b ON a.admin_id = b.admin_id  WHERE a.is_del = 2 LIMIT 1   [ RunTime:0.0010s ]
SQL: SELECT a.*,b.admin_realname FROM `sm_notice` AS a LEFT JOIN sm_admin as b ON a.admin_id = b.admin_id  WHERE a.is_del = 2 ORDER BY `addtime` desc LIMIT 0,15   [ RunTime:0.0010s ]
SQL: SHOW COLUMNS FROM `sm_auth_group_access` [ RunTime:0.0080s ]
SQL: SELECT `group_id` FROM `sm_auth_group_access` WHERE `uid` = 1 LIMIT 1   [ RunTime:0.0010s ]
INFO: [ view_parse ] --START--
INFO: [ template_filter ] --START--
INFO: Run Behavior\ContentReplaceBehavior [ RunTime:0.000000s ]
INFO: [ template_filter ] --END-- [ RunTime:0.001000s ]
NOTIC: [2] Illegal string offset 'start_time' D:\phpStudy\WWW\shiyanshi\data\runtime\Cache\Feedback\bc49e04a20341a398a56abcb7c9de460.php 第 242 行.
NOTIC: [8] Uninitialized string offset: 0 D:\phpStudy\WWW\shiyanshi\data\runtime\Cache\Feedback\bc49e04a20341a398a56abcb7c9de460.php 第 242 行.
NOTIC: [2] Illegal string offset 'end_time' D:\phpStudy\WWW\shiyanshi\data\runtime\Cache\Feedback\bc49e04a20341a398a56abcb7c9de460.php 第 244 行.
NOTIC: [8] Uninitialized string offset: 0 D:\phpStudy\WWW\shiyanshi\data\runtime\Cache\Feedback\bc49e04a20341a398a56abcb7c9de460.php 第 244 行.
NOTIC: [2] Illegal string offset 'title' D:\phpStudy\WWW\shiyanshi\data\runtime\Cache\Feedback\bc49e04a20341a398a56abcb7c9de460.php 第 252 行.
NOTIC: [8] Uninitialized string offset: 0 D:\phpStudy\WWW\shiyanshi\data\runtime\Cache\Feedback\bc49e04a20341a398a56abcb7c9de460.php 第 252 行.
INFO: Run Behavior\ParseTemplateBehavior [ RunTime:0.052003s ]
INFO: [ view_parse ] --END-- [ RunTime:0.052003s ]
INFO: [ view_filter ] --START--
INFO: Run Behavior\WriteHtmlCacheBehavior [ RunTime:0.002000s ]
INFO: [ view_filter ] --END-- [ RunTime:0.002000s ]
INFO: [ app_end ] --START--
INFO: Run Behavior\ShowPageTraceBehavior [ RunTime:0.002000s ]
INFO: [ app_end ] --END-- [ RunTime:0.002000s ]

[ 2017-12-12T10:23:15+08:00 ] 127.0.0.1 /index.php?m=Feedback&c=Notice&a=noticeAdd
INFO: [ app_init ] --START--
INFO: Run Behavior\BuildLiteBehavior [ RunTime:0.001000s ]
INFO: [ app_init ] --END-- [ RunTime:0.003000s ]
INFO: [ app_begin ] --START--
INFO: Run Behavior\ReadHtmlCacheBehavior [ RunTime:0.002000s ]
INFO: [ app_begin ] --END-- [ RunTime:0.002000s ]
SQL: SHOW COLUMNS FROM `sm_sysconfig` [ RunTime:0.0080s ]
SQL: SELECT * FROM `sm_sysconfig`  [ RunTime:0.0030s ]
SQL: SHOW COLUMNS FROM `sm_auth_group_access` [ RunTime:0.0100s ]
SQL: SELECT `uid`,`group_id`,`title`,`rules` FROM sm_auth_group_access a INNER JOIN sm_auth_group g on a.group_id=g.id  WHERE ( a.uid='1' )  [ RunTime:0.0020s ]
SQL: SHOW COLUMNS FROM `sm_auth_rule` [ RunTime:0.0090s ]
SQL: SELECT `condition`,`name` FROM `sm_auth_rule` WHERE `id` IN ('1','2','6','59','151','178','179','180','27','29','37','108','109','110','111','112','113','114','170','355','356','357','358','359','360','362','364','365','366','367','368','369','370','371','372','373','374','375','376','377','38','115','116','117','118','119','120','169','354','208','209','225','224','226','227','228','229','230','210','231','232','233','234','235','237','238','239','240','211','241','242','243','244','246','247','248','249','378','382','383','384','385','391','504','506','514','421','429','430','431','432','428','433','434','435','436','444','445','446','447','448','449','450','451','452','453','454','455','456','457','458','459','460','461','462','463','464','465','466','467','468','469','470','471','472','473','474','475','476','477','478','479','480','481','482','483','484','485','486','487','488','489','490','491','492','493','494','495','496','497','498','559','562','563','564','565','560','570','571','572','573','561','566','567','568','569','574','575','576','577','578','379','380','387','388','389','390','392','381','386','518','579','580','581','582','583','393','397','398','399','400','401','402','396','442','443','403','404','405','406','407','408','409','410','411','412','413','414','415','416','417','418','419','420','544','546','547','548','549','550','545','551','552','553','554','555','422','423','424','425','426','427','437','438','584','585','439','440','441','586','587','499','500','502','503','505','507','508','501','509','510','511','512','513','515','516','522','588','589','523','519','520','521','556','557','558','524','525','532','526','529','530','531','533','527','528','534','535','536','537','538','539','540','541','542','543') AND `type` = 1  [ RunTime:0.0040s ]
SQL: SHOW COLUMNS FROM `sm_auth_rule` [ RunTime:0.0090s ]
SQL: SELECT * FROM `sm_auth_rule` WHERE `name` = 'Feedback/Notice/noticeAdd' AND `status` = 1 ORDER BY `level` desc,`sort` LIMIT 1   [ RunTime:0.0020s ]
SQL: SELECT * FROM `sm_auth_rule` WHERE `status` = 0 AND `name` = 'Feedback/Notice/noticeAdd' ORDER BY `level` desc,`sort` LIMIT 1   [ RunTime:0.0010s ]
SQL: SELECT * FROM `sm_auth_rule` WHERE `id` = 670 LIMIT 1   [ RunTime:0.0010s ]
SQL: SELECT * FROM `sm_auth_rule` WHERE `name` = 'Feedback/Notice/index' AND `status` = 1 ORDER BY `level` desc,`sort` LIMIT 1   [ RunTime:0.0010s ]
SQL: SELECT * FROM `sm_auth_rule` WHERE `id` = 670 LIMIT 1   [ RunTime:0.0010s ]
SQL: SELECT * FROM `sm_auth_rule` WHERE `status` = 1 AND `pid` = 670 ORDER BY `sort`  [ RunTime:0.0020s ]
SQL: SHOW COLUMNS FROM `sm_admin` [ RunTime:0.0070s ]
SQL: SELECT `admin_realname` FROM `sm_admin` WHERE `admin_id` = 1 LIMIT 1   [ RunTime:0.0010s ]
INFO: [ view_parse ] --START--
INFO: [ template_filter ] --START--
INFO: Run Behavior\ContentReplaceBehavior [ RunTime:0.001000s ]
INFO: [ template_filter ] --END-- [ RunTime:0.001000s ]
INFO: Run Behavior\ParseTemplateBehavior [ RunTime:0.039003s ]
INFO: [ view_parse ] --END-- [ RunTime:0.039003s ]
INFO: [ view_filter ] --START--
INFO: Run Behavior\WriteHtmlCacheBehavior [ RunTime:0.001000s ]
INFO: [ view_filter ] --END-- [ RunTime:0.001000s ]
INFO: [ app_end ] --START--
INFO: Run Behavior\ShowPageTraceBehavior [ RunTime:0.006000s ]
INFO: [ app_end ] --END-- [ RunTime:0.006000s ]

[ 2017-12-12T10:23:29+08:00 ] 127.0.0.1 /index.php?m=Feedback&c=Notice&a=noticeAdd
INFO: [ app_init ] --START--
INFO: Run Behavior\BuildLiteBehavior [ RunTime:0.000000s ]
INFO: [ app_init ] --END-- [ RunTime:0.001000s ]
INFO: [ app_begin ] --START--
INFO: Run Behavior\ReadHtmlCacheBehavior [ RunTime:0.002000s ]
INFO: [ app_begin ] --END-- [ RunTime:0.002000s ]
SQL: SHOW COLUMNS FROM `sm_sysconfig` [ RunTime:0.0090s ]
SQL: SELECT * FROM `sm_sysconfig`  [ RunTime:0.0030s ]
SQL: SHOW COLUMNS FROM `sm_auth_group_access` [ RunTime:0.0080s ]
SQL: SELECT `uid`,`group_id`,`title`,`rules` FROM sm_auth_group_access a INNER JOIN sm_auth_group g on a.group_id=g.id  WHERE ( a.uid='1' )  [ RunTime:0.0020s ]
SQL: SHOW COLUMNS FROM `sm_auth_rule` [ RunTime:0.0110s ]
SQL: SELECT `condition`,`name` FROM `sm_auth_rule` WHERE `id` IN ('1','2','6','59','151','178','179','180','27','29','37','108','109','110','111','112','113','114','170','355','356','357','358','359','360','362','364','365','366','367','368','369','370','371','372','373','374','375','376','377','38','115','116','117','118','119','120','169','354','208','209','225','224','226','227','228','229','230','210','231','232','233','234','235','237','238','239','240','211','241','242','243','244','246','247','248','249','378','382','383','384','385','391','504','506','514','421','429','430','431','432','428','433','434','435','436','444','445','446','447','448','449','450','451','452','453','454','455','456','457','458','459','460','461','462','463','464','465','466','467','468','469','470','471','472','473','474','475','476','477','478','479','480','481','482','483','484','485','486','487','488','489','490','491','492','493','494','495','496','497','498','559','562','563','564','565','560','570','571','572','573','561','566','567','568','569','574','575','576','577','578','379','380','387','388','389','390','392','381','386','518','579','580','581','582','583','393','397','398','399','400','401','402','396','442','443','403','404','405','406','407','408','409','410','411','412','413','414','415','416','417','418','419','420','544','546','547','548','549','550','545','551','552','553','554','555','422','423','424','425','426','427','437','438','584','585','439','440','441','586','587','499','500','502','503','505','507','508','501','509','510','511','512','513','515','516','522','588','589','523','519','520','521','556','557','558','524','525','532','526','529','530','531','533','527','528','534','535','536','537','538','539','540','541','542','543') AND `type` = 1  [ RunTime:0.0060s ]
SQL: SHOW COLUMNS FROM `sm_auth_rule` [ RunTime:0.0050s ]
SQL: SELECT * FROM `sm_auth_rule` WHERE `name` = 'Feedback/Notice/noticeAdd' AND `status` = 1 ORDER BY `level` desc,`sort` LIMIT 1   [ RunTime:0.0030s ]
SQL: SELECT * FROM `sm_auth_rule` WHERE `status` = 0 AND `name` = 'Feedback/Notice/noticeAdd' ORDER BY `level` desc,`sort` LIMIT 1   [ RunTime:0.0030s ]
SQL: SELECT * FROM `sm_auth_rule` WHERE `id` = 670 LIMIT 1   [ RunTime:0.0010s ]
SQL: SELECT * FROM `sm_auth_rule` WHERE `name` = 'Feedback/Notice/index' AND `status` = 1 ORDER BY `level` desc,`sort` LIMIT 1   [ RunTime:0.0020s ]
SQL: SELECT * FROM `sm_auth_rule` WHERE `id` = 670 LIMIT 1   [ RunTime:0.0020s ]
SQL: SELECT * FROM `sm_auth_rule` WHERE `status` = 1 AND `pid` = 670 ORDER BY `sort`  [ RunTime:0.0020s ]
SQL: SHOW COLUMNS FROM `sm_admin` [ RunTime:0.0070s ]
SQL: SELECT `admin_realname` FROM `sm_admin` WHERE `admin_id` = 1 LIMIT 1   [ RunTime:0.0010s ]
INFO: [ view_parse ] --START--
INFO: [ template_filter ] --START--
INFO: Run Behavior\ContentReplaceBehavior [ RunTime:0.001000s ]
INFO: [ template_filter ] --END-- [ RunTime:0.001000s ]
INFO: Run Behavior\ParseTemplateBehavior [ RunTime:0.047003s ]
INFO: [ view_parse ] --END-- [ RunTime:0.047003s ]
INFO: [ view_filter ] --START--
INFO: Run Behavior\WriteHtmlCacheBehavior [ RunTime:0.001000s ]
INFO: [ view_filter ] --END-- [ RunTime:0.002000s ]
INFO: [ app_end ] --START--
INFO: Run Behavior\ShowPageTraceBehavior [ RunTime:0.001000s ]
INFO: [ app_end ] --END-- [ RunTime:0.002000s ]

[ 2017-12-12T10:24:57+08:00 ] 127.0.0.1 /index.php?m=Feedback&c=Notice&a=index
INFO: [ app_init ] --START--
INFO: Run Behavior\BuildLiteBehavior [ RunTime:0.000000s ]
INFO: [ app_init ] --END-- [ RunTime:0.002000s ]
INFO: [ app_begin ] --START--
INFO: Run Behavior\ReadHtmlCacheBehavior [ RunTime:0.001000s ]
INFO: [ app_begin ] --END-- [ RunTime:0.002000s ]
SQL: SHOW COLUMNS FROM `sm_sysconfig` [ RunTime:0.0070s ]
SQL: SELECT * FROM `sm_sysconfig`  [ RunTime:0.0030s ]
SQL: SHOW COLUMNS FROM `sm_auth_group_access` [ RunTime:0.0070s ]
SQL: SELECT `uid`,`group_id`,`title`,`rules` FROM sm_auth_group_access a INNER JOIN sm_auth_group g on a.group_id=g.id  WHERE ( a.uid='1' )  [ RunTime:0.0010s ]
SQL: SHOW COLUMNS FROM `sm_auth_rule` [ RunTime:0.0110s ]
SQL: SELECT `condition`,`name` FROM `sm_auth_rule` WHERE `id` IN ('1','2','6','59','151','178','179','180','27','29','37','108','109','110','111','112','113','114','170','355','356','357','358','359','360','362','364','365','366','367','368','369','370','371','372','373','374','375','376','377','38','115','116','117','118','119','120','169','354','208','209','225','224','226','227','228','229','230','210','231','232','233','234','235','237','238','239','240','211','241','242','243','244','246','247','248','249','378','382','383','384','385','391','504','506','514','421','429','430','431','432','428','433','434','435','436','444','445','446','447','448','449','450','451','452','453','454','455','456','457','458','459','460','461','462','463','464','465','466','467','468','469','470','471','472','473','474','475','476','477','478','479','480','481','482','483','484','485','486','487','488','489','490','491','492','493','494','495','496','497','498','559','562','563','564','565','560','570','571','572','573','561','566','567','568','569','574','575','576','577','578','379','380','387','388','389','390','392','381','386','518','579','580','581','582','583','393','397','398','399','400','401','402','396','442','443','403','404','405','406','407','408','409','410','411','412','413','414','415','416','417','418','419','420','544','546','547','548','549','550','545','551','552','553','554','555','422','423','424','425','426','427','437','438','584','585','439','440','441','586','587','499','500','502','503','505','507','508','501','509','510','511','512','513','515','516','522','588','589','523','519','520','521','556','557','558','524','525','532','526','529','530','531','533','527','528','534','535','536','537','538','539','540','541','542','543') AND `type` = 1  [ RunTime:0.0050s ]
SQL: SHOW COLUMNS FROM `sm_auth_rule` [ RunTime:0.0060s ]
SQL: SELECT * FROM `sm_auth_rule` WHERE `name` = 'Feedback/Notice/index' AND `status` = 1 ORDER BY `level` desc,`sort` LIMIT 1   [ RunTime:0.0030s ]
SQL: SELECT * FROM `sm_auth_rule` WHERE `id` = 670 LIMIT 1   [ RunTime:0.0020s ]
SQL: SELECT * FROM `sm_auth_rule` WHERE `status` = 1 AND `pid` = 670 ORDER BY `sort`  [ RunTime:0.0030s ]
SQL: SHOW COLUMNS FROM `sm_notice` [ RunTime:0.0080s ]
SQL: SELECT COUNT(n_id) AS tp_count FROM `sm_notice` AS a LEFT JOIN sm_admin as b ON a.admin_id = b.admin_id  WHERE a.is_del = 2 LIMIT 1   [ RunTime:0.0030s ]
SQL: SELECT a.*,b.admin_realname FROM `sm_notice` AS a LEFT JOIN sm_admin as b ON a.admin_id = b.admin_id  WHERE a.is_del = 2 ORDER BY `addtime` desc LIMIT 0,15   [ RunTime:0.0030s ]
SQL: SHOW COLUMNS FROM `sm_auth_group_access` [ RunTime:0.0050s ]
SQL: SELECT `group_id` FROM `sm_auth_group_access` WHERE `uid` = 1 LIMIT 1   [ RunTime:0.0030s ]
INFO: [ view_parse ] --START--
INFO: [ template_filter ] --START--
INFO: Run Behavior\ContentReplaceBehavior [ RunTime:0.001000s ]
INFO: [ template_filter ] --END-- [ RunTime:0.001000s ]
NOTIC: [2] Illegal string offset 'start_time' D:\phpStudy\WWW\shiyanshi\data\runtime\Cache\Feedback\bc49e04a20341a398a56abcb7c9de460.php 第 242 行.
NOTIC: [8] Uninitialized string offset: 0 D:\phpStudy\WWW\shiyanshi\data\runtime\Cache\Feedback\bc49e04a20341a398a56abcb7c9de460.php 第 242 行.
NOTIC: [2] Illegal string offset 'end_time' D:\phpStudy\WWW\shiyanshi\data\runtime\Cache\Feedback\bc49e04a20341a398a56abcb7c9de460.php 第 244 行.
NOTIC: [8] Uninitialized string offset: 0 D:\phpStudy\WWW\shiyanshi\data\runtime\Cache\Feedback\bc49e04a20341a398a56abcb7c9de460.php 第 244 行.
NOTIC: [2] Illegal string offset 'title' D:\phpStudy\WWW\shiyanshi\data\runtime\Cache\Feedback\bc49e04a20341a398a56abcb7c9de460.php 第 252 行.
NOTIC: [8] Uninitialized string offset: 0 D:\phpStudy\WWW\shiyanshi\data\runtime\Cache\Feedback\bc49e04a20341a398a56abcb7c9de460.php 第 252 行.
INFO: Run Behavior\ParseTemplateBehavior [ RunTime:0.076005s ]
INFO: [ view_parse ] --END-- [ RunTime:0.076005s ]
INFO: [ view_filter ] --START--
INFO: Run Behavior\WriteHtmlCacheBehavior [ RunTime:0.002000s ]
INFO: [ view_filter ] --END-- [ RunTime:0.003000s ]
INFO: [ app_end ] --START--
INFO: Run Behavior\ShowPageTraceBehavior [ RunTime:0.003000s ]
INFO: [ app_end ] --END-- [ RunTime:0.004000s ]

[ 2017-12-12T10:28:06+08:00 ] 127.0.0.1 /index.php?m=Feedback&c=Notice&a=index
INFO: [ app_init ] --START--
INFO: Run Behavior\BuildLiteBehavior [ RunTime:0.000000s ]
INFO: [ app_init ] --END-- [ RunTime:0.001001s ]
INFO: [ app_begin ] --START--
INFO: Run Behavior\ReadHtmlCacheBehavior [ RunTime:0.002000s ]
INFO: [ app_begin ] --END-- [ RunTime:0.002000s ]
SQL: SHOW COLUMNS FROM `sm_sysconfig` [ RunTime:0.0080s ]
SQL: SELECT * FROM `sm_sysconfig`  [ RunTime:0.0020s ]
SQL: SHOW COLUMNS FROM `sm_auth_group_access` [ RunTime:0.0060s ]
SQL: SELECT `uid`,`group_id`,`title`,`rules` FROM sm_auth_group_access a INNER JOIN sm_auth_group g on a.group_id=g.id  WHERE ( a.uid='1' )  [ RunTime:0.0010s ]
SQL: SHOW COLUMNS FROM `sm_auth_rule` [ RunTime:0.0040s ]
SQL: SELECT `condition`,`name` FROM `sm_auth_rule` WHERE `id` IN ('1','2','6','59','151','178','179','180','27','29','37','108','109','110','111','112','113','114','170','355','356','357','358','359','360','362','364','365','366','367','368','369','370','371','372','373','374','375','376','377','38','115','116','117','118','119','120','169','354','208','209','225','224','226','227','228','229','230','210','231','232','233','234','235','237','238','239','240','211','241','242','243','244','246','247','248','249','378','382','383','384','385','391','504','506','514','421','429','430','431','432','428','433','434','435','436','444','445','446','447','448','449','450','451','452','453','454','455','456','457','458','459','460','461','462','463','464','465','466','467','468','469','470','471','472','473','474','475','476','477','478','479','480','481','482','483','484','485','486','487','488','489','490','491','492','493','494','495','496','497','498','559','562','563','564','565','560','570','571','572','573','561','566','567','568','569','574','575','576','577','578','379','380','387','388','389','390','392','381','386','518','579','580','581','582','583','393','397','398','399','400','401','402','396','442','443','403','404','405','406','407','408','409','410','411','412','413','414','415','416','417','418','419','420','544','546','547','548','549','550','545','551','552','553','554','555','422','423','424','425','426','427','437','438','584','585','439','440','441','586','587','499','500','502','503','505','507','508','501','509','510','511','512','513','515','516','522','588','589','523','519','520','521','556','557','558','524','525','532','526','529','530','531','533','527','528','534','535','536','537','538','539','540','541','542','543') AND `type` = 1  [ RunTime:0.0040s ]
SQL: SHOW COLUMNS FROM `sm_auth_rule` [ RunTime:0.0040s ]
SQL: SELECT * FROM `sm_auth_rule` WHERE `name` = 'Feedback/Notice/index' AND `status` = 1 ORDER BY `level` desc,`sort` LIMIT 1   [ RunTime:0.0010s ]
SQL: SELECT * FROM `sm_auth_rule` WHERE `id` = 670 LIMIT 1   [ RunTime:0.0010s ]
SQL: SELECT * FROM `sm_auth_rule` WHERE `status` = 1 AND `pid` = 670 ORDER BY `sort`  [ RunTime:0.0020s ]
SQL: SHOW COLUMNS FROM `sm_notice` [ RunTime:0.0060s ]
SQL: SELECT COUNT(n_id) AS tp_count FROM `sm_notice` AS a LEFT JOIN sm_admin as b ON a.admin_id = b.admin_id  WHERE a.is_del = 2 LIMIT 1   [ RunTime:0.0010s ]
SQL: SELECT a.*,b.admin_realname FROM `sm_notice` AS a LEFT JOIN sm_admin as b ON a.admin_id = b.admin_id  WHERE a.is_del = 2 ORDER BY `addtime` desc LIMIT 0,15   [ RunTime:0.0010s ]
SQL: SHOW COLUMNS FROM `sm_auth_group_access` [ RunTime:0.0050s ]
SQL: SELECT `group_id` FROM `sm_auth_group_access` WHERE `uid` = 1 LIMIT 1   [ RunTime:0.0020s ]
INFO: [ view_parse ] --START--
INFO: [ template_filter ] --START--
INFO: Run Behavior\ContentReplaceBehavior [ RunTime:0.001000s ]
INFO: [ template_filter ] --END-- [ RunTime:0.001000s ]
NOTIC: [2] Illegal string offset 'start_time' D:\phpStudy\WWW\shiyanshi\data\runtime\Cache\Feedback\bc49e04a20341a398a56abcb7c9de460.php 第 242 行.
NOTIC: [8] Uninitialized string offset: 0 D:\phpStudy\WWW\shiyanshi\data\runtime\Cache\Feedback\bc49e04a20341a398a56abcb7c9de460.php 第 242 行.
NOTIC: [2] Illegal string offset 'end_time' D:\phpStudy\WWW\shiyanshi\data\runtime\Cache\Feedback\bc49e04a20341a398a56abcb7c9de460.php 第 244 行.
NOTIC: [8] Uninitialized string offset: 0 D:\phpStudy\WWW\shiyanshi\data\runtime\Cache\Feedback\bc49e04a20341a398a56abcb7c9de460.php 第 244 行.
NOTIC: [2] Illegal string offset 'title' D:\phpStudy\WWW\shiyanshi\data\runtime\Cache\Feedback\bc49e04a20341a398a56abcb7c9de460.php 第 252 行.
NOTIC: [8] Uninitialized string offset: 0 D:\phpStudy\WWW\shiyanshi\data\runtime\Cache\Feedback\bc49e04a20341a398a56abcb7c9de460.php 第 252 行.
INFO: Run Behavior\ParseTemplateBehavior [ RunTime:0.049002s ]
INFO: [ view_parse ] --END-- [ RunTime:0.049002s ]
INFO: [ view_filter ] --START--
INFO: Run Behavior\WriteHtmlCacheBehavior [ RunTime:0.001000s ]
INFO: [ view_filter ] --END-- [ RunTime:0.001000s ]
INFO: [ app_end ] --START--
INFO: Run Behavior\ShowPageTraceBehavior [ RunTime:0.002000s ]
INFO: [ app_end ] --END-- [ RunTime:0.002000s ]

[ 2017-12-12T11:15:43+08:00 ] 127.0.0.1 /index.php?m=Feedback&c=Notice&a=index
INFO: [ app_init ] --START--
INFO: Run Behavior\BuildLiteBehavior [ RunTime:0.000000s ]
INFO: [ app_init ] --END-- [ RunTime:0.001000s ]
INFO: [ app_begin ] --START--
INFO: Run Behavior\ReadHtmlCacheBehavior [ RunTime:0.002000s ]
INFO: [ app_begin ] --END-- [ RunTime:0.002000s ]
SQL: SHOW COLUMNS FROM `sm_sysconfig` [ RunTime:0.0070s ]
SQL: SELECT * FROM `sm_sysconfig`  [ RunTime:0.0030s ]
SQL: SHOW COLUMNS FROM `sm_auth_group_access` [ RunTime:0.0070s ]
SQL: SELECT `uid`,`group_id`,`title`,`rules` FROM sm_auth_group_access a INNER JOIN sm_auth_group g on a.group_id=g.id  WHERE ( a.uid='1' )  [ RunTime:0.0020s ]
SQL: SHOW COLUMNS FROM `sm_auth_rule` [ RunTime:0.0100s ]
SQL: SELECT `condition`,`name` FROM `sm_auth_rule` WHERE `id` IN ('1','2','6','59','151','178','179','180','27','29','37','108','109','110','111','112','113','114','170','355','356','357','358','359','360','362','364','365','366','367','368','369','370','371','372','373','374','375','376','377','38','115','116','117','118','119','120','169','354','208','209','225','224','226','227','228','229','230','210','231','232','233','234','235','237','238','239','240','211','241','242','243','244','246','247','248','249','378','382','383','384','385','391','504','506','514','421','429','430','431','432','428','433','434','435','436','444','445','446','447','448','449','450','451','452','453','454','455','456','457','458','459','460','461','462','463','464','465','466','467','468','469','470','471','472','473','474','475','476','477','478','479','480','481','482','483','484','485','486','487','488','489','490','491','492','493','494','495','496','497','498','559','562','563','564','565','560','570','571','572','573','561','566','567','568','569','574','575','576','577','578','379','380','387','388','389','390','392','381','386','518','579','580','581','582','583','393','397','398','399','400','401','402','396','442','443','403','404','405','406','407','408','409','410','411','412','413','414','415','416','417','418','419','420','544','546','547','548','549','550','545','551','552','553','554','555','422','423','424','425','426','427','437','438','584','585','439','440','441','586','587','499','500','502','503','505','507','508','501','509','510','511','512','513','515','516','522','588','589','523','519','520','521','556','557','558','524','525','532','526','529','530','531','533','527','528','534','535','536','537','538','539','540','541','542','543') AND `type` = 1  [ RunTime:0.0060s ]
SQL: SHOW COLUMNS FROM `sm_auth_rule` [ RunTime:0.0070s ]
SQL: SELECT * FROM `sm_auth_rule` WHERE `name` = 'Feedback/Notice/index' AND `status` = 1 ORDER BY `level` desc,`sort` LIMIT 1   [ RunTime:0.0010s ]
SQL: SELECT * FROM `sm_auth_rule` WHERE `id` = 670 LIMIT 1   [ RunTime:0.0010s ]
SQL: SELECT * FROM `sm_auth_rule` WHERE `status` = 1 AND `pid` = 670 ORDER BY `sort`  [ RunTime:0.0010s ]
SQL: SHOW COLUMNS FROM `sm_notice` [ RunTime:0.0080s ]
SQL: SELECT COUNT(n_id) AS tp_count FROM `sm_notice` AS a LEFT JOIN sm_admin as b ON a.admin_id = b.admin_id  WHERE a.is_del = 2 LIMIT 1   [ RunTime:0.0020s ]
SQL: SELECT a.*,b.admin_realname FROM `sm_notice` AS a LEFT JOIN sm_admin as b ON a.admin_id = b.admin_id  WHERE a.is_del = 2 ORDER BY `addtime` desc LIMIT 0,15   [ RunTime:0.0010s ]
SQL: SHOW COLUMNS FROM `sm_auth_group_access` [ RunTime:0.0040s ]
SQL: SELECT `group_id` FROM `sm_auth_group_access` WHERE `uid` = 1 LIMIT 1   [ RunTime:0.0010s ]
INFO: [ view_parse ] --START--
INFO: [ template_filter ] --START--
INFO: Run Behavior\ContentReplaceBehavior [ RunTime:0.000000s ]
INFO: [ template_filter ] --END-- [ RunTime:0.000000s ]
NOTIC: [2] Illegal string offset 'start_time' D:\phpStudy\WWW\shiyanshi\data\runtime\Cache\Feedback\bc49e04a20341a398a56abcb7c9de460.php 第 242 行.
NOTIC: [8] Uninitialized string offset: 0 D:\phpStudy\WWW\shiyanshi\data\runtime\Cache\Feedback\bc49e04a20341a398a56abcb7c9de460.php 第 242 行.
NOTIC: [2] Illegal string offset 'end_time' D:\phpStudy\WWW\shiyanshi\data\runtime\Cache\Feedback\bc49e04a20341a398a56abcb7c9de460.php 第 244 行.
NOTIC: [8] Uninitialized string offset: 0 D:\phpStudy\WWW\shiyanshi\data\runtime\Cache\Feedback\bc49e04a20341a398a56abcb7c9de460.php 第 244 行.
NOTIC: [2] Illegal string offset 'title' D:\phpStudy\WWW\shiyanshi\data\runtime\Cache\Feedback\bc49e04a20341a398a56abcb7c9de460.php 第 252 行.
NOTIC: [8] Uninitialized string offset: 0 D:\phpStudy\WWW\shiyanshi\data\runtime\Cache\Feedback\bc49e04a20341a398a56abcb7c9de460.php 第 252 行.
INFO: Run Behavior\ParseTemplateBehavior [ RunTime:0.058003s ]
INFO: [ view_parse ] --END-- [ RunTime:0.058003s ]
INFO: [ view_filter ] --START--
INFO: Run Behavior\WriteHtmlCacheBehavior [ RunTime:0.001000s ]
INFO: [ view_filter ] --END-- [ RunTime:0.001000s ]
INFO: [ app_end ] --START--
INFO: Run Behavior\ShowPageTraceBehavior [ RunTime:0.002001s ]
INFO: [ app_end ] --END-- [ RunTime:0.002001s ]

[ 2017-12-12T11:15:50+08:00 ] 127.0.0.1 /index.php?m=Feedback&c=Notice&a=index
INFO: [ app_init ] --START--
INFO: Run Behavior\BuildLiteBehavior [ RunTime:0.000000s ]
INFO: [ app_init ] --END-- [ RunTime:0.002001s ]
INFO: [ app_begin ] --START--
INFO: Run Behavior\ReadHtmlCacheBehavior [ RunTime:0.001000s ]
INFO: [ app_begin ] --END-- [ RunTime:0.001000s ]
SQL: SHOW COLUMNS FROM `sm_sysconfig` [ RunTime:0.0120s ]
SQL: SELECT * FROM `sm_sysconfig`  [ RunTime:0.0020s ]
SQL: SHOW COLUMNS FROM `sm_auth_group_access` [ RunTime:0.0100s ]
SQL: SELECT `uid`,`group_id`,`title`,`rules` FROM sm_auth_group_access a INNER JOIN sm_auth_group g on a.group_id=g.id  WHERE ( a.uid='1' )  [ RunTime:0.0020s ]
SQL: SHOW COLUMNS FROM `sm_auth_rule` [ RunTime:0.0050s ]
SQL: SELECT `condition`,`name` FROM `sm_auth_rule` WHERE `id` IN ('1','2','6','59','151','178','179','180','27','29','37','108','109','110','111','112','113','114','170','355','356','357','358','359','360','362','364','365','366','367','368','369','370','371','372','373','374','375','376','377','38','115','116','117','118','119','120','169','354','208','209','225','224','226','227','228','229','230','210','231','232','233','234','235','237','238','239','240','211','241','242','243','244','246','247','248','249','378','382','383','384','385','391','504','506','514','421','429','430','431','432','428','433','434','435','436','444','445','446','447','448','449','450','451','452','453','454','455','456','457','458','459','460','461','462','463','464','465','466','467','468','469','470','471','472','473','474','475','476','477','478','479','480','481','482','483','484','485','486','487','488','489','490','491','492','493','494','495','496','497','498','559','562','563','564','565','560','570','571','572','573','561','566','567','568','569','574','575','576','577','578','379','380','387','388','389','390','392','381','386','518','579','580','581','582','583','393','397','398','399','400','401','402','396','442','443','403','404','405','406','407','408','409','410','411','412','413','414','415','416','417','418','419','420','544','546','547','548','549','550','545','551','552','553','554','555','422','423','424','425','426','427','437','438','584','585','439','440','441','586','587','499','500','502','503','505','507','508','501','509','510','511','512','513','515','516','522','588','589','523','519','520','521','556','557','558','524','525','532','526','529','530','531','533','527','528','534','535','536','537','538','539','540','541','542','543') AND `type` = 1  [ RunTime:0.0050s ]
SQL: SHOW COLUMNS FROM `sm_auth_rule` [ RunTime:0.0050s ]
SQL: SELECT * FROM `sm_auth_rule` WHERE `name` = 'Feedback/Notice/index' AND `status` = 1 ORDER BY `level` desc,`sort` LIMIT 1   [ RunTime:0.0010s ]
SQL: SELECT * FROM `sm_auth_rule` WHERE `id` = 670 LIMIT 1   [ RunTime:0.0020s ]
SQL: SELECT * FROM `sm_auth_rule` WHERE `status` = 1 AND `pid` = 670 ORDER BY `sort`  [ RunTime:0.0020s ]
SQL: SHOW COLUMNS FROM `sm_notice` [ RunTime:0.0060s ]
SQL: SELECT COUNT(n_id) AS tp_count FROM `sm_notice` AS a LEFT JOIN sm_admin as b ON a.admin_id = b.admin_id  WHERE a.is_del = 2 LIMIT 1   [ RunTime:0.0010s ]
SQL: SELECT a.*,b.admin_realname FROM `sm_notice` AS a LEFT JOIN sm_admin as b ON a.admin_id = b.admin_id  WHERE a.is_del = 2 ORDER BY `addtime` desc LIMIT 0,15   [ RunTime:0.0010s ]
SQL: SHOW COLUMNS FROM `sm_auth_group_access` [ RunTime:0.0070s ]
SQL: SELECT `group_id` FROM `sm_auth_group_access` WHERE `uid` = 1 LIMIT 1   [ RunTime:0.0010s ]
INFO: [ view_parse ] --START--
INFO: [ template_filter ] --START--
INFO: Run Behavior\ContentReplaceBehavior [ RunTime:0.001000s ]
INFO: [ template_filter ] --END-- [ RunTime:0.001000s ]
NOTIC: [2] Illegal string offset 'start_time' D:\phpStudy\WWW\shiyanshi\data\runtime\Cache\Feedback\bc49e04a20341a398a56abcb7c9de460.php 第 242 行.
NOTIC: [8] Uninitialized string offset: 0 D:\phpStudy\WWW\shiyanshi\data\runtime\Cache\Feedback\bc49e04a20341a398a56abcb7c9de460.php 第 242 行.
NOTIC: [2] Illegal string offset 'end_time' D:\phpStudy\WWW\shiyanshi\data\runtime\Cache\Feedback\bc49e04a20341a398a56abcb7c9de460.php 第 244 行.
NOTIC: [8] Uninitialized string offset: 0 D:\phpStudy\WWW\shiyanshi\data\runtime\Cache\Feedback\bc49e04a20341a398a56abcb7c9de460.php 第 244 行.
NOTIC: [2] Illegal string offset 'title' D:\phpStudy\WWW\shiyanshi\data\runtime\Cache\Feedback\bc49e04a20341a398a56abcb7c9de460.php 第 252 行.
NOTIC: [8] Uninitialized string offset: 0 D:\phpStudy\WWW\shiyanshi\data\runtime\Cache\Feedback\bc49e04a20341a398a56abcb7c9de460.php 第 252 行.
INFO: Run Behavior\ParseTemplateBehavior [ RunTime:0.060003s ]
INFO: [ view_parse ] --END-- [ RunTime:0.060003s ]
INFO: [ view_filter ] --START--
INFO: Run Behavior\WriteHtmlCacheBehavior [ RunTime:0.001000s ]
INFO: [ view_filter ] --END-- [ RunTime:0.002000s ]
INFO: [ app_end ] --START--
INFO: Run Behavior\ShowPageTraceBehavior [ RunTime:0.003000s ]
INFO: [ app_end ] --END-- [ RunTime:0.003000s ]

[ 2017-12-12T11:18:01+08:00 ] 127.0.0.1 /index.php?m=Feedback&c=Notice&a=index
INFO: [ app_init ] --START--
INFO: Run Behavior\BuildLiteBehavior [ RunTime:0.000000s ]
INFO: [ app_init ] --END-- [ RunTime:0.001000s ]
INFO: [ app_begin ] --START--
INFO: Run Behavior\ReadHtmlCacheBehavior [ RunTime:0.002000s ]
INFO: [ app_begin ] --END-- [ RunTime:0.002000s ]
SQL: SHOW COLUMNS FROM `sm_sysconfig` [ RunTime:0.0080s ]
SQL: SELECT * FROM `sm_sysconfig`  [ RunTime:0.0020s ]
SQL: SHOW COLUMNS FROM `sm_auth_group_access` [ RunTime:0.0080s ]
SQL: SELECT `uid`,`group_id`,`title`,`rules` FROM sm_auth_group_access a INNER JOIN sm_auth_group g on a.group_id=g.id  WHERE ( a.uid='1' )  [ RunTime:0.0020s ]
SQL: SHOW COLUMNS FROM `sm_auth_rule` [ RunTime:0.0090s ]
SQL: SELECT `condition`,`name` FROM `sm_auth_rule` WHERE `id` IN ('1','2','6','59','151','178','179','180','27','29','37','108','109','110','111','112','113','114','170','355','356','357','358','359','360','362','364','365','366','367','368','369','370','371','372','373','374','375','376','377','38','115','116','117','118','119','120','169','354','208','209','225','224','226','227','228','229','230','210','231','232','233','234','235','237','238','239','240','211','241','242','243','244','246','247','248','249','378','382','383','384','385','391','504','506','514','421','429','430','431','432','428','433','434','435','436','444','445','446','447','448','449','450','451','452','453','454','455','456','457','458','459','460','461','462','463','464','465','466','467','468','469','470','471','472','473','474','475','476','477','478','479','480','481','482','483','484','485','486','487','488','489','490','491','492','493','494','495','496','497','498','559','562','563','564','565','560','570','571','572','573','561','566','567','568','569','574','575','576','577','578','379','380','387','388','389','390','392','381','386','518','579','580','581','582','583','393','397','398','399','400','401','402','396','442','443','403','404','405','406','407','408','409','410','411','412','413','414','415','416','417','418','419','420','544','546','547','548','549','550','545','551','552','553','554','555','422','423','424','425','426','427','437','438','584','585','439','440','441','586','587','499','500','502','503','505','507','508','501','509','510','511','512','513','515','516','522','588','589','523','519','520','521','556','557','558','524','525','532','526','529','530','531','533','527','528','534','535','536','537','538','539','540','541','542','543') AND `type` = 1  [ RunTime:0.0030s ]
SQL: SHOW COLUMNS FROM `sm_auth_rule` [ RunTime:0.0070s ]
SQL: SELECT * FROM `sm_auth_rule` WHERE `name` = 'Feedback/Notice/index' AND `status` = 1 ORDER BY `level` desc,`sort` LIMIT 1   [ RunTime:0.0020s ]
SQL: SELECT * FROM `sm_auth_rule` WHERE `id` = 670 LIMIT 1   [ RunTime:0.0020s ]
SQL: SELECT * FROM `sm_auth_rule` WHERE `status` = 1 AND `pid` = 670 ORDER BY `sort`  [ RunTime:0.0020s ]
SQL: SHOW COLUMNS FROM `sm_notice` [ RunTime:0.0070s ]
SQL: SELECT COUNT(n_id) AS tp_count FROM `sm_notice` AS a LEFT JOIN sm_admin as b ON a.admin_id = b.admin_id  WHERE a.is_del = 2 LIMIT 1   [ RunTime:0.0020s ]
SQL: SELECT a.*,b.admin_realname FROM `sm_notice` AS a LEFT JOIN sm_admin as b ON a.admin_id = b.admin_id  WHERE a.is_del = 2 ORDER BY `addtime` desc LIMIT 0,15   [ RunTime:0.0020s ]
SQL: SHOW COLUMNS FROM `sm_auth_group_access` [ RunTime:0.0060s ]
SQL: SELECT `group_id` FROM `sm_auth_group_access` WHERE `uid` = 1 LIMIT 1   [ RunTime:0.0020s ]
INFO: [ view_parse ] --START--
INFO: [ template_filter ] --START--
INFO: Run Behavior\ContentReplaceBehavior [ RunTime:0.000000s ]
INFO: [ template_filter ] --END-- [ RunTime:0.000000s ]
NOTIC: [2] Illegal string offset 'start_time' D:\phpStudy\WWW\shiyanshi\data\runtime\Cache\Feedback\bc49e04a20341a398a56abcb7c9de460.php 第 242 行.
NOTIC: [8] Uninitialized string offset: 0 D:\phpStudy\WWW\shiyanshi\data\runtime\Cache\Feedback\bc49e04a20341a398a56abcb7c9de460.php 第 242 行.
NOTIC: [2] Illegal string offset 'end_time' D:\phpStudy\WWW\shiyanshi\data\runtime\Cache\Feedback\bc49e04a20341a398a56abcb7c9de460.php 第 244 行.
NOTIC: [8] Uninitialized string offset: 0 D:\phpStudy\WWW\shiyanshi\data\runtime\Cache\Feedback\bc49e04a20341a398a56abcb7c9de460.php 第 244 行.
NOTIC: [2] Illegal string offset 'title' D:\phpStudy\WWW\shiyanshi\data\runtime\Cache\Feedback\bc49e04a20341a398a56abcb7c9de460.php 第 252 行.
NOTIC: [8] Uninitialized string offset: 0 D:\phpStudy\WWW\shiyanshi\data\runtime\Cache\Feedback\bc49e04a20341a398a56abcb7c9de460.php 第 252 行.
INFO: Run Behavior\ParseTemplateBehavior [ RunTime:0.060003s ]
INFO: [ view_parse ] --END-- [ RunTime:0.061003s ]
INFO: [ view_filter ] --START--
INFO: Run Behavior\WriteHtmlCacheBehavior [ RunTime:0.001000s ]
INFO: [ view_filter ] --END-- [ RunTime:0.001000s ]
INFO: [ app_end ] --START--
INFO: Run Behavior\ShowPageTraceBehavior [ RunTime:0.004000s ]
INFO: [ app_end ] --END-- [ RunTime:0.004000s ]

[ 2017-12-12T11:20:02+08:00 ] 127.0.0.1 /index.php?m=Feedback&c=Notice&a=index
INFO: [ app_init ] --START--
INFO: Run Behavior\BuildLiteBehavior [ RunTime:0.000000s ]
INFO: [ app_init ] --END-- [ RunTime:0.002000s ]
INFO: [ app_begin ] --START--
INFO: Run Behavior\ReadHtmlCacheBehavior [ RunTime:0.001000s ]
INFO: [ app_begin ] --END-- [ RunTime:0.001000s ]
SQL: SHOW COLUMNS FROM `sm_sysconfig` [ RunTime:0.0110s ]
SQL: SELECT * FROM `sm_sysconfig`  [ RunTime:0.0030s ]
SQL: SHOW COLUMNS FROM `sm_auth_group_access` [ RunTime:0.0100s ]
SQL: SELECT `uid`,`group_id`,`title`,`rules` FROM sm_auth_group_access a INNER JOIN sm_auth_group g on a.group_id=g.id  WHERE ( a.uid='1' )  [ RunTime:0.0010s ]
SQL: SHOW COLUMNS FROM `sm_auth_rule` [ RunTime:0.0090s ]
SQL: SELECT `condition`,`name` FROM `sm_auth_rule` WHERE `id` IN ('1','2','6','59','151','178','179','180','27','29','37','108','109','110','111','112','113','114','170','355','356','357','358','359','360','362','364','365','366','367','368','369','370','371','372','373','374','375','376','377','38','115','116','117','118','119','120','169','354','208','209','225','224','226','227','228','229','230','210','231','232','233','234','235','237','238','239','240','211','241','242','243','244','246','247','248','249','378','382','383','384','385','391','504','506','514','421','429','430','431','432','428','433','434','435','436','444','445','446','447','448','449','450','451','452','453','454','455','456','457','458','459','460','461','462','463','464','465','466','467','468','469','470','471','472','473','474','475','476','477','478','479','480','481','482','483','484','485','486','487','488','489','490','491','492','493','494','495','496','497','498','559','562','563','564','565','560','570','571','572','573','561','566','567','568','569','574','575','576','577','578','379','380','387','388','389','390','392','381','386','518','579','580','581','582','583','393','397','398','399','400','401','402','396','442','443','403','404','405','406','407','408','409','410','411','412','413','414','415','416','417','418','419','420','544','546','547','548','549','550','545','551','552','553','554','555','422','423','424','425','426','427','437','438','584','585','439','440','441','586','587','499','500','502','503','505','507','508','501','509','510','511','512','513','515','516','522','588','589','523','519','520','521','556','557','558','524','525','532','526','529','530','531','533','527','528','534','535','536','537','538','539','540','541','542','543') AND `type` = 1  [ RunTime:0.0050s ]
SQL: SHOW COLUMNS FROM `sm_auth_rule` [ RunTime:0.0100s ]
SQL: SELECT * FROM `sm_auth_rule` WHERE `name` = 'Feedback/Notice/index' AND `status` = 1 ORDER BY `level` desc,`sort` LIMIT 1   [ RunTime:0.0020s ]
SQL: SELECT * FROM `sm_auth_rule` WHERE `id` = 670 LIMIT 1   [ RunTime:0.0010s ]
SQL: SELECT * FROM `sm_auth_rule` WHERE `status` = 1 AND `pid` = 670 ORDER BY `sort`  [ RunTime:0.0020s ]
SQL: SHOW COLUMNS FROM `sm_notice` [ RunTime:0.0070s ]
SQL: SELECT COUNT(n_id) AS tp_count FROM `sm_notice` AS a LEFT JOIN sm_admin as b ON a.admin_id = b.admin_id  WHERE a.is_del = 2 LIMIT 1   [ RunTime:0.0020s ]
SQL: SELECT a.*,b.admin_realname FROM `sm_notice` AS a LEFT JOIN sm_admin as b ON a.admin_id = b.admin_id  WHERE a.is_del = 2 ORDER BY `addtime` desc LIMIT 0,15   [ RunTime:0.0010s ]
SQL: SHOW COLUMNS FROM `sm_auth_group_access` [ RunTime:0.0050s ]
SQL: SELECT `group_id` FROM `sm_auth_group_access` WHERE `uid` = 1 LIMIT 1   [ RunTime:0.0020s ]
INFO: [ view_parse ] --START--
INFO: [ template_filter ] --START--
INFO: Run Behavior\ContentReplaceBehavior [ RunTime:0.001000s ]
INFO: [ template_filter ] --END-- [ RunTime:0.001000s ]
NOTIC: [2] Illegal string offset 'start_time' D:\phpStudy\WWW\shiyanshi\data\runtime\Cache\Feedback\bc49e04a20341a398a56abcb7c9de460.php 第 242 行.
NOTIC: [8] Uninitialized string offset: 0 D:\phpStudy\WWW\shiyanshi\data\runtime\Cache\Feedback\bc49e04a20341a398a56abcb7c9de460.php 第 242 行.
NOTIC: [2] Illegal string offset 'end_time' D:\phpStudy\WWW\shiyanshi\data\runtime\Cache\Feedback\bc49e04a20341a398a56abcb7c9de460.php 第 244 行.
NOTIC: [8] Uninitialized string offset: 0 D:\phpStudy\WWW\shiyanshi\data\runtime\Cache\Feedback\bc49e04a20341a398a56abcb7c9de460.php 第 244 行.
NOTIC: [2] Illegal string offset 'title' D:\phpStudy\WWW\shiyanshi\data\runtime\Cache\Feedback\bc49e04a20341a398a56abcb7c9de460.php 第 252 行.
NOTIC: [8] Uninitialized string offset: 0 D:\phpStudy\WWW\shiyanshi\data\runtime\Cache\Feedback\bc49e04a20341a398a56abcb7c9de460.php 第 252 行.
INFO: Run Behavior\ParseTemplateBehavior [ RunTime:0.054003s ]
INFO: [ view_parse ] --END-- [ RunTime:0.054003s ]
INFO: [ view_filter ] --START--
INFO: Run Behavior\WriteHtmlCacheBehavior [ RunTime:0.001000s ]
INFO: [ view_filter ] --END-- [ RunTime:0.001000s ]
INFO: [ app_end ] --START--
INFO: Run Behavior\ShowPageTraceBehavior [ RunTime:0.002001s ]
INFO: [ app_end ] --END-- [ RunTime:0.002001s ]

[ 2017-12-12T14:07:09+08:00 ] 127.0.0.1 /index.php?m=Feedback&c=Notice&a=index
INFO: [ app_init ] --START--
INFO: Run Behavior\BuildLiteBehavior [ RunTime:0.000000s ]
INFO: [ app_init ] --END-- [ RunTime:0.004000s ]
INFO: [ app_begin ] --START--
INFO: Run Behavior\ReadHtmlCacheBehavior [ RunTime:0.002000s ]
INFO: [ app_begin ] --END-- [ RunTime:0.002000s ]
SQL: SHOW COLUMNS FROM `sm_sysconfig` [ RunTime:0.0090s ]
SQL: SELECT * FROM `sm_sysconfig`  [ RunTime:0.0020s ]
SQL: SHOW COLUMNS FROM `sm_auth_group_access` [ RunTime:0.0080s ]
SQL: SELECT `uid`,`group_id`,`title`,`rules` FROM sm_auth_group_access a INNER JOIN sm_auth_group g on a.group_id=g.id  WHERE ( a.uid='1' )  [ RunTime:0.0010s ]
SQL: SHOW COLUMNS FROM `sm_auth_rule` [ RunTime:0.0090s ]
SQL: SELECT `condition`,`name` FROM `sm_auth_rule` WHERE `id` IN ('1','2','6','59','151','178','179','180','27','29','37','108','109','110','111','112','113','114','170','355','356','357','358','359','360','362','364','365','366','367','368','369','370','371','372','373','374','375','376','377','38','115','116','117','118','119','120','169','354','208','209','225','224','226','227','228','229','230','210','231','232','233','234','235','237','238','239','240','211','241','242','243','244','246','247','248','249','378','382','383','384','385','391','504','506','514','421','429','430','431','432','428','433','434','435','436','444','445','446','447','448','449','450','451','452','453','454','455','456','457','458','459','460','461','462','463','464','465','466','467','468','469','470','471','472','473','474','475','476','477','478','479','480','481','482','483','484','485','486','487','488','489','490','491','492','493','494','495','496','497','498','559','562','563','564','565','560','570','571','572','573','561','566','567','568','569','574','575','576','577','578','379','380','387','388','389','390','392','381','386','518','579','580','581','582','583','393','397','398','399','400','401','402','396','442','443','403','404','405','406','407','408','409','410','411','412','413','414','415','416','417','418','419','420','544','546','547','548','549','550','545','551','552','553','554','555','422','423','424','425','426','427','437','438','584','585','439','440','441','586','587','499','500','502','503','505','507','508','501','509','510','511','512','513','515','516','522','588','589','523','519','520','521','556','557','558','524','525','532','526','529','530','531','533','527','528','534','535','536','537','538','539','540','541','542','543') AND `type` = 1  [ RunTime:0.0020s ]
SQL: SHOW COLUMNS FROM `sm_auth_rule` [ RunTime:0.0090s ]
SQL: SELECT * FROM `sm_auth_rule` WHERE `name` = 'Feedback/Notice/index' AND `status` = 1 ORDER BY `level` desc,`sort` LIMIT 1   [ RunTime:0.0010s ]
SQL: SELECT * FROM `sm_auth_rule` WHERE `id` = 670 LIMIT 1   [ RunTime:0.0020s ]
SQL: SELECT * FROM `sm_auth_rule` WHERE `status` = 1 AND `pid` = 670 ORDER BY `sort`  [ RunTime:0.0010s ]
SQL: SHOW COLUMNS FROM `sm_notice` [ RunTime:0.0080s ]
SQL: SELECT COUNT(n_id) AS tp_count FROM `sm_notice` AS a LEFT JOIN sm_admin as b ON a.admin_id = b.admin_id  WHERE a.is_del = 2 LIMIT 1   [ RunTime:0.0020s ]
SQL: SELECT a.*,b.admin_realname FROM `sm_notice` AS a LEFT JOIN sm_admin as b ON a.admin_id = b.admin_id  WHERE a.is_del = 2 ORDER BY `addtime` desc LIMIT 0,15   [ RunTime:0.0010s ]
SQL: SHOW COLUMNS FROM `sm_auth_group_access` [ RunTime:0.0080s ]
SQL: SELECT `group_id` FROM `sm_auth_group_access` WHERE `uid` = 1 LIMIT 1   [ RunTime:0.0020s ]
INFO: [ view_parse ] --START--
INFO: [ template_filter ] --START--
INFO: Run Behavior\ContentReplaceBehavior [ RunTime:0.001000s ]
INFO: [ template_filter ] --END-- [ RunTime:0.001000s ]
NOTIC: [2] Illegal string offset 'start_time' D:\phpStudy\WWW\shiyanshi\data\runtime\Cache\Feedback\bc49e04a20341a398a56abcb7c9de460.php 第 242 行.
NOTIC: [8] Uninitialized string offset: 0 D:\phpStudy\WWW\shiyanshi\data\runtime\Cache\Feedback\bc49e04a20341a398a56abcb7c9de460.php 第 242 行.
NOTIC: [2] Illegal string offset 'end_time' D:\phpStudy\WWW\shiyanshi\data\runtime\Cache\Feedback\bc49e04a20341a398a56abcb7c9de460.php 第 244 行.
NOTIC: [8] Uninitialized string offset: 0 D:\phpStudy\WWW\shiyanshi\data\runtime\Cache\Feedback\bc49e04a20341a398a56abcb7c9de460.php 第 244 行.
NOTIC: [2] Illegal string offset 'title' D:\phpStudy\WWW\shiyanshi\data\runtime\Cache\Feedback\bc49e04a20341a398a56abcb7c9de460.php 第 252 行.
NOTIC: [8] Uninitialized string offset: 0 D:\phpStudy\WWW\shiyanshi\data\runtime\Cache\Feedback\bc49e04a20341a398a56abcb7c9de460.php 第 252 行.
INFO: Run Behavior\ParseTemplateBehavior [ RunTime:0.058003s ]
INFO: [ view_parse ] --END-- [ RunTime:0.058003s ]
INFO: [ view_filter ] --START--
INFO: Run Behavior\WriteHtmlCacheBehavior [ RunTime:0.002000s ]
INFO: [ view_filter ] --END-- [ RunTime:0.002000s ]
INFO: [ app_end ] --START--
INFO: Run Behavior\ShowPageTraceBehavior [ RunTime:0.002000s ]
INFO: [ app_end ] --END-- [ RunTime:0.002000s ]

[ 2017-12-12T15:34:43+08:00 ] 127.0.0.1 /index.php?m=Feedback&c=Notice&a=index
INFO: [ app_init ] --START--
INFO: Run Behavior\BuildLiteBehavior [ RunTime:0.000000s ]
INFO: [ app_init ] --END-- [ RunTime:0.002001s ]
INFO: [ app_begin ] --START--
INFO: Run Behavior\ReadHtmlCacheBehavior [ RunTime:0.002000s ]
INFO: [ app_begin ] --END-- [ RunTime:0.002000s ]
SQL: SHOW COLUMNS FROM `sm_sysconfig` [ RunTime:0.0280s ]
SQL: SELECT * FROM `sm_sysconfig`  [ RunTime:0.0020s ]
SQL: SHOW COLUMNS FROM `sm_auth_group_access` [ RunTime:0.0160s ]
SQL: SELECT `uid`,`group_id`,`title`,`rules` FROM sm_auth_group_access a INNER JOIN sm_auth_group g on a.group_id=g.id  WHERE ( a.uid='1' )  [ RunTime:0.0010s ]
SQL: SHOW COLUMNS FROM `sm_auth_rule` [ RunTime:0.0150s ]
SQL: SELECT `condition`,`name` FROM `sm_auth_rule` WHERE `id` IN ('1','2','6','59','151','178','179','180','27','29','37','108','109','110','111','112','113','114','170','355','356','357','358','359','360','362','364','365','366','367','368','369','370','371','372','373','374','375','376','377','38','115','116','117','118','119','120','169','354','208','209','225','224','226','227','228','229','230','210','231','232','233','234','235','237','238','239','240','211','241','242','243','244','246','247','248','249','378','382','383','384','385','391','504','506','514','421','429','430','431','432','428','433','434','435','436','444','445','446','447','448','449','450','451','452','453','454','455','456','457','458','459','460','461','462','463','464','465','466','467','468','469','470','471','472','473','474','475','476','477','478','479','480','481','482','483','484','485','486','487','488','489','490','491','492','493','494','495','496','497','498','559','562','563','564','565','560','570','571','572','573','561','566','567','568','569','574','575','576','577','578','379','380','387','388','389','390','392','381','386','518','579','580','581','582','583','393','397','398','399','400','401','402','396','442','443','403','404','405','406','407','408','409','410','411','412','413','414','415','416','417','418','419','420','544','546','547','548','549','550','545','551','552','553','554','555','422','423','424','425','426','427','437','438','584','585','439','440','441','586','587','499','500','502','503','505','507','508','501','509','510','511','512','513','515','516','522','588','589','523','519','520','521','556','557','558','524','525','532','526','529','530','531','533','527','528','534','535','536','537','538','539','540','541','542','543') AND `type` = 1  [ RunTime:0.0030s ]
SQL: SHOW COLUMNS FROM `sm_auth_rule` [ RunTime:0.0120s ]
SQL: SELECT * FROM `sm_auth_rule` WHERE `name` = 'Feedback/Notice/index' AND `status` = 1 ORDER BY `level` desc,`sort` LIMIT 1   [ RunTime:0.0020s ]
SQL: SELECT * FROM `sm_auth_rule` WHERE `id` = 670 LIMIT 1   [ RunTime:0.0010s ]
SQL: SELECT * FROM `sm_auth_rule` WHERE `status` = 1 AND `pid` = 670 ORDER BY `sort`  [ RunTime:0.0020s ]
SQL: SHOW COLUMNS FROM `sm_notice` [ RunTime:0.0100s ]
SQL: SELECT COUNT(n_id) AS tp_count FROM `sm_notice` AS a LEFT JOIN sm_admin as b ON a.admin_id = b.admin_id  WHERE a.is_del = 2 LIMIT 1   [ RunTime:0.0010s ]
SQL: SELECT a.*,b.admin_realname FROM `sm_notice` AS a LEFT JOIN sm_admin as b ON a.admin_id = b.admin_id  WHERE a.is_del = 2 ORDER BY `addtime` desc LIMIT 0,15   [ RunTime:0.0030s ]
SQL: SHOW COLUMNS FROM `sm_auth_group_access` [ RunTime:0.0090s ]
SQL: SELECT `group_id` FROM `sm_auth_group_access` WHERE `uid` = 1 LIMIT 1   [ RunTime:0.0010s ]
INFO: [ view_parse ] --START--
INFO: [ template_filter ] --START--
INFO: Run Behavior\ContentReplaceBehavior [ RunTime:0.002000s ]
INFO: [ template_filter ] --END-- [ RunTime:0.002000s ]
NOTIC: [2] Illegal string offset 'start_time' D:\phpStudy\WWW\shiyanshi\data\runtime\Cache\Feedback\bc49e04a20341a398a56abcb7c9de460.php 第 242 行.
NOTIC: [8] Uninitialized string offset: 0 D:\phpStudy\WWW\shiyanshi\data\runtime\Cache\Feedback\bc49e04a20341a398a56abcb7c9de460.php 第 242 行.
NOTIC: [2] Illegal string offset 'end_time' D:\phpStudy\WWW\shiyanshi\data\runtime\Cache\Feedback\bc49e04a20341a398a56abcb7c9de460.php 第 244 行.
NOTIC: [8] Uninitialized string offset: 0 D:\phpStudy\WWW\shiyanshi\data\runtime\Cache\Feedback\bc49e04a20341a398a56abcb7c9de460.php 第 244 行.
NOTIC: [2] Illegal string offset 'title' D:\phpStudy\WWW\shiyanshi\data\runtime\Cache\Feedback\bc49e04a20341a398a56abcb7c9de460.php 第 252 行.
NOTIC: [8] Uninitialized string offset: 0 D:\phpStudy\WWW\shiyanshi\data\runtime\Cache\Feedback\bc49e04a20341a398a56abcb7c9de460.php 第 252 行.
INFO: Run Behavior\ParseTemplateBehavior [ RunTime:0.068004s ]
INFO: [ view_parse ] --END-- [ RunTime:0.069004s ]
INFO: [ view_filter ] --START--
INFO: Run Behavior\WriteHtmlCacheBehavior [ RunTime:0.001000s ]
INFO: [ view_filter ] --END-- [ RunTime:0.001000s ]
INFO: [ app_end ] --START--
INFO: Run Behavior\ShowPageTraceBehavior [ RunTime:0.002000s ]
INFO: [ app_end ] --END-- [ RunTime:0.002000s ]

