[ 2017-12-21T20:46:44+08:00 ] 127.0.0.1 /index.php?m=Rule&c=Rule&a=admin_rule_list
INFO: [ app_init ] --START--
INFO: Run Behavior\BuildLiteBehavior [ RunTime:0.000000s ]
INFO: [ app_init ] --END-- [ RunTime:0.001000s ]
INFO: [ app_begin ] --START--
INFO: Run Behavior\ReadHtmlCacheBehavior [ RunTime:0.001000s ]
INFO: [ app_begin ] --END-- [ RunTime:0.001000s ]
SQL: SHOW COLUMNS FROM `sm_sysconfig` [ RunTime:0.0070s ]
SQL: SELECT * FROM `sm_sysconfig`  [ RunTime:0.0000s ]
SQL: SHOW COLUMNS FROM `sm_auth_group_access` [ RunTime:0.0050s ]
SQL: SELECT `uid`,`group_id`,`title`,`rules` FROM sm_auth_group_access a INNER JOIN sm_auth_group g on a.group_id=g.id  WHERE ( a.uid='1' )  [ RunTime:0.0010s ]
SQL: SHOW COLUMNS FROM `sm_auth_rule` [ RunTime:0.0070s ]
SQL: SELECT `condition`,`name` FROM `sm_auth_rule` WHERE `id` IN ('1','6','59','151','178','179','180','208','210','231','232','233','234','235','237','238','239','240','211','241','242','243','244','246','247','248','249','209','225','224','226','227','228','229','230','694','701','702','697','705','698','706','699','707','691','708','692','693','670','671','709','672','673') AND `type` = 1  [ RunTime:0.0010s ]
SQL: SHOW COLUMNS FROM `sm_auth_rule` [ RunTime:0.0050s ]
SQL: SELECT * FROM `sm_auth_rule` WHERE `name` = 'Rule/Rule/admin_rule_list' AND `status` = 1 ORDER BY `level` desc,`sort` LIMIT 1   [ RunTime:0.0000s ]
SQL: SELECT * FROM `sm_auth_rule` WHERE `status` = 0 AND `name` = 'Rule/Rule/admin_rule_list' ORDER BY `level` desc,`sort` LIMIT 1   [ RunTime:0.0000s ]
SQL: SELECT * FROM `sm_auth_rule` WHERE `id` = 211 LIMIT 1   [ RunTime:0.0010s ]
SQL: SELECT * FROM `sm_auth_rule` WHERE `name` = 'Rule/Rule/admin_rule_list' AND `status` = 1 ORDER BY `level` desc,`sort` LIMIT 1   [ RunTime:0.0000s ]
SQL: SELECT * FROM `sm_auth_rule` WHERE `status` = 1 AND `pid` = 0 ORDER BY `sort`  [ RunTime:0.0010s ]
SQL: SELECT * FROM `sm_auth_rule` ORDER BY `sort`  [ RunTime:0.0020s ]
INFO: [ view_parse ] --START--
INFO: [ template_filter ] --START--
INFO: Run Behavior\ContentReplaceBehavior [ RunTime:0.000000s ]
INFO: [ template_filter ] --END-- [ RunTime:0.001000s ]
INFO: Run Behavior\ParseTemplateBehavior [ RunTime:0.047003s ]
INFO: [ view_parse ] --END-- [ RunTime:0.047003s ]
INFO: [ view_filter ] --START--
INFO: Run Behavior\WriteHtmlCacheBehavior [ RunTime:0.000000s ]
INFO: [ view_filter ] --END-- [ RunTime:0.000000s ]
INFO: [ app_end ] --START--
INFO: Run Behavior\ShowPageTraceBehavior [ RunTime:0.002000s ]
INFO: [ app_end ] --END-- [ RunTime:0.002000s ]

[ 2017-12-21T20:47:31+08:00 ] 127.0.0.1 /index.php?m=Rule&c=Rule&a=admin_rule_runadd
INFO: [ app_init ] --START--
INFO: Run Behavior\BuildLiteBehavior [ RunTime:0.000000s ]
INFO: [ app_init ] --END-- [ RunTime:0.001000s ]
INFO: [ app_begin ] --START--
INFO: Run Behavior\ReadHtmlCacheBehavior [ RunTime:0.000000s ]
INFO: [ app_begin ] --END-- [ RunTime:0.000000s ]
SQL: SHOW COLUMNS FROM `sm_sysconfig` [ RunTime:0.0040s ]
SQL: SELECT * FROM `sm_sysconfig`  [ RunTime:0.0000s ]
SQL: SHOW COLUMNS FROM `sm_auth_group_access` [ RunTime:0.0050s ]
SQL: SELECT `uid`,`group_id`,`title`,`rules` FROM sm_auth_group_access a INNER JOIN sm_auth_group g on a.group_id=g.id  WHERE ( a.uid='1' )  [ RunTime:0.0000s ]
SQL: SHOW COLUMNS FROM `sm_auth_rule` [ RunTime:0.0040s ]
SQL: SELECT `condition`,`name` FROM `sm_auth_rule` WHERE `id` IN ('1','6','59','151','178','179','180','208','210','231','232','233','234','235','237','238','239','240','211','241','242','243','244','246','247','248','249','209','225','224','226','227','228','229','230','694','701','702','697','705','698','706','699','707','691','708','692','693','670','671','709','672','673') AND `type` = 1  [ RunTime:0.0010s ]
SQL: SHOW COLUMNS FROM `sm_auth_rule` [ RunTime:0.0040s ]
SQL: SELECT * FROM `sm_auth_rule` WHERE `name` = 'Rule/Rule/admin_rule_runadd' AND `status` = 1 ORDER BY `level` desc,`sort` LIMIT 1   [ RunTime:0.0000s ]
SQL: SELECT * FROM `sm_auth_rule` WHERE `status` = 0 AND `name` = 'Rule/Rule/admin_rule_runadd' ORDER BY `level` desc,`sort` LIMIT 1   [ RunTime:0.0010s ]
SQL: SELECT * FROM `sm_auth_rule` WHERE `id` = 211 LIMIT 1   [ RunTime:0.0000s ]
SQL: SELECT * FROM `sm_auth_rule` WHERE `name` = 'Rule/Rule/admin_rule_list' AND `status` = 1 ORDER BY `level` desc,`sort` LIMIT 1   [ RunTime:0.0010s ]
SQL: SELECT * FROM `sm_auth_rule` WHERE `status` = 1 AND `pid` = 0 ORDER BY `sort`  [ RunTime:0.0000s ]
SQL: SELECT `level` FROM `sm_auth_rule` WHERE `id` = 670 LIMIT 1   [ RunTime:0.0010s ]
SQL: INSERT INTO `sm_auth_rule` (`name`,`title`,`status`,`sort`,`addtime`,`pid`,`css`,`level`) VALUES ('Feedback/Notice/smsTest','短信测试','0','50','1513860451','670','','2') [ RunTime:0.0000s ]

[ 2017-12-21T20:47:32+08:00 ] 127.0.0.1 /index.php?m=Rule&c=Rule&a=admin_rule_list
INFO: [ app_init ] --START--
INFO: Run Behavior\BuildLiteBehavior [ RunTime:0.000000s ]
INFO: [ app_init ] --END-- [ RunTime:0.001000s ]
INFO: [ app_begin ] --START--
INFO: Run Behavior\ReadHtmlCacheBehavior [ RunTime:0.001000s ]
INFO: [ app_begin ] --END-- [ RunTime:0.001000s ]
SQL: SHOW COLUMNS FROM `sm_sysconfig` [ RunTime:0.0070s ]
SQL: SELECT * FROM `sm_sysconfig`  [ RunTime:0.0000s ]
SQL: SHOW COLUMNS FROM `sm_auth_group_access` [ RunTime:0.0050s ]
SQL: SELECT `uid`,`group_id`,`title`,`rules` FROM sm_auth_group_access a INNER JOIN sm_auth_group g on a.group_id=g.id  WHERE ( a.uid='1' )  [ RunTime:0.0000s ]
SQL: SHOW COLUMNS FROM `sm_auth_rule` [ RunTime:0.0050s ]
SQL: SELECT `condition`,`name` FROM `sm_auth_rule` WHERE `id` IN ('1','6','59','151','178','179','180','208','210','231','232','233','234','235','237','238','239','240','211','241','242','243','244','246','247','248','249','209','225','224','226','227','228','229','230','694','701','702','697','705','698','706','699','707','691','708','692','693','670','671','709','672','673') AND `type` = 1  [ RunTime:0.0010s ]
SQL: SHOW COLUMNS FROM `sm_auth_rule` [ RunTime:0.0050s ]
SQL: SELECT * FROM `sm_auth_rule` WHERE `status` = 1 ORDER BY `sort`  [ RunTime:0.0000s ]
SQL: SELECT * FROM `sm_auth_rule` WHERE `name` = 'Rule/Rule/admin_rule_list' AND `status` = 1 ORDER BY `level` desc,`sort` LIMIT 1   [ RunTime:0.0010s ]
SQL: SELECT * FROM `sm_auth_rule` WHERE `status` = 0 AND `name` = 'Rule/Rule/admin_rule_list' ORDER BY `level` desc,`sort` LIMIT 1   [ RunTime:0.0010s ]
SQL: SELECT * FROM `sm_auth_rule` WHERE `id` = 211 LIMIT 1   [ RunTime:0.0000s ]
SQL: SELECT * FROM `sm_auth_rule` WHERE `name` = 'Rule/Rule/admin_rule_list' AND `status` = 1 ORDER BY `level` desc,`sort` LIMIT 1   [ RunTime:0.0010s ]
SQL: SELECT * FROM `sm_auth_rule` WHERE `status` = 1 AND `pid` = 0 ORDER BY `sort`  [ RunTime:0.0010s ]
SQL: SELECT * FROM `sm_auth_rule` ORDER BY `sort`  [ RunTime:0.0010s ]
INFO: [ view_parse ] --START--
INFO: [ template_filter ] --START--
INFO: Run Behavior\ContentReplaceBehavior [ RunTime:0.000000s ]
INFO: [ template_filter ] --END-- [ RunTime:0.000000s ]
INFO: Run Behavior\ParseTemplateBehavior [ RunTime:0.036002s ]
INFO: [ view_parse ] --END-- [ RunTime:0.036002s ]
INFO: [ view_filter ] --START--
INFO: Run Behavior\WriteHtmlCacheBehavior [ RunTime:0.001000s ]
INFO: [ view_filter ] --END-- [ RunTime:0.001000s ]
INFO: [ app_end ] --START--
INFO: Run Behavior\ShowPageTraceBehavior [ RunTime:0.001000s ]
INFO: [ app_end ] --END-- [ RunTime:0.001000s ]

[ 2017-12-21T20:47:54+08:00 ] 127.0.0.1 /index.php?m=Rule&c=Rule&a=admin_rule_state
INFO: [ app_init ] --START--
INFO: Run Behavior\BuildLiteBehavior [ RunTime:0.000000s ]
INFO: [ app_init ] --END-- [ RunTime:0.000000s ]
INFO: [ app_begin ] --START--
INFO: Run Behavior\ReadHtmlCacheBehavior [ RunTime:0.001000s ]
INFO: [ app_begin ] --END-- [ RunTime:0.001000s ]
SQL: SHOW COLUMNS FROM `sm_sysconfig` [ RunTime:0.0040s ]
SQL: SELECT * FROM `sm_sysconfig`  [ RunTime:0.0000s ]
SQL: SHOW COLUMNS FROM `sm_auth_group_access` [ RunTime:0.0050s ]
SQL: SELECT `uid`,`group_id`,`title`,`rules` FROM sm_auth_group_access a INNER JOIN sm_auth_group g on a.group_id=g.id  WHERE ( a.uid='1' )  [ RunTime:0.0000s ]
SQL: SHOW COLUMNS FROM `sm_auth_rule` [ RunTime:0.0050s ]
SQL: SELECT `condition`,`name` FROM `sm_auth_rule` WHERE `id` IN ('1','6','59','151','178','179','180','208','210','231','232','233','234','235','237','238','239','240','211','241','242','243','244','246','247','248','249','209','225','224','226','227','228','229','230','694','701','702','697','705','698','706','699','707','691','708','692','693','670','671','709','672','673') AND `type` = 1  [ RunTime:0.0010s ]
SQL: SHOW COLUMNS FROM `sm_auth_rule` [ RunTime:0.0050s ]
SQL: SELECT * FROM `sm_auth_rule` WHERE `name` = 'Rule/Rule/admin_rule_state' AND `status` = 1 ORDER BY `level` desc,`sort` LIMIT 1   [ RunTime:0.0010s ]
SQL: SELECT * FROM `sm_auth_rule` WHERE `status` = 0 AND `name` = 'Rule/Rule/admin_rule_state' ORDER BY `level` desc,`sort` LIMIT 1   [ RunTime:0.0000s ]
SQL: SELECT * FROM `sm_auth_rule` WHERE `id` = 211 LIMIT 1   [ RunTime:0.0010s ]
SQL: SELECT * FROM `sm_auth_rule` WHERE `name` = 'Rule/Rule/admin_rule_list' AND `status` = 1 ORDER BY `level` desc,`sort` LIMIT 1   [ RunTime:0.0000s ]
SQL: SELECT * FROM `sm_auth_rule` WHERE `status` = 1 AND `pid` = 0 ORDER BY `sort`  [ RunTime:0.0010s ]
SQL: SELECT `status` FROM `sm_auth_rule` WHERE `id` = 713 LIMIT 1   [ RunTime:0.0000s ]
SQL: UPDATE `sm_auth_rule` SET `status`='1' WHERE `id` = 713 [ RunTime:0.0010s ]

[ 2017-12-21T20:47:56+08:00 ] 127.0.0.1 /index.php?m=Rule&c=Rule&a=admin_rule_list
INFO: [ app_init ] --START--
INFO: Run Behavior\BuildLiteBehavior [ RunTime:0.000000s ]
INFO: [ app_init ] --END-- [ RunTime:0.001000s ]
INFO: [ app_begin ] --START--
INFO: Run Behavior\ReadHtmlCacheBehavior [ RunTime:0.001000s ]
INFO: [ app_begin ] --END-- [ RunTime:0.001000s ]
SQL: SHOW COLUMNS FROM `sm_sysconfig` [ RunTime:0.0040s ]
SQL: SELECT * FROM `sm_sysconfig`  [ RunTime:0.0000s ]
SQL: SHOW COLUMNS FROM `sm_auth_group_access` [ RunTime:0.0050s ]
SQL: SELECT `uid`,`group_id`,`title`,`rules` FROM sm_auth_group_access a INNER JOIN sm_auth_group g on a.group_id=g.id  WHERE ( a.uid='1' )  [ RunTime:0.0000s ]
SQL: SHOW COLUMNS FROM `sm_auth_rule` [ RunTime:0.0040s ]
SQL: SELECT `condition`,`name` FROM `sm_auth_rule` WHERE `id` IN ('1','6','59','151','178','179','180','208','210','231','232','233','234','235','237','238','239','240','211','241','242','243','244','246','247','248','249','209','225','224','226','227','228','229','230','694','701','702','697','705','698','706','699','707','691','708','692','693','670','671','709','672','673') AND `type` = 1  [ RunTime:0.0000s ]
SQL: SHOW COLUMNS FROM `sm_auth_rule` [ RunTime:0.0040s ]
SQL: SELECT * FROM `sm_auth_rule` WHERE `status` = 1 ORDER BY `sort`  [ RunTime:0.0000s ]
SQL: SELECT * FROM `sm_auth_rule` WHERE `name` = 'Rule/Rule/admin_rule_list' AND `status` = 1 ORDER BY `level` desc,`sort` LIMIT 1   [ RunTime:0.0010s ]
SQL: SELECT * FROM `sm_auth_rule` WHERE `status` = 0 AND `name` = 'Rule/Rule/admin_rule_list' ORDER BY `level` desc,`sort` LIMIT 1   [ RunTime:0.0000s ]
SQL: SELECT * FROM `sm_auth_rule` WHERE `id` = 211 LIMIT 1   [ RunTime:0.0000s ]
SQL: SELECT * FROM `sm_auth_rule` WHERE `name` = 'Rule/Rule/admin_rule_list' AND `status` = 1 ORDER BY `level` desc,`sort` LIMIT 1   [ RunTime:0.0000s ]
SQL: SELECT * FROM `sm_auth_rule` WHERE `status` = 1 AND `pid` = 0 ORDER BY `sort`  [ RunTime:0.0000s ]
SQL: SELECT * FROM `sm_auth_rule` ORDER BY `sort`  [ RunTime:0.0010s ]
INFO: [ view_parse ] --START--
INFO: [ template_filter ] --START--
INFO: Run Behavior\ContentReplaceBehavior [ RunTime:0.000000s ]
INFO: [ template_filter ] --END-- [ RunTime:0.000000s ]
INFO: Run Behavior\ParseTemplateBehavior [ RunTime:0.035002s ]
INFO: [ view_parse ] --END-- [ RunTime:0.035002s ]
INFO: [ view_filter ] --START--
INFO: Run Behavior\WriteHtmlCacheBehavior [ RunTime:0.001000s ]
INFO: [ view_filter ] --END-- [ RunTime:0.001000s ]
INFO: [ app_end ] --START--
INFO: Run Behavior\ShowPageTraceBehavior [ RunTime:0.001000s ]
INFO: [ app_end ] --END-- [ RunTime:0.001000s ]

