[ 2017-12-09T11:44:10+08:00 ] 127.0.0.1 /index.php?m=Rule&c=Rule&a=admin_rule_list
INFO: [ app_init ] --START--
INFO: Run Behavior\BuildLiteBehavior [ RunTime:0.000000s ]
INFO: [ app_init ] --END-- [ RunTime:0.003000s ]
INFO: [ app_begin ] --START--
INFO: Run Behavior\ReadHtmlCacheBehavior [ RunTime:0.003000s ]
INFO: [ app_begin ] --END-- [ RunTime:0.003000s ]
SQL: SHOW COLUMNS FROM `sm_sysconfig` [ RunTime:0.0260s ]
SQL: SELECT * FROM `sm_sysconfig`  [ RunTime:0.0030s ]
SQL: SHOW COLUMNS FROM `sm_auth_group_access` [ RunTime:0.0140s ]
SQL: SELECT `uid`,`group_id`,`title`,`rules` FROM sm_auth_group_access a INNER JOIN sm_auth_group g on a.group_id=g.id  WHERE ( a.uid='1' )  [ RunTime:0.0010s ]
SQL: SHOW COLUMNS FROM `sm_auth_rule` [ RunTime:0.0130s ]
SQL: SELECT `condition`,`name` FROM `sm_auth_rule` WHERE `id` IN ('1','2','6','59','151','178','179','180','27','29','37','108','109','110','111','112','113','114','170','355','356','357','358','359','360','362','364','365','366','367','368','369','370','371','372','373','374','375','376','377','38','115','116','117','118','119','120','169','354','208','209','225','224','226','227','228','229','230','210','231','232','233','234','235','237','238','239','240','211','241','242','243','244','246','247','248','249','378','382','383','384','385','391','504','506','514','421','429','430','431','432','428','433','434','435','436','444','445','446','447','448','449','450','451','452','453','454','455','456','457','458','459','460','461','462','463','464','465','466','467','468','469','470','471','472','473','474','475','476','477','478','479','480','481','482','483','484','485','486','487','488','489','490','491','492','493','494','495','496','497','498','559','562','563','564','565','560','570','571','572','573','561','566','567','568','569','574','575','576','577','578','379','380','387','388','389','390','392','381','386','518','579','580','581','582','583','393','397','398','399','400','401','402','396','442','443','403','404','405','406','407','408','409','410','411','412','413','414','415','416','417','418','419','420','544','546','547','548','549','550','545','551','552','553','554','555','422','423','424','425','426','427','437','438','584','585','439','440','441','586','587','499','500','502','503','505','507','508','501','509','510','511','512','513','515','516','522','588','589','523','519','520','521','556','557','558','524','525','532','526','529','530','531','533','527','528','534','535','536','537','538','539','540','541','542','543') AND `type` = 1  [ RunTime:0.0040s ]
SQL: SHOW COLUMNS FROM `sm_auth_rule` [ RunTime:0.0140s ]
SQL: SELECT * FROM `sm_auth_rule` WHERE `name` = 'Rule/Rule/admin_rule_list' AND `status` = 1 ORDER BY `level` desc,`sort` LIMIT 1   [ RunTime:0.0010s ]
SQL: SELECT * FROM `sm_auth_rule` WHERE `id` = 208 LIMIT 1   [ RunTime:0.0020s ]
SQL: SELECT * FROM `sm_auth_rule` WHERE `id` = 1 LIMIT 1   [ RunTime:0.0010s ]
SQL: SELECT * FROM `sm_auth_rule` WHERE `status` = 1 AND `pid` = 208 ORDER BY `sort`  [ RunTime:0.0010s ]
SQL: SELECT * FROM `sm_auth_rule` ORDER BY `sort`  [ RunTime:0.0040s ]
INFO: [ view_parse ] --START--
INFO: [ template_filter ] --START--
INFO: Run Behavior\ContentReplaceBehavior [ RunTime:0.000000s ]
INFO: [ template_filter ] --END-- [ RunTime:0.000000s ]
INFO: Run Behavior\ParseTemplateBehavior [ RunTime:0.100006s ]
INFO: [ view_parse ] --END-- [ RunTime:0.100006s ]
INFO: [ view_filter ] --START--
INFO: Run Behavior\WriteHtmlCacheBehavior [ RunTime:0.001000s ]
INFO: [ view_filter ] --END-- [ RunTime:0.002000s ]
INFO: [ app_end ] --START--
INFO: Run Behavior\ShowPageTraceBehavior [ RunTime:0.011001s ]
INFO: [ app_end ] --END-- [ RunTime:0.011001s ]

[ 2017-12-09T11:51:20+08:00 ] 127.0.0.1 /index.php?m=Rule&c=Rule&a=admin_rule_list
INFO: [ app_init ] --START--
INFO: Run Behavior\BuildLiteBehavior [ RunTime:0.000000s ]
INFO: [ app_init ] --END-- [ RunTime:0.001000s ]
INFO: [ app_begin ] --START--
INFO: Run Behavior\ReadHtmlCacheBehavior [ RunTime:0.002000s ]
INFO: [ app_begin ] --END-- [ RunTime:0.002000s ]
SQL: SHOW COLUMNS FROM `sm_sysconfig` [ RunTime:0.0090s ]
SQL: SELECT * FROM `sm_sysconfig`  [ RunTime:0.0020s ]
SQL: SHOW COLUMNS FROM `sm_auth_group_access` [ RunTime:0.0080s ]
SQL: SELECT `uid`,`group_id`,`title`,`rules` FROM sm_auth_group_access a INNER JOIN sm_auth_group g on a.group_id=g.id  WHERE ( a.uid='1' )  [ RunTime:0.0010s ]
SQL: SHOW COLUMNS FROM `sm_auth_rule` [ RunTime:0.0070s ]
SQL: SELECT `condition`,`name` FROM `sm_auth_rule` WHERE `id` IN ('1','2','6','59','151','178','179','180','27','29','37','108','109','110','111','112','113','114','170','355','356','357','358','359','360','362','364','365','366','367','368','369','370','371','372','373','374','375','376','377','38','115','116','117','118','119','120','169','354','208','209','225','224','226','227','228','229','230','210','231','232','233','234','235','237','238','239','240','211','241','242','243','244','246','247','248','249','378','382','383','384','385','391','504','506','514','421','429','430','431','432','428','433','434','435','436','444','445','446','447','448','449','450','451','452','453','454','455','456','457','458','459','460','461','462','463','464','465','466','467','468','469','470','471','472','473','474','475','476','477','478','479','480','481','482','483','484','485','486','487','488','489','490','491','492','493','494','495','496','497','498','559','562','563','564','565','560','570','571','572','573','561','566','567','568','569','574','575','576','577','578','379','380','387','388','389','390','392','381','386','518','579','580','581','582','583','393','397','398','399','400','401','402','396','442','443','403','404','405','406','407','408','409','410','411','412','413','414','415','416','417','418','419','420','544','546','547','548','549','550','545','551','552','553','554','555','422','423','424','425','426','427','437','438','584','585','439','440','441','586','587','499','500','502','503','505','507','508','501','509','510','511','512','513','515','516','522','588','589','523','519','520','521','556','557','558','524','525','532','526','529','530','531','533','527','528','534','535','536','537','538','539','540','541','542','543') AND `type` = 1  [ RunTime:0.0040s ]
SQL: SHOW COLUMNS FROM `sm_auth_rule` [ RunTime:0.0080s ]
SQL: SELECT * FROM `sm_auth_rule` WHERE `name` = 'Rule/Rule/admin_rule_list' AND `status` = 1 ORDER BY `level` desc,`sort` LIMIT 1   [ RunTime:0.0010s ]
SQL: SELECT * FROM `sm_auth_rule` WHERE `id` = 208 LIMIT 1   [ RunTime:0.0020s ]
SQL: SELECT * FROM `sm_auth_rule` WHERE `id` = 1 LIMIT 1   [ RunTime:0.0010s ]
SQL: SELECT * FROM `sm_auth_rule` WHERE `status` = 1 AND `pid` = 208 ORDER BY `sort`  [ RunTime:0.0010s ]
SQL: SELECT * FROM `sm_auth_rule` ORDER BY `sort`  [ RunTime:0.0040s ]
INFO: [ view_parse ] --START--
INFO: [ template_filter ] --START--
INFO: Run Behavior\ContentReplaceBehavior [ RunTime:0.001000s ]
INFO: [ template_filter ] --END-- [ RunTime:0.001000s ]
INFO: Run Behavior\ParseTemplateBehavior [ RunTime:0.100006s ]
INFO: [ view_parse ] --END-- [ RunTime:0.100006s ]
INFO: [ view_filter ] --START--
INFO: Run Behavior\WriteHtmlCacheBehavior [ RunTime:0.002000s ]
INFO: [ view_filter ] --END-- [ RunTime:0.002000s ]
INFO: [ app_end ] --START--
INFO: Run Behavior\ShowPageTraceBehavior [ RunTime:0.006001s ]
INFO: [ app_end ] --END-- [ RunTime:0.006001s ]

[ 2017-12-09T11:51:27+08:00 ] 127.0.0.1 /index.php?m=Rule&c=Rule&a=admin_list
INFO: [ app_init ] --START--
INFO: Run Behavior\BuildLiteBehavior [ RunTime:0.000000s ]
INFO: [ app_init ] --END-- [ RunTime:0.001000s ]
INFO: [ app_begin ] --START--
INFO: Run Behavior\ReadHtmlCacheBehavior [ RunTime:0.002000s ]
INFO: [ app_begin ] --END-- [ RunTime:0.002000s ]
SQL: SHOW COLUMNS FROM `sm_sysconfig` [ RunTime:0.0080s ]
SQL: SELECT * FROM `sm_sysconfig`  [ RunTime:0.0010s ]
SQL: SHOW COLUMNS FROM `sm_auth_group_access` [ RunTime:0.0070s ]
SQL: SELECT `uid`,`group_id`,`title`,`rules` FROM sm_auth_group_access a INNER JOIN sm_auth_group g on a.group_id=g.id  WHERE ( a.uid='1' )  [ RunTime:0.0020s ]
SQL: SHOW COLUMNS FROM `sm_auth_rule` [ RunTime:0.0080s ]
SQL: SELECT `condition`,`name` FROM `sm_auth_rule` WHERE `id` IN ('1','2','6','59','151','178','179','180','27','29','37','108','109','110','111','112','113','114','170','355','356','357','358','359','360','362','364','365','366','367','368','369','370','371','372','373','374','375','376','377','38','115','116','117','118','119','120','169','354','208','209','225','224','226','227','228','229','230','210','231','232','233','234','235','237','238','239','240','211','241','242','243','244','246','247','248','249','378','382','383','384','385','391','504','506','514','421','429','430','431','432','428','433','434','435','436','444','445','446','447','448','449','450','451','452','453','454','455','456','457','458','459','460','461','462','463','464','465','466','467','468','469','470','471','472','473','474','475','476','477','478','479','480','481','482','483','484','485','486','487','488','489','490','491','492','493','494','495','496','497','498','559','562','563','564','565','560','570','571','572','573','561','566','567','568','569','574','575','576','577','578','379','380','387','388','389','390','392','381','386','518','579','580','581','582','583','393','397','398','399','400','401','402','396','442','443','403','404','405','406','407','408','409','410','411','412','413','414','415','416','417','418','419','420','544','546','547','548','549','550','545','551','552','553','554','555','422','423','424','425','426','427','437','438','584','585','439','440','441','586','587','499','500','502','503','505','507','508','501','509','510','511','512','513','515','516','522','588','589','523','519','520','521','556','557','558','524','525','532','526','529','530','531','533','527','528','534','535','536','537','538','539','540','541','542','543') AND `type` = 1  [ RunTime:0.0030s ]
SQL: SHOW COLUMNS FROM `sm_auth_rule` [ RunTime:0.0070s ]
SQL: SELECT * FROM `sm_auth_rule` WHERE `name` = 'Rule/Rule/admin_list' AND `status` = 1 ORDER BY `level` desc,`sort` LIMIT 1   [ RunTime:0.0010s ]
SQL: SELECT * FROM `sm_auth_rule` WHERE `id` = 1 LIMIT 1   [ RunTime:0.0010s ]
SQL: SELECT * FROM `sm_auth_rule` WHERE `status` = 1 AND `pid` = 1 ORDER BY `sort`  [ RunTime:0.0010s ]
SQL: SHOW COLUMNS FROM `sm_admin` [ RunTime:0.0090s ]
SQL: SELECT COUNT(*) AS tp_count FROM `sm_admin` LIMIT 1   [ RunTime:0.0010s ]
SQL: SELECT * FROM `sm_admin` ORDER BY `admin_id` LIMIT 0,15   [ RunTime:0.0020s ]
INFO: [ view_parse ] --START--
INFO: [ template_filter ] --START--
INFO: Run Behavior\ContentReplaceBehavior [ RunTime:0.000000s ]
INFO: [ template_filter ] --END-- [ RunTime:0.000000s ]
NOTIC: [8] Undefined index: n_id D:\phpStudy\WWW\shiyanshi\data\runtime\Cache\Rule\3061596b815854d3a89e71339f0231cf.php 第 291 行.
NOTIC: [8] Undefined index: admin_open D:\phpStudy\WWW\shiyanshi\data\runtime\Cache\Rule\3061596b815854d3a89e71339f0231cf.php 第 301 行.
NOTIC: [8] Undefined index: admin_id D:\phpStudy\WWW\shiyanshi\data\runtime\Cache\Rule\3061596b815854d3a89e71339f0231cf.php 第 305 行.
NOTIC: [8] Undefined index: admin_id D:\phpStudy\WWW\shiyanshi\data\runtime\Cache\Rule\3061596b815854d3a89e71339f0231cf.php 第 306 行.
NOTIC: [8] Undefined index: admin_id D:\phpStudy\WWW\shiyanshi\data\runtime\Cache\Rule\3061596b815854d3a89e71339f0231cf.php 第 311 行.
NOTIC: [8] Undefined index: admin_id D:\phpStudy\WWW\shiyanshi\data\runtime\Cache\Rule\3061596b815854d3a89e71339f0231cf.php 第 313 行.
NOTIC: [8] Undefined index: admin_id D:\phpStudy\WWW\shiyanshi\data\runtime\Cache\Rule\3061596b815854d3a89e71339f0231cf.php 第 313 行.
NOTIC: [8] Undefined index: admin_id D:\phpStudy\WWW\shiyanshi\data\runtime\Cache\Rule\3061596b815854d3a89e71339f0231cf.php 第 324 行.
NOTIC: [8] Undefined index: admin_id D:\phpStudy\WWW\shiyanshi\data\runtime\Cache\Rule\3061596b815854d3a89e71339f0231cf.php 第 330 行.
NOTIC: [8] Undefined index: admin_id D:\phpStudy\WWW\shiyanshi\data\runtime\Cache\Rule\3061596b815854d3a89e71339f0231cf.php 第 331 行.
INFO: Run Behavior\ParseTemplateBehavior [ RunTime:0.053003s ]
INFO: [ view_parse ] --END-- [ RunTime:0.053003s ]
INFO: [ view_filter ] --START--
INFO: Run Behavior\WriteHtmlCacheBehavior [ RunTime:0.001000s ]
INFO: [ view_filter ] --END-- [ RunTime:0.001000s ]
INFO: [ app_end ] --START--
INFO: Run Behavior\ShowPageTraceBehavior [ RunTime:0.007001s ]
INFO: [ app_end ] --END-- [ RunTime:0.007001s ]

[ 2017-12-09T11:51:31+08:00 ] 127.0.0.1 /index.php?m=Rule&c=Rule&a=admin_add
INFO: [ app_init ] --START--
INFO: Run Behavior\BuildLiteBehavior [ RunTime:0.000000s ]
INFO: [ app_init ] --END-- [ RunTime:0.002000s ]
INFO: [ app_begin ] --START--
INFO: Run Behavior\ReadHtmlCacheBehavior [ RunTime:0.001000s ]
INFO: [ app_begin ] --END-- [ RunTime:0.002000s ]
SQL: SHOW COLUMNS FROM `sm_sysconfig` [ RunTime:0.0090s ]
SQL: SELECT * FROM `sm_sysconfig`  [ RunTime:0.0010s ]
SQL: SHOW COLUMNS FROM `sm_auth_group_access` [ RunTime:0.0070s ]
SQL: SELECT `uid`,`group_id`,`title`,`rules` FROM sm_auth_group_access a INNER JOIN sm_auth_group g on a.group_id=g.id  WHERE ( a.uid='1' )  [ RunTime:0.0010s ]
SQL: SHOW COLUMNS FROM `sm_auth_rule` [ RunTime:0.0070s ]
SQL: SELECT `condition`,`name` FROM `sm_auth_rule` WHERE `id` IN ('1','2','6','59','151','178','179','180','27','29','37','108','109','110','111','112','113','114','170','355','356','357','358','359','360','362','364','365','366','367','368','369','370','371','372','373','374','375','376','377','38','115','116','117','118','119','120','169','354','208','209','225','224','226','227','228','229','230','210','231','232','233','234','235','237','238','239','240','211','241','242','243','244','246','247','248','249','378','382','383','384','385','391','504','506','514','421','429','430','431','432','428','433','434','435','436','444','445','446','447','448','449','450','451','452','453','454','455','456','457','458','459','460','461','462','463','464','465','466','467','468','469','470','471','472','473','474','475','476','477','478','479','480','481','482','483','484','485','486','487','488','489','490','491','492','493','494','495','496','497','498','559','562','563','564','565','560','570','571','572','573','561','566','567','568','569','574','575','576','577','578','379','380','387','388','389','390','392','381','386','518','579','580','581','582','583','393','397','398','399','400','401','402','396','442','443','403','404','405','406','407','408','409','410','411','412','413','414','415','416','417','418','419','420','544','546','547','548','549','550','545','551','552','553','554','555','422','423','424','425','426','427','437','438','584','585','439','440','441','586','587','499','500','502','503','505','507','508','501','509','510','511','512','513','515','516','522','588','589','523','519','520','521','556','557','558','524','525','532','526','529','530','531','533','527','528','534','535','536','537','538','539','540','541','542','543') AND `type` = 1  [ RunTime:0.0060s ]
SQL: SHOW COLUMNS FROM `sm_auth_rule` [ RunTime:0.0070s ]
SQL: SELECT * FROM `sm_auth_rule` WHERE `name` = 'Rule/Rule/admin_add' AND `status` = 1 ORDER BY `level` desc,`sort` LIMIT 1   [ RunTime:0.0030s ]
SQL: SELECT * FROM `sm_auth_rule` WHERE `status` = 0 AND `name` = 'Rule/Rule/admin_add' ORDER BY `level` desc,`sort` LIMIT 1   [ RunTime:0.0010s ]
SQL: SELECT * FROM `sm_auth_rule` WHERE `id` = 209 LIMIT 1   [ RunTime:0.0010s ]
SQL: SELECT * FROM `sm_auth_rule` WHERE `name` = 'Rule/Rule/admin_list' AND `status` = 1 ORDER BY `level` desc,`sort` LIMIT 1   [ RunTime:0.0020s ]
SQL: SELECT * FROM `sm_auth_rule` WHERE `id` = 1 LIMIT 1   [ RunTime:0.0020s ]
SQL: SELECT * FROM `sm_auth_rule` WHERE `status` = 1 AND `pid` = 1 ORDER BY `sort`  [ RunTime:0.0020s ]
SQL: SHOW COLUMNS FROM `sm_auth_group` [ RunTime:0.0070s ]
SQL: SELECT * FROM `sm_auth_group`  [ RunTime:0.0020s ]
INFO: [ view_parse ] --START--
INFO: [ template_filter ] --START--
INFO: Run Behavior\ContentReplaceBehavior [ RunTime:0.001000s ]
INFO: [ template_filter ] --END-- [ RunTime:0.001000s ]
INFO: Run Behavior\ParseTemplateBehavior [ RunTime:0.061003s ]
INFO: [ view_parse ] --END-- [ RunTime:0.062003s ]
INFO: [ view_filter ] --START--
INFO: Run Behavior\WriteHtmlCacheBehavior [ RunTime:0.002001s ]
INFO: [ view_filter ] --END-- [ RunTime:0.002001s ]
INFO: [ app_end ] --START--
INFO: Run Behavior\ShowPageTraceBehavior [ RunTime:0.010000s ]
INFO: [ app_end ] --END-- [ RunTime:0.010000s ]

[ 2017-12-09T17:42:00+08:00 ] 127.0.0.1 /index.php?m=Rule&c=Rule&a=admin_list
INFO: [ app_init ] --START--
INFO: Run Behavior\BuildLiteBehavior [ RunTime:0.000000s ]
INFO: [ app_init ] --END-- [ RunTime:0.001000s ]
INFO: [ app_begin ] --START--
INFO: Run Behavior\ReadHtmlCacheBehavior [ RunTime:0.002000s ]
INFO: [ app_begin ] --END-- [ RunTime:0.002000s ]
SQL: SHOW COLUMNS FROM `sm_sysconfig` [ RunTime:0.0170s ]
SQL: SELECT * FROM `sm_sysconfig`  [ RunTime:0.0020s ]
SQL: SHOW COLUMNS FROM `sm_auth_group_access` [ RunTime:0.0160s ]
SQL: SELECT `uid`,`group_id`,`title`,`rules` FROM sm_auth_group_access a INNER JOIN sm_auth_group g on a.group_id=g.id  WHERE ( a.uid='1' )  [ RunTime:0.0020s ]
SQL: SHOW COLUMNS FROM `sm_auth_rule` [ RunTime:0.0070s ]
SQL: SELECT `condition`,`name` FROM `sm_auth_rule` WHERE `id` IN ('') AND `type` = 1  [ RunTime:0.0010s ]
SQL: SHOW COLUMNS FROM `sm_auth_rule` [ RunTime:0.0130s ]
SQL: SELECT * FROM `sm_auth_rule` WHERE `status` = 1 ORDER BY `sort`  [ RunTime:0.0030s ]
SQL: SELECT * FROM `sm_auth_rule` WHERE `name` = 'Rule/Rule/admin_list' AND `status` = 1 ORDER BY `level` desc,`sort` LIMIT 1   [ RunTime:0.0020s ]
SQL: SELECT * FROM `sm_auth_rule` WHERE `id` = 1 LIMIT 1   [ RunTime:0.0010s ]
SQL: SELECT * FROM `sm_auth_rule` WHERE `status` = 1 AND `pid` = 1 ORDER BY `sort`  [ RunTime:0.0010s ]
SQL: SHOW COLUMNS FROM `sm_admin` [ RunTime:0.0080s ]
SQL: SELECT COUNT(*) AS tp_count FROM `sm_admin` LIMIT 1   [ RunTime:0.0030s ]
SQL: SELECT * FROM `sm_admin` ORDER BY `admin_id` LIMIT 0,15   [ RunTime:0.0010s ]
SQL: SHOW COLUMNS FROM `sm_auth_group_access` [ RunTime:0.0090s ]
SQL: SELECT `uid`,`group_id`,`title`,`rules` FROM sm_auth_group_access a INNER JOIN sm_auth_group g on a.group_id=g.id  WHERE ( a.uid='2' )  [ RunTime:0.0010s ]
SQL: SHOW COLUMNS FROM `sm_auth_group_access` [ RunTime:0.0120s ]
SQL: SELECT `uid`,`group_id`,`title`,`rules` FROM sm_auth_group_access a INNER JOIN sm_auth_group g on a.group_id=g.id  WHERE ( a.uid='21' )  [ RunTime:0.0030s ]
INFO: [ view_parse ] --START--
INFO: [ template_filter ] --START--
INFO: Run Behavior\ContentReplaceBehavior [ RunTime:0.000000s ]
INFO: [ template_filter ] --END-- [ RunTime:0.001000s ]
NOTIC: [8] Undefined index: n_id D:\phpStudy\WWW\shiyanshi\data\runtime\Cache\Rule\3061596b815854d3a89e71339f0231cf.php 第 291 行.
NOTIC: [8] Undefined index: admin_open D:\phpStudy\WWW\shiyanshi\data\runtime\Cache\Rule\3061596b815854d3a89e71339f0231cf.php 第 301 行.
NOTIC: [8] Undefined index: admin_id D:\phpStudy\WWW\shiyanshi\data\runtime\Cache\Rule\3061596b815854d3a89e71339f0231cf.php 第 305 行.
NOTIC: [8] Undefined index: admin_id D:\phpStudy\WWW\shiyanshi\data\runtime\Cache\Rule\3061596b815854d3a89e71339f0231cf.php 第 306 行.
NOTIC: [8] Undefined index: admin_id D:\phpStudy\WWW\shiyanshi\data\runtime\Cache\Rule\3061596b815854d3a89e71339f0231cf.php 第 311 行.
NOTIC: [8] Undefined index: admin_id D:\phpStudy\WWW\shiyanshi\data\runtime\Cache\Rule\3061596b815854d3a89e71339f0231cf.php 第 313 行.
NOTIC: [8] Undefined index: admin_id D:\phpStudy\WWW\shiyanshi\data\runtime\Cache\Rule\3061596b815854d3a89e71339f0231cf.php 第 313 行.
NOTIC: [8] Undefined index: admin_id D:\phpStudy\WWW\shiyanshi\data\runtime\Cache\Rule\3061596b815854d3a89e71339f0231cf.php 第 324 行.
NOTIC: [8] Undefined index: admin_id D:\phpStudy\WWW\shiyanshi\data\runtime\Cache\Rule\3061596b815854d3a89e71339f0231cf.php 第 330 行.
NOTIC: [8] Undefined index: admin_id D:\phpStudy\WWW\shiyanshi\data\runtime\Cache\Rule\3061596b815854d3a89e71339f0231cf.php 第 331 行.
INFO: Run Behavior\ParseTemplateBehavior [ RunTime:0.048003s ]
INFO: [ view_parse ] --END-- [ RunTime:0.048003s ]
INFO: [ view_filter ] --START--
INFO: Run Behavior\WriteHtmlCacheBehavior [ RunTime:0.001000s ]
INFO: [ view_filter ] --END-- [ RunTime:0.001000s ]
INFO: [ app_end ] --START--
INFO: Run Behavior\ShowPageTraceBehavior [ RunTime:0.006000s ]
INFO: [ app_end ] --END-- [ RunTime:0.007000s ]

