[ 2017-12-14T13:38:22+08:00 ] 127.0.0.1 /index.php?m=Rule&c=Rule&a=admin_rule_list
INFO: [ app_init ] --START--
INFO: Run Behavior\BuildLiteBehavior [ RunTime:0.000000s ]
INFO: [ app_init ] --END-- [ RunTime:0.002001s ]
INFO: [ app_begin ] --START--
INFO: Run Behavior\ReadHtmlCacheBehavior [ RunTime:0.005000s ]
INFO: [ app_begin ] --END-- [ RunTime:0.005000s ]
SQL: SHOW COLUMNS FROM `sm_sysconfig` [ RunTime:0.0320s ]
SQL: SELECT * FROM `sm_sysconfig`  [ RunTime:0.0020s ]
SQL: SHOW COLUMNS FROM `sm_auth_group_access` [ RunTime:0.0180s ]
SQL: SELECT `uid`,`group_id`,`title`,`rules` FROM sm_auth_group_access a INNER JOIN sm_auth_group g on a.group_id=g.id  WHERE ( a.uid='1' )  [ RunTime:0.0020s ]
SQL: SHOW COLUMNS FROM `sm_auth_rule` [ RunTime:0.0180s ]
SQL: SELECT `condition`,`name` FROM `sm_auth_rule` WHERE `id` IN ('1','6','59','151','178','179','180','208','210','231','232','233','234','235','237','238','239','240','211','241','242','243','244','246','247','248','249','209','225','224','226','227','228','229','230','694','701','702','697','705','698','706','699','707','691','708','692','693','670','671','709','672','673') AND `type` = 1  [ RunTime:0.0030s ]
SQL: SHOW COLUMNS FROM `sm_auth_rule` [ RunTime:0.0170s ]
SQL: SELECT * FROM `sm_auth_rule` WHERE `name` = 'Rule/Rule/admin_rule_list' AND `status` = 1 ORDER BY `level` desc,`sort` LIMIT 1   [ RunTime:0.0030s ]
SQL: SELECT * FROM `sm_auth_rule` WHERE `id` = 208 LIMIT 1   [ RunTime:0.0020s ]
SQL: SELECT * FROM `sm_auth_rule` WHERE `id` = 1 LIMIT 1   [ RunTime:0.0010s ]
SQL: SELECT * FROM `sm_auth_rule` WHERE `status` = 1 AND `pid` = 208 ORDER BY `sort`  [ RunTime:0.0010s ]
SQL: SELECT * FROM `sm_auth_rule` ORDER BY `sort`  [ RunTime:0.0040s ]
INFO: [ view_parse ] --START--
INFO: [ template_filter ] --START--
INFO: Run Behavior\ContentReplaceBehavior [ RunTime:0.001000s ]
INFO: [ template_filter ] --END-- [ RunTime:0.001000s ]
INFO: Run Behavior\ParseTemplateBehavior [ RunTime:0.162009s ]
INFO: [ view_parse ] --END-- [ RunTime:0.162009s ]
INFO: [ view_filter ] --START--
INFO: Run Behavior\WriteHtmlCacheBehavior [ RunTime:0.003000s ]
INFO: [ view_filter ] --END-- [ RunTime:0.004000s ]
INFO: [ app_end ] --START--
INFO: Run Behavior\ShowPageTraceBehavior [ RunTime:0.003000s ]
INFO: [ app_end ] --END-- [ RunTime:0.003000s ]

[ 2017-12-14T13:38:43+08:00 ] 127.0.0.1 /index.php?m=Rule&c=Rule&a=admin_rule_runadd
INFO: [ app_init ] --START--
INFO: Run Behavior\BuildLiteBehavior [ RunTime:0.000000s ]
INFO: [ app_init ] --END-- [ RunTime:0.002000s ]
INFO: [ app_begin ] --START--
INFO: Run Behavior\ReadHtmlCacheBehavior [ RunTime:0.001000s ]
INFO: [ app_begin ] --END-- [ RunTime:0.001000s ]
SQL: SHOW COLUMNS FROM `sm_sysconfig` [ RunTime:0.0220s ]
SQL: SELECT * FROM `sm_sysconfig`  [ RunTime:0.0020s ]
SQL: SHOW COLUMNS FROM `sm_auth_group_access` [ RunTime:0.0190s ]
SQL: SELECT `uid`,`group_id`,`title`,`rules` FROM sm_auth_group_access a INNER JOIN sm_auth_group g on a.group_id=g.id  WHERE ( a.uid='1' )  [ RunTime:0.0020s ]
SQL: SHOW COLUMNS FROM `sm_auth_rule` [ RunTime:0.0180s ]
SQL: SELECT `condition`,`name` FROM `sm_auth_rule` WHERE `id` IN ('1','6','59','151','178','179','180','208','210','231','232','233','234','235','237','238','239','240','211','241','242','243','244','246','247','248','249','209','225','224','226','227','228','229','230','694','701','702','697','705','698','706','699','707','691','708','692','693','670','671','709','672','673') AND `type` = 1  [ RunTime:0.0020s ]
SQL: SHOW COLUMNS FROM `sm_auth_rule` [ RunTime:0.0140s ]
SQL: SELECT * FROM `sm_auth_rule` WHERE `name` = 'Rule/Rule/admin_rule_runadd' AND `status` = 1 ORDER BY `level` desc,`sort` LIMIT 1   [ RunTime:0.0010s ]
SQL: SELECT * FROM `sm_auth_rule` WHERE `status` = 0 AND `name` = 'Rule/Rule/admin_rule_runadd' ORDER BY `level` desc,`sort` LIMIT 1   [ RunTime:0.0020s ]
SQL: SELECT * FROM `sm_auth_rule` WHERE `id` = 211 LIMIT 1   [ RunTime:0.0020s ]
SQL: SELECT * FROM `sm_auth_rule` WHERE `name` = 'Rule/Rule/admin_rule_list' AND `status` = 1 ORDER BY `level` desc,`sort` LIMIT 1   [ RunTime:0.0020s ]
SQL: SELECT * FROM `sm_auth_rule` WHERE `id` = 208 LIMIT 1   [ RunTime:0.0010s ]
SQL: SELECT * FROM `sm_auth_rule` WHERE `id` = 1 LIMIT 1   [ RunTime:0.0010s ]
SQL: SELECT * FROM `sm_auth_rule` WHERE `status` = 1 AND `pid` = 208 ORDER BY `sort`  [ RunTime:0.0010s ]
SQL: SELECT `level` FROM `sm_auth_rule` WHERE `id` = 691 LIMIT 1   [ RunTime:0.0010s ]
SQL: INSERT INTO `sm_auth_rule` (`name`,`title`,`status`,`sort`,`addtime`,`pid`,`css`,`level`) VALUES ('Member/Member/detail','详情操作','1','50','1513229923','691','','2') [ RunTime:0.0010s ]

[ 2017-12-14T13:38:44+08:00 ] 127.0.0.1 /index.php?m=Rule&c=Rule&a=admin_rule_list
INFO: [ app_init ] --START--
INFO: Run Behavior\BuildLiteBehavior [ RunTime:0.000000s ]
INFO: [ app_init ] --END-- [ RunTime:0.001000s ]
INFO: [ app_begin ] --START--
INFO: Run Behavior\ReadHtmlCacheBehavior [ RunTime:0.002000s ]
INFO: [ app_begin ] --END-- [ RunTime:0.002000s ]
SQL: SHOW COLUMNS FROM `sm_sysconfig` [ RunTime:0.0350s ]
SQL: SELECT * FROM `sm_sysconfig`  [ RunTime:0.0030s ]
SQL: SHOW COLUMNS FROM `sm_auth_group_access` [ RunTime:0.0160s ]
SQL: SELECT `uid`,`group_id`,`title`,`rules` FROM sm_auth_group_access a INNER JOIN sm_auth_group g on a.group_id=g.id  WHERE ( a.uid='1' )  [ RunTime:0.0010s ]
SQL: SHOW COLUMNS FROM `sm_auth_rule` [ RunTime:0.0180s ]
SQL: SELECT `condition`,`name` FROM `sm_auth_rule` WHERE `id` IN ('1','6','59','151','178','179','180','208','210','231','232','233','234','235','237','238','239','240','211','241','242','243','244','246','247','248','249','209','225','224','226','227','228','229','230','694','701','702','697','705','698','706','699','707','691','708','692','693','670','671','709','672','673') AND `type` = 1  [ RunTime:0.0010s ]
SQL: SHOW COLUMNS FROM `sm_auth_rule` [ RunTime:0.0160s ]
SQL: SELECT * FROM `sm_auth_rule` WHERE `status` = 1 ORDER BY `sort`  [ RunTime:0.0030s ]
SQL: SELECT * FROM `sm_auth_rule` WHERE `name` = 'Rule/Rule/admin_rule_list' AND `status` = 1 ORDER BY `level` desc,`sort` LIMIT 1   [ RunTime:0.0030s ]
SQL: SELECT * FROM `sm_auth_rule` WHERE `id` = 208 LIMIT 1   [ RunTime:0.0010s ]
SQL: SELECT * FROM `sm_auth_rule` WHERE `id` = 1 LIMIT 1   [ RunTime:0.0010s ]
SQL: SELECT * FROM `sm_auth_rule` WHERE `status` = 1 AND `pid` = 208 ORDER BY `sort`  [ RunTime:0.0010s ]
SQL: SELECT * FROM `sm_auth_rule` ORDER BY `sort`  [ RunTime:0.0050s ]
INFO: [ view_parse ] --START--
INFO: [ template_filter ] --START--
INFO: Run Behavior\ContentReplaceBehavior [ RunTime:0.000000s ]
INFO: [ template_filter ] --END-- [ RunTime:0.002000s ]
INFO: Run Behavior\ParseTemplateBehavior [ RunTime:0.106006s ]
INFO: [ view_parse ] --END-- [ RunTime:0.107006s ]
INFO: [ view_filter ] --START--
INFO: Run Behavior\WriteHtmlCacheBehavior [ RunTime:0.001000s ]
INFO: [ view_filter ] --END-- [ RunTime:0.001000s ]
INFO: [ app_end ] --START--
INFO: Run Behavior\ShowPageTraceBehavior [ RunTime:0.003000s ]
INFO: [ app_end ] --END-- [ RunTime:0.003000s ]

[ 2017-12-14T13:38:59+08:00 ] 127.0.0.1 /index.php?m=Rule&c=Rule&a=admin_rule_state
INFO: [ app_init ] --START--
INFO: Run Behavior\BuildLiteBehavior [ RunTime:0.000000s ]
INFO: [ app_init ] --END-- [ RunTime:0.001000s ]
INFO: [ app_begin ] --START--
INFO: Run Behavior\ReadHtmlCacheBehavior [ RunTime:0.002001s ]
INFO: [ app_begin ] --END-- [ RunTime:0.002001s ]
SQL: SHOW COLUMNS FROM `sm_sysconfig` [ RunTime:0.0290s ]
SQL: SELECT * FROM `sm_sysconfig`  [ RunTime:0.0020s ]
SQL: SHOW COLUMNS FROM `sm_auth_group_access` [ RunTime:0.0160s ]
SQL: SELECT `uid`,`group_id`,`title`,`rules` FROM sm_auth_group_access a INNER JOIN sm_auth_group g on a.group_id=g.id  WHERE ( a.uid='1' )  [ RunTime:0.0010s ]
SQL: SHOW COLUMNS FROM `sm_auth_rule` [ RunTime:0.0160s ]
SQL: SELECT `condition`,`name` FROM `sm_auth_rule` WHERE `id` IN ('1','6','59','151','178','179','180','208','210','231','232','233','234','235','237','238','239','240','211','241','242','243','244','246','247','248','249','209','225','224','226','227','228','229','230','694','701','702','697','705','698','706','699','707','691','708','692','693','670','671','709','672','673') AND `type` = 1  [ RunTime:0.0020s ]
SQL: SHOW COLUMNS FROM `sm_auth_rule` [ RunTime:0.0140s ]
SQL: SELECT * FROM `sm_auth_rule` WHERE `name` = 'Rule/Rule/admin_rule_state' AND `status` = 1 ORDER BY `level` desc,`sort` LIMIT 1   [ RunTime:0.0020s ]
SQL: SELECT * FROM `sm_auth_rule` WHERE `status` = 0 AND `name` = 'Rule/Rule/admin_rule_state' ORDER BY `level` desc,`sort` LIMIT 1   [ RunTime:0.0020s ]
SQL: SELECT * FROM `sm_auth_rule` WHERE `id` = 211 LIMIT 1   [ RunTime:0.0020s ]
SQL: SELECT * FROM `sm_auth_rule` WHERE `name` = 'Rule/Rule/admin_rule_list' AND `status` = 1 ORDER BY `level` desc,`sort` LIMIT 1   [ RunTime:0.0010s ]
SQL: SELECT * FROM `sm_auth_rule` WHERE `id` = 208 LIMIT 1   [ RunTime:0.0010s ]
SQL: SELECT * FROM `sm_auth_rule` WHERE `id` = 1 LIMIT 1   [ RunTime:0.0010s ]
SQL: SELECT * FROM `sm_auth_rule` WHERE `status` = 1 AND `pid` = 208 ORDER BY `sort`  [ RunTime:0.0010s ]
SQL: SELECT `status` FROM `sm_auth_rule` WHERE `id` = 712 LIMIT 1   [ RunTime:0.0010s ]
SQL: UPDATE `sm_auth_rule` SET `status`='0' WHERE `id` = 712 [ RunTime:0.0010s ]

[ 2017-12-14T13:39:01+08:00 ] 127.0.0.1 /index.php?m=Rule&c=Rule&a=admin_rule_list
INFO: [ app_init ] --START--
INFO: Run Behavior\BuildLiteBehavior [ RunTime:0.000000s ]
INFO: [ app_init ] --END-- [ RunTime:0.002000s ]
INFO: [ app_begin ] --START--
INFO: Run Behavior\ReadHtmlCacheBehavior [ RunTime:0.006000s ]
INFO: [ app_begin ] --END-- [ RunTime:0.006000s ]
SQL: SHOW COLUMNS FROM `sm_sysconfig` [ RunTime:0.0370s ]
SQL: SELECT * FROM `sm_sysconfig`  [ RunTime:0.0020s ]
SQL: SHOW COLUMNS FROM `sm_auth_group_access` [ RunTime:0.0190s ]
SQL: SELECT `uid`,`group_id`,`title`,`rules` FROM sm_auth_group_access a INNER JOIN sm_auth_group g on a.group_id=g.id  WHERE ( a.uid='1' )  [ RunTime:0.0020s ]
SQL: SHOW COLUMNS FROM `sm_auth_rule` [ RunTime:0.0190s ]
SQL: SELECT `condition`,`name` FROM `sm_auth_rule` WHERE `id` IN ('1','6','59','151','178','179','180','208','210','231','232','233','234','235','237','238','239','240','211','241','242','243','244','246','247','248','249','209','225','224','226','227','228','229','230','694','701','702','697','705','698','706','699','707','691','708','692','693','670','671','709','672','673') AND `type` = 1  [ RunTime:0.0020s ]
SQL: SHOW COLUMNS FROM `sm_auth_rule` [ RunTime:0.0130s ]
SQL: SELECT * FROM `sm_auth_rule` WHERE `status` = 1 ORDER BY `sort`  [ RunTime:0.0020s ]
SQL: SELECT * FROM `sm_auth_rule` WHERE `name` = 'Rule/Rule/admin_rule_list' AND `status` = 1 ORDER BY `level` desc,`sort` LIMIT 1   [ RunTime:0.0170s ]
SQL: SELECT * FROM `sm_auth_rule` WHERE `id` = 208 LIMIT 1   [ RunTime:0.0020s ]
SQL: SELECT * FROM `sm_auth_rule` WHERE `id` = 1 LIMIT 1   [ RunTime:0.0010s ]
SQL: SELECT * FROM `sm_auth_rule` WHERE `status` = 1 AND `pid` = 208 ORDER BY `sort`  [ RunTime:0.0010s ]
SQL: SELECT * FROM `sm_auth_rule` ORDER BY `sort`  [ RunTime:0.0040s ]
INFO: [ view_parse ] --START--
INFO: [ template_filter ] --START--
INFO: Run Behavior\ContentReplaceBehavior [ RunTime:0.001000s ]
INFO: [ template_filter ] --END-- [ RunTime:0.001000s ]
INFO: Run Behavior\ParseTemplateBehavior [ RunTime:0.110006s ]
INFO: [ view_parse ] --END-- [ RunTime:0.110006s ]
INFO: [ view_filter ] --START--
INFO: Run Behavior\WriteHtmlCacheBehavior [ RunTime:0.001000s ]
INFO: [ view_filter ] --END-- [ RunTime:0.001000s ]
INFO: [ app_end ] --START--
INFO: Run Behavior\ShowPageTraceBehavior [ RunTime:0.003000s ]
INFO: [ app_end ] --END-- [ RunTime:0.003000s ]

[ 2017-12-14T17:18:46+08:00 ] 127.0.0.1 /index.php?m=Rule&c=Rule&a=admin_group_list
INFO: [ app_init ] --START--
INFO: Run Behavior\BuildLiteBehavior [ RunTime:0.000000s ]
INFO: [ app_init ] --END-- [ RunTime:0.001000s ]
INFO: [ app_begin ] --START--
INFO: Run Behavior\ReadHtmlCacheBehavior [ RunTime:0.002000s ]
INFO: [ app_begin ] --END-- [ RunTime:0.002000s ]
SQL: SHOW COLUMNS FROM `sm_sysconfig` [ RunTime:0.0260s ]
SQL: SELECT * FROM `sm_sysconfig`  [ RunTime:0.0010s ]
SQL: SHOW COLUMNS FROM `sm_auth_group_access` [ RunTime:0.0160s ]
SQL: SELECT `uid`,`group_id`,`title`,`rules` FROM sm_auth_group_access a INNER JOIN sm_auth_group g on a.group_id=g.id  WHERE ( a.uid='1' )  [ RunTime:0.0030s ]
SQL: SHOW COLUMNS FROM `sm_auth_rule` [ RunTime:0.0160s ]
SQL: SELECT `condition`,`name` FROM `sm_auth_rule` WHERE `id` IN ('1','6','59','151','178','179','180','208','210','231','232','233','234','235','237','238','239','240','211','241','242','243','244','246','247','248','249','209','225','224','226','227','228','229','230','694','701','702','697','705','698','706','699','707','691','708','692','693','670','671','709','672','673') AND `type` = 1  [ RunTime:0.0020s ]
SQL: SHOW COLUMNS FROM `sm_auth_rule` [ RunTime:0.0120s ]
SQL: SELECT * FROM `sm_auth_rule` WHERE `name` = 'Rule/Rule/admin_group_list' AND `status` = 1 ORDER BY `level` desc,`sort` LIMIT 1   [ RunTime:0.0010s ]
SQL: SELECT * FROM `sm_auth_rule` WHERE `id` = 208 LIMIT 1   [ RunTime:0.0010s ]
SQL: SELECT * FROM `sm_auth_rule` WHERE `id` = 1 LIMIT 1   [ RunTime:0.0010s ]
SQL: SELECT * FROM `sm_auth_rule` WHERE `status` = 1 AND `pid` = 208 ORDER BY `sort`  [ RunTime:0.0010s ]
SQL: SHOW COLUMNS FROM `sm_auth_group` [ RunTime:0.0090s ]
SQL: SELECT * FROM `sm_auth_group`  [ RunTime:0.0010s ]
INFO: [ view_parse ] --START--
INFO: [ template_filter ] --START--
INFO: Run Behavior\ContentReplaceBehavior [ RunTime:0.000000s ]
INFO: [ template_filter ] --END-- [ RunTime:0.000000s ]
INFO: Run Behavior\ParseTemplateBehavior [ RunTime:0.062004s ]
INFO: [ view_parse ] --END-- [ RunTime:0.062004s ]
INFO: [ view_filter ] --START--
INFO: Run Behavior\WriteHtmlCacheBehavior [ RunTime:0.001000s ]
INFO: [ view_filter ] --END-- [ RunTime:0.002000s ]
INFO: [ app_end ] --START--
INFO: Run Behavior\ShowPageTraceBehavior [ RunTime:0.001000s ]
INFO: [ app_end ] --END-- [ RunTime:0.001000s ]

[ 2017-12-14T17:18:54+08:00 ] 127.0.0.1 /index.php?m=Rule&c=Rule&a=admin_group_add
INFO: [ app_init ] --START--
INFO: Run Behavior\BuildLiteBehavior [ RunTime:0.000000s ]
INFO: [ app_init ] --END-- [ RunTime:0.002000s ]
INFO: [ app_begin ] --START--
INFO: Run Behavior\ReadHtmlCacheBehavior [ RunTime:0.001000s ]
INFO: [ app_begin ] --END-- [ RunTime:0.002000s ]
SQL: SHOW COLUMNS FROM `sm_sysconfig` [ RunTime:0.0230s ]
SQL: SELECT * FROM `sm_sysconfig`  [ RunTime:0.0010s ]
SQL: SHOW COLUMNS FROM `sm_auth_group_access` [ RunTime:0.0160s ]
SQL: SELECT `uid`,`group_id`,`title`,`rules` FROM sm_auth_group_access a INNER JOIN sm_auth_group g on a.group_id=g.id  WHERE ( a.uid='1' )  [ RunTime:0.0010s ]
SQL: SHOW COLUMNS FROM `sm_auth_rule` [ RunTime:0.0140s ]
SQL: SELECT `condition`,`name` FROM `sm_auth_rule` WHERE `id` IN ('1','6','59','151','178','179','180','208','210','231','232','233','234','235','237','238','239','240','211','241','242','243','244','246','247','248','249','209','225','224','226','227','228','229','230','694','701','702','697','705','698','706','699','707','691','708','692','693','670','671','709','672','673') AND `type` = 1  [ RunTime:0.0030s ]
SQL: SHOW COLUMNS FROM `sm_auth_rule` [ RunTime:0.0150s ]
SQL: SELECT * FROM `sm_auth_rule` WHERE `name` = 'Rule/Rule/admin_group_add' AND `status` = 1 ORDER BY `level` desc,`sort` LIMIT 1   [ RunTime:0.0010s ]
SQL: SELECT * FROM `sm_auth_rule` WHERE `status` = 0 AND `name` = 'Rule/Rule/admin_group_add' ORDER BY `level` desc,`sort` LIMIT 1   [ RunTime:0.0010s ]
SQL: SELECT * FROM `sm_auth_rule` WHERE `id` = 210 LIMIT 1   [ RunTime:0.0030s ]
SQL: SELECT * FROM `sm_auth_rule` WHERE `name` = 'Rule/Rule/admin_group_list' AND `status` = 1 ORDER BY `level` desc,`sort` LIMIT 1   [ RunTime:0.0010s ]
SQL: SELECT * FROM `sm_auth_rule` WHERE `id` = 208 LIMIT 1   [ RunTime:0.0010s ]
SQL: SELECT * FROM `sm_auth_rule` WHERE `id` = 1 LIMIT 1   [ RunTime:0.0010s ]
SQL: SELECT * FROM `sm_auth_rule` WHERE `status` = 1 AND `pid` = 208 ORDER BY `sort`  [ RunTime:0.0010s ]
INFO: [ view_parse ] --START--
INFO: [ template_filter ] --START--
INFO: Run Behavior\ContentReplaceBehavior [ RunTime:0.000000s ]
INFO: [ template_filter ] --END-- [ RunTime:0.001000s ]
INFO: Run Behavior\ParseTemplateBehavior [ RunTime:0.047003s ]
INFO: [ view_parse ] --END-- [ RunTime:0.047003s ]
INFO: [ view_filter ] --START--
INFO: Run Behavior\WriteHtmlCacheBehavior [ RunTime:0.001000s ]
INFO: [ view_filter ] --END-- [ RunTime:0.001000s ]
INFO: [ app_end ] --START--
INFO: Run Behavior\ShowPageTraceBehavior [ RunTime:0.002000s ]
INFO: [ app_end ] --END-- [ RunTime:0.002000s ]

