[ 2017-12-09T09:34:42+08:00 ] 127.0.0.1 /
INFO: [ app_init ] --START--
INFO: Run Behavior\BuildLiteBehavior [ RunTime:0.000000s ]
INFO: [ app_init ] --END-- [ RunTime:0.002000s ]
INFO: [ app_begin ] --START--
INFO: Run Behavior\ReadHtmlCacheBehavior [ RunTime:0.002000s ]
INFO: [ app_begin ] --END-- [ RunTime:0.002000s ]
SQL: SHOW COLUMNS FROM `sm_sysconfig` [ RunTime:0.0090s ]
SQL: SELECT * FROM `sm_sysconfig`  [ RunTime:0.0060s ]

[ 2017-12-09T09:34:42+08:00 ] 127.0.0.1 /index.php?m=Admin&c=Login&a=login
INFO: [ app_init ] --START--
INFO: Run Behavior\BuildLiteBehavior [ RunTime:0.000000s ]
INFO: [ app_init ] --END-- [ RunTime:0.001000s ]
INFO: [ app_begin ] --START--
INFO: Run Behavior\ReadHtmlCacheBehavior [ RunTime:0.002000s ]
INFO: [ app_begin ] --END-- [ RunTime:0.002000s ]
SQL: SHOW COLUMNS FROM `sm_sysconfig` [ RunTime:0.0110s ]
SQL: SELECT * FROM `sm_sysconfig`  [ RunTime:0.0020s ]
INFO: [ view_parse ] --START--
INFO: [ template_filter ] --START--
INFO: Run Behavior\ContentReplaceBehavior [ RunTime:0.000000s ]
INFO: [ template_filter ] --END-- [ RunTime:0.000000s ]
INFO: Run Behavior\ParseTemplateBehavior [ RunTime:0.020001s ]
INFO: [ view_parse ] --END-- [ RunTime:0.020001s ]
INFO: [ view_filter ] --START--
INFO: Run Behavior\WriteHtmlCacheBehavior [ RunTime:0.002000s ]
INFO: [ view_filter ] --END-- [ RunTime:0.002000s ]
INFO: [ app_end ] --START--
INFO: Run Behavior\ShowPageTraceBehavior [ RunTime:0.002000s ]
INFO: [ app_end ] --END-- [ RunTime:0.002000s ]

[ 2017-12-09T09:34:42+08:00 ] 127.0.0.1 /index.php?m=Admin&c=Login&a=verify
INFO: [ app_init ] --START--
INFO: Run Behavior\BuildLiteBehavior [ RunTime:0.000000s ]
INFO: [ app_init ] --END-- [ RunTime:0.001000s ]
INFO: [ app_begin ] --START--
INFO: Run Behavior\ReadHtmlCacheBehavior [ RunTime:0.002000s ]
INFO: [ app_begin ] --END-- [ RunTime:0.002000s ]
SQL: SHOW COLUMNS FROM `sm_sysconfig` [ RunTime:0.0110s ]
SQL: SELECT * FROM `sm_sysconfig`  [ RunTime:0.0010s ]
INFO: [ app_end ] --START--
INFO: Run Behavior\ShowPageTraceBehavior [ RunTime:0.003000s ]
INFO: [ app_end ] --END-- [ RunTime:0.003000s ]

[ 2017-12-09T09:34:51+08:00 ] 127.0.0.1 /index.php?m=Admin&c=Login&a=runlogin
INFO: [ app_init ] --START--
INFO: Run Behavior\BuildLiteBehavior [ RunTime:0.000000s ]
INFO: [ app_init ] --END-- [ RunTime:0.002000s ]
INFO: [ app_begin ] --START--
INFO: Run Behavior\ReadHtmlCacheBehavior [ RunTime:0.001000s ]
INFO: [ app_begin ] --END-- [ RunTime:0.002000s ]
SQL: SHOW COLUMNS FROM `sm_sysconfig` [ RunTime:0.0080s ]
SQL: SELECT * FROM `sm_sysconfig`  [ RunTime:0.0020s ]
SQL: SHOW COLUMNS FROM `sm_admin` [ RunTime:0.0080s ]
SQL: SELECT * FROM `sm_admin` WHERE `admin_username` = 'admin' LIMIT 1   [ RunTime:0.0010s ]
SQL: UPDATE `sm_admin` SET `admin_hits`=admin_hits+1 WHERE `admin_username` = 'admin' [ RunTime:0.0010s ]
SQL: UPDATE `sm_admin` SET `admin_last_ip`='127.0.0.1',`admin_last_time`='1512630509',`admin_ip`='127.0.0.1',`admin_time`='1512783291' WHERE `admin_username` = 'admin' [ RunTime:0.0010s ]

[ 2017-12-09T09:34:52+08:00 ] 127.0.0.1 /index.php?m=Admin&c=Index&a=index
INFO: [ app_init ] --START--
INFO: Run Behavior\BuildLiteBehavior [ RunTime:0.000000s ]
INFO: [ app_init ] --END-- [ RunTime:0.001000s ]
INFO: [ app_begin ] --START--
INFO: Run Behavior\ReadHtmlCacheBehavior [ RunTime:0.001000s ]
INFO: [ app_begin ] --END-- [ RunTime:0.002000s ]
SQL: SHOW COLUMNS FROM `sm_sysconfig` [ RunTime:0.0160s ]
SQL: SELECT * FROM `sm_sysconfig`  [ RunTime:0.0020s ]
SQL: SHOW COLUMNS FROM `sm_auth_rule` [ RunTime:0.0080s ]
SQL: SELECT * FROM `sm_auth_rule` WHERE `status` = 1 ORDER BY `sort`  [ RunTime:0.0020s ]
SQL: SHOW COLUMNS FROM `sm_auth_group_access` [ RunTime:0.0080s ]
SQL: SELECT `uid`,`group_id`,`title`,`rules` FROM sm_auth_group_access a INNER JOIN sm_auth_group g on a.group_id=g.id  WHERE ( a.uid='1' )  [ RunTime:0.0010s ]
SQL: SHOW COLUMNS FROM `sm_auth_rule` [ RunTime:0.0070s ]
SQL: SELECT `condition`,`name` FROM `sm_auth_rule` WHERE `id` IN ('1','2','6','59','151','178','179','180','27','29','37','108','109','110','111','112','113','114','170','355','356','357','358','359','360','362','364','365','366','367','368','369','370','371','372','373','374','375','376','377','38','115','116','117','118','119','120','169','354','208','209','225','224','226','227','228','229','230','210','231','232','233','234','235','237','238','239','240','211','241','242','243','244','246','247','248','249','378','382','383','384','385','391','504','506','514','421','429','430','431','432','428','433','434','435','436','444','445','446','447','448','449','450','451','452','453','454','455','456','457','458','459','460','461','462','463','464','465','466','467','468','469','470','471','472','473','474','475','476','477','478','479','480','481','482','483','484','485','486','487','488','489','490','491','492','493','494','495','496','497','498','559','562','563','564','565','560','570','571','572','573','561','566','567','568','569','574','575','576','577','578','379','380','387','388','389','390','392','381','386','518','579','580','581','582','583','393','397','398','399','400','401','402','396','442','443','403','404','405','406','407','408','409','410','411','412','413','414','415','416','417','418','419','420','544','546','547','548','549','550','545','551','552','553','554','555','422','423','424','425','426','427','437','438','584','585','439','440','441','586','587','499','500','502','503','505','507','508','501','509','510','511','512','513','515','516','522','588','589','523','519','520','521','556','557','558','524','525','532','526','529','530','531','533','527','528','534','535','536','537','538','539','540','541','542','543') AND `type` = 1  [ RunTime:0.0030s ]
SQL: SELECT * FROM `sm_auth_rule` WHERE `name` = 'Admin/Index/index' AND `status` = 1 ORDER BY `level` desc,`sort` LIMIT 1   [ RunTime:0.0010s ]
SQL: SELECT * FROM `sm_auth_rule` WHERE `status` = 0 AND `name` = 'Admin/Index/index' ORDER BY `level` desc,`sort` LIMIT 1   [ RunTime:0.0020s ]
SQL: SELECT * FROM `sm_auth_rule` WHERE `status` = 1 AND `pid` = 0 ORDER BY `sort`  [ RunTime:0.0010s ]
NOTIC: [8] A non well formed numeric value encountered D:\phpStudy\WWW\shiyanshi\app\Admin\Controller\IndexController.class.php 第 24 行.
NOTIC: [8] A non well formed numeric value encountered D:\phpStudy\WWW\shiyanshi\app\Admin\Controller\IndexController.class.php 第 25 行.
INFO: [ view_parse ] --START--
INFO: [ template_filter ] --START--
INFO: Run Behavior\ContentReplaceBehavior [ RunTime:0.000000s ]
INFO: [ template_filter ] --END-- [ RunTime:0.000000s ]
NOTIC: [8] Undefined variable: recharge_type D:\phpStudy\WWW\shiyanshi\data\runtime\Cache\Admin\eaaaa69a3a7994270bfd9e5a4028ad15.php 第 244 行.
NOTIC: [8] Undefined variable: recharge_type D:\phpStudy\WWW\shiyanshi\data\runtime\Cache\Admin\eaaaa69a3a7994270bfd9e5a4028ad15.php 第 245 行.
NOTIC: [8] Undefined variable: recharge_type D:\phpStudy\WWW\shiyanshi\data\runtime\Cache\Admin\eaaaa69a3a7994270bfd9e5a4028ad15.php 第 246 行.
NOTIC: [8] Undefined variable: recharge_type D:\phpStudy\WWW\shiyanshi\data\runtime\Cache\Admin\eaaaa69a3a7994270bfd9e5a4028ad15.php 第 254 行.
NOTIC: [8] Undefined variable: recharge_type D:\phpStudy\WWW\shiyanshi\data\runtime\Cache\Admin\eaaaa69a3a7994270bfd9e5a4028ad15.php 第 255 行.
NOTIC: [8] Undefined variable: recharge_type D:\phpStudy\WWW\shiyanshi\data\runtime\Cache\Admin\eaaaa69a3a7994270bfd9e5a4028ad15.php 第 256 行.
INFO: Run Behavior\ParseTemplateBehavior [ RunTime:0.054003s ]
INFO: [ view_parse ] --END-- [ RunTime:0.054003s ]
INFO: [ view_filter ] --START--
INFO: Run Behavior\WriteHtmlCacheBehavior [ RunTime:0.002000s ]
INFO: [ view_filter ] --END-- [ RunTime:0.002000s ]
INFO: [ app_end ] --START--
INFO: Run Behavior\ShowPageTraceBehavior [ RunTime:0.004000s ]
INFO: [ app_end ] --END-- [ RunTime:0.004000s ]

[ 2017-12-09T11:27:15+08:00 ] 127.0.0.1 /index.php
INFO: [ app_init ] --START--
INFO: Run Behavior\BuildLiteBehavior [ RunTime:0.000000s ]
INFO: [ app_init ] --END-- [ RunTime:0.001000s ]
INFO: [ app_begin ] --START--
INFO: Run Behavior\ReadHtmlCacheBehavior [ RunTime:0.001000s ]
INFO: [ app_begin ] --END-- [ RunTime:0.001000s ]
SQL: SHOW COLUMNS FROM `sm_sysconfig` [ RunTime:0.0290s ]
SQL: SELECT * FROM `sm_sysconfig`  [ RunTime:0.0010s ]
SQL: SHOW COLUMNS FROM `sm_auth_rule` [ RunTime:0.0150s ]
SQL: SELECT * FROM `sm_auth_rule` WHERE `name` = 'Admin/Index/index' AND `status` = 1 ORDER BY `level` desc,`sort` LIMIT 1   [ RunTime:0.0010s ]
SQL: SELECT * FROM `sm_auth_rule` WHERE `status` = 0 AND `name` = 'Admin/Index/index' ORDER BY `level` desc,`sort` LIMIT 1   [ RunTime:0.0010s ]
SQL: SELECT * FROM `sm_auth_rule` WHERE `status` = 1 AND `pid` = 0 ORDER BY `sort`  [ RunTime:0.0010s ]
NOTIC: [8] A non well formed numeric value encountered D:\phpStudy\WWW\shiyanshi\app\Admin\Controller\IndexController.class.php 第 24 行.
NOTIC: [8] A non well formed numeric value encountered D:\phpStudy\WWW\shiyanshi\app\Admin\Controller\IndexController.class.php 第 25 行.
INFO: [ view_parse ] --START--
INFO: [ template_filter ] --START--
INFO: Run Behavior\ContentReplaceBehavior [ RunTime:0.001000s ]
INFO: [ template_filter ] --END-- [ RunTime:0.001000s ]
NOTIC: [8] Undefined variable: recharge_type D:\phpStudy\WWW\shiyanshi\data\runtime\Cache\Admin\eaaaa69a3a7994270bfd9e5a4028ad15.php 第 244 行.
NOTIC: [8] Undefined variable: recharge_type D:\phpStudy\WWW\shiyanshi\data\runtime\Cache\Admin\eaaaa69a3a7994270bfd9e5a4028ad15.php 第 245 行.
NOTIC: [8] Undefined variable: recharge_type D:\phpStudy\WWW\shiyanshi\data\runtime\Cache\Admin\eaaaa69a3a7994270bfd9e5a4028ad15.php 第 246 行.
NOTIC: [8] Undefined variable: recharge_type D:\phpStudy\WWW\shiyanshi\data\runtime\Cache\Admin\eaaaa69a3a7994270bfd9e5a4028ad15.php 第 254 行.
NOTIC: [8] Undefined variable: recharge_type D:\phpStudy\WWW\shiyanshi\data\runtime\Cache\Admin\eaaaa69a3a7994270bfd9e5a4028ad15.php 第 255 行.
NOTIC: [8] Undefined variable: recharge_type D:\phpStudy\WWW\shiyanshi\data\runtime\Cache\Admin\eaaaa69a3a7994270bfd9e5a4028ad15.php 第 256 行.
INFO: Run Behavior\ParseTemplateBehavior [ RunTime:0.051003s ]
INFO: [ view_parse ] --END-- [ RunTime:0.052003s ]
INFO: [ view_filter ] --START--
INFO: Run Behavior\WriteHtmlCacheBehavior [ RunTime:0.001000s ]
INFO: [ view_filter ] --END-- [ RunTime:0.001000s ]
INFO: [ app_end ] --START--
INFO: Run Behavior\ShowPageTraceBehavior [ RunTime:0.002000s ]
INFO: [ app_end ] --END-- [ RunTime:0.002000s ]

[ 2017-12-09T11:29:02+08:00 ] 127.0.0.1 /index.php
INFO: [ app_init ] --START--
INFO: Run Behavior\BuildLiteBehavior [ RunTime:0.000000s ]
INFO: [ app_init ] --END-- [ RunTime:0.001000s ]
INFO: [ app_begin ] --START--
INFO: Run Behavior\ReadHtmlCacheBehavior [ RunTime:0.002000s ]
INFO: [ app_begin ] --END-- [ RunTime:0.002000s ]
SQL: SHOW COLUMNS FROM `sm_sysconfig` [ RunTime:0.0310s ]
SQL: SELECT * FROM `sm_sysconfig`  [ RunTime:0.0010s ]
SQL: SHOW COLUMNS FROM `sm_auth_rule` [ RunTime:0.0130s ]
SQL: SELECT * FROM `sm_auth_rule` WHERE `name` = 'Admin/Index/index' AND `status` = 1 ORDER BY `level` desc,`sort` LIMIT 1   [ RunTime:0.0020s ]
SQL: SELECT * FROM `sm_auth_rule` WHERE `status` = 0 AND `name` = 'Admin/Index/index' ORDER BY `level` desc,`sort` LIMIT 1   [ RunTime:0.0020s ]
SQL: SELECT * FROM `sm_auth_rule` WHERE `status` = 1 AND `pid` = 0 ORDER BY `sort`  [ RunTime:0.0010s ]
NOTIC: [8] A non well formed numeric value encountered D:\phpStudy\WWW\shiyanshi\app\Admin\Controller\IndexController.class.php 第 24 行.
NOTIC: [8] A non well formed numeric value encountered D:\phpStudy\WWW\shiyanshi\app\Admin\Controller\IndexController.class.php 第 25 行.
INFO: [ view_parse ] --START--
INFO: [ template_filter ] --START--
INFO: Run Behavior\ContentReplaceBehavior [ RunTime:0.001000s ]
INFO: [ template_filter ] --END-- [ RunTime:0.001000s ]
NOTIC: [8] Undefined variable: recharge_type D:\phpStudy\WWW\shiyanshi\data\runtime\Cache\Admin\eaaaa69a3a7994270bfd9e5a4028ad15.php 第 244 行.
NOTIC: [8] Undefined variable: recharge_type D:\phpStudy\WWW\shiyanshi\data\runtime\Cache\Admin\eaaaa69a3a7994270bfd9e5a4028ad15.php 第 245 行.
NOTIC: [8] Undefined variable: recharge_type D:\phpStudy\WWW\shiyanshi\data\runtime\Cache\Admin\eaaaa69a3a7994270bfd9e5a4028ad15.php 第 246 行.
NOTIC: [8] Undefined variable: recharge_type D:\phpStudy\WWW\shiyanshi\data\runtime\Cache\Admin\eaaaa69a3a7994270bfd9e5a4028ad15.php 第 254 行.
NOTIC: [8] Undefined variable: recharge_type D:\phpStudy\WWW\shiyanshi\data\runtime\Cache\Admin\eaaaa69a3a7994270bfd9e5a4028ad15.php 第 255 行.
NOTIC: [8] Undefined variable: recharge_type D:\phpStudy\WWW\shiyanshi\data\runtime\Cache\Admin\eaaaa69a3a7994270bfd9e5a4028ad15.php 第 256 行.
INFO: Run Behavior\ParseTemplateBehavior [ RunTime:0.053003s ]
INFO: [ view_parse ] --END-- [ RunTime:0.053003s ]
INFO: [ view_filter ] --START--
INFO: Run Behavior\WriteHtmlCacheBehavior [ RunTime:0.001001s ]
INFO: [ view_filter ] --END-- [ RunTime:0.002001s ]
INFO: [ app_end ] --START--
INFO: Run Behavior\ShowPageTraceBehavior [ RunTime:0.003000s ]
INFO: [ app_end ] --END-- [ RunTime:0.003000s ]

[ 2017-12-09T11:54:47+08:00 ] 127.0.0.1 /index.php
INFO: [ app_init ] --START--
INFO: Run Behavior\BuildLiteBehavior [ RunTime:0.000000s ]
INFO: [ app_init ] --END-- [ RunTime:0.002000s ]
INFO: [ app_begin ] --START--
INFO: Run Behavior\ReadHtmlCacheBehavior [ RunTime:0.001000s ]
INFO: [ app_begin ] --END-- [ RunTime:0.002000s ]
SQL: SHOW COLUMNS FROM `sm_sysconfig` [ RunTime:0.0100s ]
SQL: SELECT * FROM `sm_sysconfig`  [ RunTime:0.0010s ]
SQL: SHOW COLUMNS FROM `sm_auth_rule` [ RunTime:0.0080s ]
SQL: SELECT * FROM `sm_auth_rule` WHERE `name` = 'Admin/Index/index' AND `status` = 1 ORDER BY `level` desc,`sort` LIMIT 1   [ RunTime:0.0010s ]
SQL: SELECT * FROM `sm_auth_rule` WHERE `status` = 0 AND `name` = 'Admin/Index/index' ORDER BY `level` desc,`sort` LIMIT 1   [ RunTime:0.0020s ]
SQL: SELECT * FROM `sm_auth_rule` WHERE `status` = 1 AND `pid` = 0 ORDER BY `sort`  [ RunTime:0.0010s ]
NOTIC: [8] A non well formed numeric value encountered D:\phpStudy\WWW\shiyanshi\app\Admin\Controller\IndexController.class.php 第 24 行.
NOTIC: [8] A non well formed numeric value encountered D:\phpStudy\WWW\shiyanshi\app\Admin\Controller\IndexController.class.php 第 25 行.
INFO: [ view_parse ] --START--
INFO: [ template_filter ] --START--
INFO: Run Behavior\ContentReplaceBehavior [ RunTime:0.001000s ]
INFO: [ template_filter ] --END-- [ RunTime:0.001000s ]
NOTIC: [8] Undefined variable: recharge_type D:\phpStudy\WWW\shiyanshi\data\runtime\Cache\Admin\eaaaa69a3a7994270bfd9e5a4028ad15.php 第 244 行.
NOTIC: [8] Undefined variable: recharge_type D:\phpStudy\WWW\shiyanshi\data\runtime\Cache\Admin\eaaaa69a3a7994270bfd9e5a4028ad15.php 第 245 行.
NOTIC: [8] Undefined variable: recharge_type D:\phpStudy\WWW\shiyanshi\data\runtime\Cache\Admin\eaaaa69a3a7994270bfd9e5a4028ad15.php 第 246 行.
NOTIC: [8] Undefined variable: recharge_type D:\phpStudy\WWW\shiyanshi\data\runtime\Cache\Admin\eaaaa69a3a7994270bfd9e5a4028ad15.php 第 254 行.
NOTIC: [8] Undefined variable: recharge_type D:\phpStudy\WWW\shiyanshi\data\runtime\Cache\Admin\eaaaa69a3a7994270bfd9e5a4028ad15.php 第 255 行.
NOTIC: [8] Undefined variable: recharge_type D:\phpStudy\WWW\shiyanshi\data\runtime\Cache\Admin\eaaaa69a3a7994270bfd9e5a4028ad15.php 第 256 行.
INFO: Run Behavior\ParseTemplateBehavior [ RunTime:0.054003s ]
INFO: [ view_parse ] --END-- [ RunTime:0.054003s ]
INFO: [ view_filter ] --START--
INFO: Run Behavior\WriteHtmlCacheBehavior [ RunTime:0.002000s ]
INFO: [ view_filter ] --END-- [ RunTime:0.002000s ]
INFO: [ app_end ] --START--
INFO: Run Behavior\ShowPageTraceBehavior [ RunTime:0.005000s ]
INFO: [ app_end ] --END-- [ RunTime:0.006000s ]

[ 2017-12-09T13:53:48+08:00 ] 127.0.0.1 /index.php
INFO: [ app_init ] --START--
INFO: Run Behavior\BuildLiteBehavior [ RunTime:0.000000s ]
INFO: [ app_init ] --END-- [ RunTime:0.001000s ]
INFO: [ app_begin ] --START--
INFO: Run Behavior\ReadHtmlCacheBehavior [ RunTime:0.006001s ]
INFO: [ app_begin ] --END-- [ RunTime:0.007001s ]
SQL: SHOW COLUMNS FROM `sm_sysconfig` [ RunTime:0.0160s ]
SQL: SELECT * FROM `sm_sysconfig`  [ RunTime:0.0010s ]
SQL: SHOW COLUMNS FROM `sm_auth_rule` [ RunTime:0.0140s ]
SQL: SELECT * FROM `sm_auth_rule` WHERE `name` = 'Admin/Index/index' AND `status` = 1 ORDER BY `level` desc,`sort` LIMIT 1   [ RunTime:0.0010s ]
SQL: SELECT * FROM `sm_auth_rule` WHERE `status` = 0 AND `name` = 'Admin/Index/index' ORDER BY `level` desc,`sort` LIMIT 1   [ RunTime:0.0020s ]
SQL: SELECT * FROM `sm_auth_rule` WHERE `status` = 1 AND `pid` = 0 ORDER BY `sort`  [ RunTime:0.0010s ]
NOTIC: [8] A non well formed numeric value encountered D:\phpStudy\WWW\shiyanshi\app\Admin\Controller\IndexController.class.php 第 24 行.
NOTIC: [8] A non well formed numeric value encountered D:\phpStudy\WWW\shiyanshi\app\Admin\Controller\IndexController.class.php 第 25 行.
INFO: [ view_parse ] --START--
INFO: [ template_filter ] --START--
INFO: Run Behavior\ContentReplaceBehavior [ RunTime:0.000000s ]
INFO: [ template_filter ] --END-- [ RunTime:0.000000s ]
NOTIC: [8] Undefined variable: recharge_type D:\phpStudy\WWW\shiyanshi\data\runtime\Cache\Admin\eaaaa69a3a7994270bfd9e5a4028ad15.php 第 244 行.
NOTIC: [8] Undefined variable: recharge_type D:\phpStudy\WWW\shiyanshi\data\runtime\Cache\Admin\eaaaa69a3a7994270bfd9e5a4028ad15.php 第 245 行.
NOTIC: [8] Undefined variable: recharge_type D:\phpStudy\WWW\shiyanshi\data\runtime\Cache\Admin\eaaaa69a3a7994270bfd9e5a4028ad15.php 第 246 行.
NOTIC: [8] Undefined variable: recharge_type D:\phpStudy\WWW\shiyanshi\data\runtime\Cache\Admin\eaaaa69a3a7994270bfd9e5a4028ad15.php 第 254 行.
NOTIC: [8] Undefined variable: recharge_type D:\phpStudy\WWW\shiyanshi\data\runtime\Cache\Admin\eaaaa69a3a7994270bfd9e5a4028ad15.php 第 255 行.
NOTIC: [8] Undefined variable: recharge_type D:\phpStudy\WWW\shiyanshi\data\runtime\Cache\Admin\eaaaa69a3a7994270bfd9e5a4028ad15.php 第 256 行.
INFO: Run Behavior\ParseTemplateBehavior [ RunTime:0.055003s ]
INFO: [ view_parse ] --END-- [ RunTime:0.055003s ]
INFO: [ view_filter ] --START--
INFO: Run Behavior\WriteHtmlCacheBehavior [ RunTime:0.002000s ]
INFO: [ view_filter ] --END-- [ RunTime:0.002000s ]
INFO: [ app_end ] --START--
INFO: Run Behavior\ShowPageTraceBehavior [ RunTime:0.002000s ]
INFO: [ app_end ] --END-- [ RunTime:0.003000s ]

[ 2017-12-09T14:00:12+08:00 ] 127.0.0.1 /index.php
INFO: [ app_init ] --START--
INFO: Run Behavior\BuildLiteBehavior [ RunTime:0.000000s ]
INFO: [ app_init ] --END-- [ RunTime:0.001000s ]
INFO: [ app_begin ] --START--
INFO: Run Behavior\ReadHtmlCacheBehavior [ RunTime:0.001000s ]
INFO: [ app_begin ] --END-- [ RunTime:0.002000s ]
SQL: SHOW COLUMNS FROM `sm_sysconfig` [ RunTime:0.0150s ]
SQL: SELECT * FROM `sm_sysconfig`  [ RunTime:0.0030s ]
SQL: SHOW COLUMNS FROM `sm_auth_rule` [ RunTime:0.0130s ]
SQL: SELECT * FROM `sm_auth_rule` WHERE `name` = 'Admin/Index/index' AND `status` = 1 ORDER BY `level` desc,`sort` LIMIT 1   [ RunTime:0.0010s ]
SQL: SELECT * FROM `sm_auth_rule` WHERE `status` = 0 AND `name` = 'Admin/Index/index' ORDER BY `level` desc,`sort` LIMIT 1   [ RunTime:0.0010s ]
SQL: SELECT * FROM `sm_auth_rule` WHERE `status` = 1 AND `pid` = 0 ORDER BY `sort`  [ RunTime:0.0020s ]
NOTIC: [8] A non well formed numeric value encountered D:\phpStudy\WWW\shiyanshi\app\Admin\Controller\IndexController.class.php 第 24 行.
NOTIC: [8] A non well formed numeric value encountered D:\phpStudy\WWW\shiyanshi\app\Admin\Controller\IndexController.class.php 第 25 行.
INFO: [ view_parse ] --START--
INFO: [ template_filter ] --START--
INFO: Run Behavior\ContentReplaceBehavior [ RunTime:0.000000s ]
INFO: [ template_filter ] --END-- [ RunTime:0.000000s ]
NOTIC: [8] Undefined variable: recharge_type D:\phpStudy\WWW\shiyanshi\data\runtime\Cache\Admin\eaaaa69a3a7994270bfd9e5a4028ad15.php 第 244 行.
NOTIC: [8] Undefined variable: recharge_type D:\phpStudy\WWW\shiyanshi\data\runtime\Cache\Admin\eaaaa69a3a7994270bfd9e5a4028ad15.php 第 245 行.
NOTIC: [8] Undefined variable: recharge_type D:\phpStudy\WWW\shiyanshi\data\runtime\Cache\Admin\eaaaa69a3a7994270bfd9e5a4028ad15.php 第 246 行.
NOTIC: [8] Undefined variable: recharge_type D:\phpStudy\WWW\shiyanshi\data\runtime\Cache\Admin\eaaaa69a3a7994270bfd9e5a4028ad15.php 第 254 行.
NOTIC: [8] Undefined variable: recharge_type D:\phpStudy\WWW\shiyanshi\data\runtime\Cache\Admin\eaaaa69a3a7994270bfd9e5a4028ad15.php 第 255 行.
NOTIC: [8] Undefined variable: recharge_type D:\phpStudy\WWW\shiyanshi\data\runtime\Cache\Admin\eaaaa69a3a7994270bfd9e5a4028ad15.php 第 256 行.
INFO: Run Behavior\ParseTemplateBehavior [ RunTime:0.058003s ]
INFO: [ view_parse ] --END-- [ RunTime:0.058003s ]
INFO: [ view_filter ] --START--
INFO: Run Behavior\WriteHtmlCacheBehavior [ RunTime:0.002000s ]
INFO: [ view_filter ] --END-- [ RunTime:0.002000s ]
INFO: [ app_end ] --START--
INFO: Run Behavior\ShowPageTraceBehavior [ RunTime:0.005000s ]
INFO: [ app_end ] --END-- [ RunTime:0.006000s ]

[ 2017-12-09T14:00:19+08:00 ] 127.0.0.1 /index.php
INFO: [ app_init ] --START--
INFO: Run Behavior\BuildLiteBehavior [ RunTime:0.000000s ]
INFO: [ app_init ] --END-- [ RunTime:0.001000s ]
INFO: [ app_begin ] --START--
INFO: Run Behavior\ReadHtmlCacheBehavior [ RunTime:0.001000s ]
INFO: [ app_begin ] --END-- [ RunTime:0.002000s ]
SQL: SHOW COLUMNS FROM `sm_sysconfig` [ RunTime:0.0160s ]
SQL: SELECT * FROM `sm_sysconfig`  [ RunTime:0.0020s ]
SQL: SHOW COLUMNS FROM `sm_auth_rule` [ RunTime:0.0140s ]
SQL: SELECT * FROM `sm_auth_rule` WHERE `name` = 'Admin/Index/index' AND `status` = 1 ORDER BY `level` desc,`sort` LIMIT 1   [ RunTime:0.0010s ]
SQL: SELECT * FROM `sm_auth_rule` WHERE `status` = 0 AND `name` = 'Admin/Index/index' ORDER BY `level` desc,`sort` LIMIT 1   [ RunTime:0.0010s ]
SQL: SELECT * FROM `sm_auth_rule` WHERE `status` = 1 AND `pid` = 0 ORDER BY `sort`  [ RunTime:0.0010s ]
NOTIC: [8] A non well formed numeric value encountered D:\phpStudy\WWW\shiyanshi\app\Admin\Controller\IndexController.class.php 第 24 行.
NOTIC: [8] A non well formed numeric value encountered D:\phpStudy\WWW\shiyanshi\app\Admin\Controller\IndexController.class.php 第 25 行.
INFO: [ view_parse ] --START--
INFO: [ template_filter ] --START--
INFO: Run Behavior\ContentReplaceBehavior [ RunTime:0.001000s ]
INFO: [ template_filter ] --END-- [ RunTime:0.001000s ]
NOTIC: [8] Undefined variable: recharge_type D:\phpStudy\WWW\shiyanshi\data\runtime\Cache\Admin\eaaaa69a3a7994270bfd9e5a4028ad15.php 第 244 行.
NOTIC: [8] Undefined variable: recharge_type D:\phpStudy\WWW\shiyanshi\data\runtime\Cache\Admin\eaaaa69a3a7994270bfd9e5a4028ad15.php 第 245 行.
NOTIC: [8] Undefined variable: recharge_type D:\phpStudy\WWW\shiyanshi\data\runtime\Cache\Admin\eaaaa69a3a7994270bfd9e5a4028ad15.php 第 246 行.
NOTIC: [8] Undefined variable: recharge_type D:\phpStudy\WWW\shiyanshi\data\runtime\Cache\Admin\eaaaa69a3a7994270bfd9e5a4028ad15.php 第 254 行.
NOTIC: [8] Undefined variable: recharge_type D:\phpStudy\WWW\shiyanshi\data\runtime\Cache\Admin\eaaaa69a3a7994270bfd9e5a4028ad15.php 第 255 行.
NOTIC: [8] Undefined variable: recharge_type D:\phpStudy\WWW\shiyanshi\data\runtime\Cache\Admin\eaaaa69a3a7994270bfd9e5a4028ad15.php 第 256 行.
INFO: Run Behavior\ParseTemplateBehavior [ RunTime:0.051003s ]
INFO: [ view_parse ] --END-- [ RunTime:0.051003s ]
INFO: [ view_filter ] --START--
INFO: Run Behavior\WriteHtmlCacheBehavior [ RunTime:0.001000s ]
INFO: [ view_filter ] --END-- [ RunTime:0.001000s ]
INFO: [ app_end ] --START--
INFO: Run Behavior\ShowPageTraceBehavior [ RunTime:0.008000s ]
INFO: [ app_end ] --END-- [ RunTime:0.009000s ]

[ 2017-12-09T14:00:53+08:00 ] 127.0.0.1 /index.php
INFO: [ app_init ] --START--
INFO: Run Behavior\BuildLiteBehavior [ RunTime:0.000000s ]
INFO: [ app_init ] --END-- [ RunTime:0.002000s ]
INFO: [ app_begin ] --START--
INFO: Run Behavior\ReadHtmlCacheBehavior [ RunTime:0.002000s ]
INFO: [ app_begin ] --END-- [ RunTime:0.002000s ]
SQL: SHOW COLUMNS FROM `sm_sysconfig` [ RunTime:0.0150s ]
SQL: SELECT * FROM `sm_sysconfig`  [ RunTime:0.0020s ]
SQL: SHOW COLUMNS FROM `sm_auth_rule` [ RunTime:0.0130s ]
SQL: SELECT * FROM `sm_auth_rule` WHERE `name` = 'Admin/Index/index' AND `status` = 1 ORDER BY `level` desc,`sort` LIMIT 1   [ RunTime:0.0020s ]
SQL: SELECT * FROM `sm_auth_rule` WHERE `status` = 0 AND `name` = 'Admin/Index/index' ORDER BY `level` desc,`sort` LIMIT 1   [ RunTime:0.0010s ]
SQL: SELECT * FROM `sm_auth_rule` WHERE `status` = 1 AND `pid` = 0 ORDER BY `sort`  [ RunTime:0.0040s ]
NOTIC: [8] A non well formed numeric value encountered D:\phpStudy\WWW\shiyanshi\app\Admin\Controller\IndexController.class.php 第 24 行.
NOTIC: [8] A non well formed numeric value encountered D:\phpStudy\WWW\shiyanshi\app\Admin\Controller\IndexController.class.php 第 25 行.
INFO: [ view_parse ] --START--
INFO: [ template_filter ] --START--
INFO: Run Behavior\ContentReplaceBehavior [ RunTime:0.000000s ]
INFO: [ template_filter ] --END-- [ RunTime:0.000000s ]
NOTIC: [8] Undefined variable: recharge_type D:\phpStudy\WWW\shiyanshi\data\runtime\Cache\Admin\eaaaa69a3a7994270bfd9e5a4028ad15.php 第 244 行.
NOTIC: [8] Undefined variable: recharge_type D:\phpStudy\WWW\shiyanshi\data\runtime\Cache\Admin\eaaaa69a3a7994270bfd9e5a4028ad15.php 第 245 行.
NOTIC: [8] Undefined variable: recharge_type D:\phpStudy\WWW\shiyanshi\data\runtime\Cache\Admin\eaaaa69a3a7994270bfd9e5a4028ad15.php 第 246 行.
NOTIC: [8] Undefined variable: recharge_type D:\phpStudy\WWW\shiyanshi\data\runtime\Cache\Admin\eaaaa69a3a7994270bfd9e5a4028ad15.php 第 254 行.
NOTIC: [8] Undefined variable: recharge_type D:\phpStudy\WWW\shiyanshi\data\runtime\Cache\Admin\eaaaa69a3a7994270bfd9e5a4028ad15.php 第 255 行.
NOTIC: [8] Undefined variable: recharge_type D:\phpStudy\WWW\shiyanshi\data\runtime\Cache\Admin\eaaaa69a3a7994270bfd9e5a4028ad15.php 第 256 行.
INFO: Run Behavior\ParseTemplateBehavior [ RunTime:0.050003s ]
INFO: [ view_parse ] --END-- [ RunTime:0.050003s ]
INFO: [ view_filter ] --START--
INFO: Run Behavior\WriteHtmlCacheBehavior [ RunTime:0.002000s ]
INFO: [ view_filter ] --END-- [ RunTime:0.002000s ]
INFO: [ app_end ] --START--
INFO: Run Behavior\ShowPageTraceBehavior [ RunTime:0.004000s ]
INFO: [ app_end ] --END-- [ RunTime:0.004000s ]

[ 2017-12-09T14:02:00+08:00 ] 127.0.0.1 /index.php
INFO: [ app_init ] --START--
INFO: Run Behavior\BuildLiteBehavior [ RunTime:0.000000s ]
INFO: [ app_init ] --END-- [ RunTime:0.001000s ]
INFO: [ app_begin ] --START--
INFO: Run Behavior\ReadHtmlCacheBehavior [ RunTime:0.002000s ]
INFO: [ app_begin ] --END-- [ RunTime:0.002000s ]
SQL: SHOW COLUMNS FROM `sm_sysconfig` [ RunTime:0.0130s ]
SQL: SELECT * FROM `sm_sysconfig`  [ RunTime:0.0010s ]
SQL: SHOW COLUMNS FROM `sm_auth_rule` [ RunTime:0.0120s ]
SQL: SELECT * FROM `sm_auth_rule` WHERE `name` = 'Admin/Index/index' AND `status` = 1 ORDER BY `level` desc,`sort` LIMIT 1   [ RunTime:0.0010s ]
SQL: SELECT * FROM `sm_auth_rule` WHERE `status` = 0 AND `name` = 'Admin/Index/index' ORDER BY `level` desc,`sort` LIMIT 1   [ RunTime:0.0020s ]
SQL: SELECT * FROM `sm_auth_rule` WHERE `status` = 1 AND `pid` = 0 ORDER BY `sort`  [ RunTime:0.0030s ]
NOTIC: [8] A non well formed numeric value encountered D:\phpStudy\WWW\shiyanshi\app\Admin\Controller\IndexController.class.php 第 24 行.
NOTIC: [8] A non well formed numeric value encountered D:\phpStudy\WWW\shiyanshi\app\Admin\Controller\IndexController.class.php 第 25 行.
INFO: [ view_parse ] --START--
INFO: [ template_filter ] --START--
INFO: Run Behavior\ContentReplaceBehavior [ RunTime:0.000000s ]
INFO: [ template_filter ] --END-- [ RunTime:0.000000s ]
NOTIC: [8] Undefined variable: recharge_type D:\phpStudy\WWW\shiyanshi\data\runtime\Cache\Admin\eaaaa69a3a7994270bfd9e5a4028ad15.php 第 244 行.
NOTIC: [8] Undefined variable: recharge_type D:\phpStudy\WWW\shiyanshi\data\runtime\Cache\Admin\eaaaa69a3a7994270bfd9e5a4028ad15.php 第 245 行.
NOTIC: [8] Undefined variable: recharge_type D:\phpStudy\WWW\shiyanshi\data\runtime\Cache\Admin\eaaaa69a3a7994270bfd9e5a4028ad15.php 第 246 行.
NOTIC: [8] Undefined variable: recharge_type D:\phpStudy\WWW\shiyanshi\data\runtime\Cache\Admin\eaaaa69a3a7994270bfd9e5a4028ad15.php 第 254 行.
NOTIC: [8] Undefined variable: recharge_type D:\phpStudy\WWW\shiyanshi\data\runtime\Cache\Admin\eaaaa69a3a7994270bfd9e5a4028ad15.php 第 255 行.
NOTIC: [8] Undefined variable: recharge_type D:\phpStudy\WWW\shiyanshi\data\runtime\Cache\Admin\eaaaa69a3a7994270bfd9e5a4028ad15.php 第 256 行.
INFO: Run Behavior\ParseTemplateBehavior [ RunTime:0.052003s ]
INFO: [ view_parse ] --END-- [ RunTime:0.052003s ]
INFO: [ view_filter ] --START--
INFO: Run Behavior\WriteHtmlCacheBehavior [ RunTime:0.002000s ]
INFO: [ view_filter ] --END-- [ RunTime:0.002000s ]
INFO: [ app_end ] --START--
INFO: Run Behavior\ShowPageTraceBehavior [ RunTime:0.007000s ]
INFO: [ app_end ] --END-- [ RunTime:0.007000s ]

[ 2017-12-09T14:02:59+08:00 ] 127.0.0.1 /index.php
INFO: [ app_init ] --START--
INFO: Run Behavior\BuildLiteBehavior [ RunTime:0.000000s ]
INFO: [ app_init ] --END-- [ RunTime:0.002001s ]
INFO: [ app_begin ] --START--
INFO: Run Behavior\ReadHtmlCacheBehavior [ RunTime:0.002000s ]
INFO: [ app_begin ] --END-- [ RunTime:0.003000s ]
SQL: SHOW COLUMNS FROM `sm_sysconfig` [ RunTime:0.0160s ]
SQL: SELECT * FROM `sm_sysconfig`  [ RunTime:0.0010s ]
SQL: SHOW COLUMNS FROM `sm_auth_rule` [ RunTime:0.0130s ]
SQL: SELECT * FROM `sm_auth_rule` WHERE `name` = 'Admin/Index/index' AND `status` = 1 ORDER BY `level` desc,`sort` LIMIT 1   [ RunTime:0.0020s ]
SQL: SELECT * FROM `sm_auth_rule` WHERE `status` = 0 AND `name` = 'Admin/Index/index' ORDER BY `level` desc,`sort` LIMIT 1   [ RunTime:0.0010s ]
SQL: SELECT * FROM `sm_auth_rule` WHERE `status` = 1 AND `pid` = 0 ORDER BY `sort`  [ RunTime:0.0010s ]
NOTIC: [8] A non well formed numeric value encountered D:\phpStudy\WWW\shiyanshi\app\Admin\Controller\IndexController.class.php 第 24 行.
NOTIC: [8] A non well formed numeric value encountered D:\phpStudy\WWW\shiyanshi\app\Admin\Controller\IndexController.class.php 第 25 行.
INFO: [ view_parse ] --START--
INFO: [ template_filter ] --START--
INFO: Run Behavior\ContentReplaceBehavior [ RunTime:0.000000s ]
INFO: [ template_filter ] --END-- [ RunTime:0.001001s ]
NOTIC: [8] Undefined variable: recharge_type D:\phpStudy\WWW\shiyanshi\data\runtime\Cache\Admin\eaaaa69a3a7994270bfd9e5a4028ad15.php 第 244 行.
NOTIC: [8] Undefined variable: recharge_type D:\phpStudy\WWW\shiyanshi\data\runtime\Cache\Admin\eaaaa69a3a7994270bfd9e5a4028ad15.php 第 245 行.
NOTIC: [8] Undefined variable: recharge_type D:\phpStudy\WWW\shiyanshi\data\runtime\Cache\Admin\eaaaa69a3a7994270bfd9e5a4028ad15.php 第 246 行.
NOTIC: [8] Undefined variable: recharge_type D:\phpStudy\WWW\shiyanshi\data\runtime\Cache\Admin\eaaaa69a3a7994270bfd9e5a4028ad15.php 第 254 行.
NOTIC: [8] Undefined variable: recharge_type D:\phpStudy\WWW\shiyanshi\data\runtime\Cache\Admin\eaaaa69a3a7994270bfd9e5a4028ad15.php 第 255 行.
NOTIC: [8] Undefined variable: recharge_type D:\phpStudy\WWW\shiyanshi\data\runtime\Cache\Admin\eaaaa69a3a7994270bfd9e5a4028ad15.php 第 256 行.
INFO: Run Behavior\ParseTemplateBehavior [ RunTime:0.053003s ]
INFO: [ view_parse ] --END-- [ RunTime:0.053003s ]
INFO: [ view_filter ] --START--
INFO: Run Behavior\WriteHtmlCacheBehavior [ RunTime:0.002000s ]
INFO: [ view_filter ] --END-- [ RunTime:0.002000s ]
INFO: [ app_end ] --START--
INFO: Run Behavior\ShowPageTraceBehavior [ RunTime:0.003000s ]
INFO: [ app_end ] --END-- [ RunTime:0.003000s ]

[ 2017-12-09T14:06:36+08:00 ] 127.0.0.1 /index.php
INFO: [ app_init ] --START--
INFO: Run Behavior\BuildLiteBehavior [ RunTime:0.000000s ]
INFO: [ app_init ] --END-- [ RunTime:0.001000s ]
INFO: [ app_begin ] --START--
INFO: Run Behavior\ReadHtmlCacheBehavior [ RunTime:0.002000s ]
INFO: [ app_begin ] --END-- [ RunTime:0.002000s ]
SQL: SHOW COLUMNS FROM `sm_sysconfig` [ RunTime:0.0140s ]
SQL: SELECT * FROM `sm_sysconfig`  [ RunTime:0.0020s ]
SQL: SHOW COLUMNS FROM `sm_auth_rule` [ RunTime:0.0080s ]
SQL: SELECT * FROM `sm_auth_rule` WHERE `name` = 'Admin/Index/index' AND `status` = 1 ORDER BY `level` desc,`sort` LIMIT 1   [ RunTime:0.0010s ]
SQL: SELECT * FROM `sm_auth_rule` WHERE `status` = 0 AND `name` = 'Admin/Index/index' ORDER BY `level` desc,`sort` LIMIT 1   [ RunTime:0.0020s ]
SQL: SELECT * FROM `sm_auth_rule` WHERE `status` = 1 AND `pid` = 0 ORDER BY `sort`  [ RunTime:0.0020s ]
NOTIC: [8] A non well formed numeric value encountered D:\phpStudy\WWW\shiyanshi\app\Admin\Controller\IndexController.class.php 第 24 行.
NOTIC: [8] A non well formed numeric value encountered D:\phpStudy\WWW\shiyanshi\app\Admin\Controller\IndexController.class.php 第 25 行.
INFO: [ view_parse ] --START--
INFO: [ template_filter ] --START--
INFO: Run Behavior\ContentReplaceBehavior [ RunTime:0.000000s ]
INFO: [ template_filter ] --END-- [ RunTime:0.000000s ]
NOTIC: [8] Undefined variable: recharge_type D:\phpStudy\WWW\shiyanshi\data\runtime\Cache\Admin\eaaaa69a3a7994270bfd9e5a4028ad15.php 第 244 行.
NOTIC: [8] Undefined variable: recharge_type D:\phpStudy\WWW\shiyanshi\data\runtime\Cache\Admin\eaaaa69a3a7994270bfd9e5a4028ad15.php 第 245 行.
NOTIC: [8] Undefined variable: recharge_type D:\phpStudy\WWW\shiyanshi\data\runtime\Cache\Admin\eaaaa69a3a7994270bfd9e5a4028ad15.php 第 246 行.
NOTIC: [8] Undefined variable: recharge_type D:\phpStudy\WWW\shiyanshi\data\runtime\Cache\Admin\eaaaa69a3a7994270bfd9e5a4028ad15.php 第 254 行.
NOTIC: [8] Undefined variable: recharge_type D:\phpStudy\WWW\shiyanshi\data\runtime\Cache\Admin\eaaaa69a3a7994270bfd9e5a4028ad15.php 第 255 行.
NOTIC: [8] Undefined variable: recharge_type D:\phpStudy\WWW\shiyanshi\data\runtime\Cache\Admin\eaaaa69a3a7994270bfd9e5a4028ad15.php 第 256 行.
INFO: Run Behavior\ParseTemplateBehavior [ RunTime:0.054003s ]
INFO: [ view_parse ] --END-- [ RunTime:0.054003s ]
INFO: [ view_filter ] --START--
INFO: Run Behavior\WriteHtmlCacheBehavior [ RunTime:0.001000s ]
INFO: [ view_filter ] --END-- [ RunTime:0.001000s ]
INFO: [ app_end ] --START--
INFO: Run Behavior\ShowPageTraceBehavior [ RunTime:0.010001s ]
INFO: [ app_end ] --END-- [ RunTime:0.010001s ]

[ 2017-12-09T14:06:41+08:00 ] 127.0.0.1 /index.php
INFO: [ app_init ] --START--
INFO: Run Behavior\BuildLiteBehavior [ RunTime:0.000000s ]
INFO: [ app_init ] --END-- [ RunTime:0.002000s ]
INFO: [ app_begin ] --START--
INFO: Run Behavior\ReadHtmlCacheBehavior [ RunTime:0.002000s ]
INFO: [ app_begin ] --END-- [ RunTime:0.002000s ]
SQL: SHOW COLUMNS FROM `sm_sysconfig` [ RunTime:0.0140s ]
SQL: SELECT * FROM `sm_sysconfig`  [ RunTime:0.0110s ]
SQL: SHOW COLUMNS FROM `sm_auth_rule` [ RunTime:0.0110s ]
SQL: SELECT * FROM `sm_auth_rule` WHERE `name` = 'Admin/Index/index' AND `status` = 1 ORDER BY `level` desc,`sort` LIMIT 1   [ RunTime:0.0020s ]
SQL: SELECT * FROM `sm_auth_rule` WHERE `status` = 0 AND `name` = 'Admin/Index/index' ORDER BY `level` desc,`sort` LIMIT 1   [ RunTime:0.0010s ]
SQL: SELECT * FROM `sm_auth_rule` WHERE `status` = 1 AND `pid` = 0 ORDER BY `sort`  [ RunTime:0.0020s ]
NOTIC: [8] A non well formed numeric value encountered D:\phpStudy\WWW\shiyanshi\app\Admin\Controller\IndexController.class.php 第 24 行.
NOTIC: [8] A non well formed numeric value encountered D:\phpStudy\WWW\shiyanshi\app\Admin\Controller\IndexController.class.php 第 25 行.
INFO: [ view_parse ] --START--
INFO: [ template_filter ] --START--
INFO: Run Behavior\ContentReplaceBehavior [ RunTime:0.001000s ]
INFO: [ template_filter ] --END-- [ RunTime:0.001000s ]
NOTIC: [8] Undefined variable: recharge_type D:\phpStudy\WWW\shiyanshi\data\runtime\Cache\Admin\eaaaa69a3a7994270bfd9e5a4028ad15.php 第 244 行.
NOTIC: [8] Undefined variable: recharge_type D:\phpStudy\WWW\shiyanshi\data\runtime\Cache\Admin\eaaaa69a3a7994270bfd9e5a4028ad15.php 第 245 行.
NOTIC: [8] Undefined variable: recharge_type D:\phpStudy\WWW\shiyanshi\data\runtime\Cache\Admin\eaaaa69a3a7994270bfd9e5a4028ad15.php 第 246 行.
NOTIC: [8] Undefined variable: recharge_type D:\phpStudy\WWW\shiyanshi\data\runtime\Cache\Admin\eaaaa69a3a7994270bfd9e5a4028ad15.php 第 254 行.
NOTIC: [8] Undefined variable: recharge_type D:\phpStudy\WWW\shiyanshi\data\runtime\Cache\Admin\eaaaa69a3a7994270bfd9e5a4028ad15.php 第 255 行.
NOTIC: [8] Undefined variable: recharge_type D:\phpStudy\WWW\shiyanshi\data\runtime\Cache\Admin\eaaaa69a3a7994270bfd9e5a4028ad15.php 第 256 行.
INFO: Run Behavior\ParseTemplateBehavior [ RunTime:0.061003s ]
INFO: [ view_parse ] --END-- [ RunTime:0.061003s ]
INFO: [ view_filter ] --START--
INFO: Run Behavior\WriteHtmlCacheBehavior [ RunTime:0.002000s ]
INFO: [ view_filter ] --END-- [ RunTime:0.002000s ]
INFO: [ app_end ] --START--
INFO: Run Behavior\ShowPageTraceBehavior [ RunTime:0.002000s ]
INFO: [ app_end ] --END-- [ RunTime:0.002000s ]

[ 2017-12-09T14:08:00+08:00 ] 127.0.0.1 /index.php
INFO: [ app_init ] --START--
INFO: Run Behavior\BuildLiteBehavior [ RunTime:0.000000s ]
INFO: [ app_init ] --END-- [ RunTime:0.002000s ]
INFO: [ app_begin ] --START--
INFO: Run Behavior\ReadHtmlCacheBehavior [ RunTime:0.001000s ]
INFO: [ app_begin ] --END-- [ RunTime:0.002000s ]
SQL: SHOW COLUMNS FROM `sm_sysconfig` [ RunTime:0.0170s ]
SQL: SELECT * FROM `sm_sysconfig`  [ RunTime:0.0030s ]
SQL: SHOW COLUMNS FROM `sm_auth_rule` [ RunTime:0.0090s ]
SQL: SELECT * FROM `sm_auth_rule` WHERE `name` = 'Admin/Index/index' AND `status` = 1 ORDER BY `level` desc,`sort` LIMIT 1   [ RunTime:0.0010s ]
SQL: SELECT * FROM `sm_auth_rule` WHERE `status` = 0 AND `name` = 'Admin/Index/index' ORDER BY `level` desc,`sort` LIMIT 1   [ RunTime:0.0020s ]
SQL: SELECT * FROM `sm_auth_rule` WHERE `status` = 1 AND `pid` = 0 ORDER BY `sort`  [ RunTime:0.0030s ]
NOTIC: [8] A non well formed numeric value encountered D:\phpStudy\WWW\shiyanshi\app\Admin\Controller\IndexController.class.php 第 24 行.
NOTIC: [8] A non well formed numeric value encountered D:\phpStudy\WWW\shiyanshi\app\Admin\Controller\IndexController.class.php 第 25 行.
INFO: [ view_parse ] --START--
INFO: [ template_filter ] --START--
INFO: Run Behavior\ContentReplaceBehavior [ RunTime:0.000000s ]
INFO: [ template_filter ] --END-- [ RunTime:0.001001s ]
NOTIC: [8] Undefined variable: recharge_type D:\phpStudy\WWW\shiyanshi\data\runtime\Cache\Admin\eaaaa69a3a7994270bfd9e5a4028ad15.php 第 244 行.
NOTIC: [8] Undefined variable: recharge_type D:\phpStudy\WWW\shiyanshi\data\runtime\Cache\Admin\eaaaa69a3a7994270bfd9e5a4028ad15.php 第 245 行.
NOTIC: [8] Undefined variable: recharge_type D:\phpStudy\WWW\shiyanshi\data\runtime\Cache\Admin\eaaaa69a3a7994270bfd9e5a4028ad15.php 第 246 行.
NOTIC: [8] Undefined variable: recharge_type D:\phpStudy\WWW\shiyanshi\data\runtime\Cache\Admin\eaaaa69a3a7994270bfd9e5a4028ad15.php 第 254 行.
NOTIC: [8] Undefined variable: recharge_type D:\phpStudy\WWW\shiyanshi\data\runtime\Cache\Admin\eaaaa69a3a7994270bfd9e5a4028ad15.php 第 255 行.
NOTIC: [8] Undefined variable: recharge_type D:\phpStudy\WWW\shiyanshi\data\runtime\Cache\Admin\eaaaa69a3a7994270bfd9e5a4028ad15.php 第 256 行.
INFO: Run Behavior\ParseTemplateBehavior [ RunTime:0.053003s ]
INFO: [ view_parse ] --END-- [ RunTime:0.053003s ]
INFO: [ view_filter ] --START--
INFO: Run Behavior\WriteHtmlCacheBehavior [ RunTime:0.008001s ]
INFO: [ view_filter ] --END-- [ RunTime:0.008001s ]
INFO: [ app_end ] --START--
INFO: Run Behavior\ShowPageTraceBehavior [ RunTime:0.003000s ]
INFO: [ app_end ] --END-- [ RunTime:0.003000s ]

[ 2017-12-09T14:08:06+08:00 ] 127.0.0.1 /index.php
INFO: [ app_init ] --START--
INFO: Run Behavior\BuildLiteBehavior [ RunTime:0.000000s ]
INFO: [ app_init ] --END-- [ RunTime:0.002000s ]
INFO: [ app_begin ] --START--
INFO: Run Behavior\ReadHtmlCacheBehavior [ RunTime:0.001000s ]
INFO: [ app_begin ] --END-- [ RunTime:0.001000s ]
SQL: SHOW COLUMNS FROM `sm_sysconfig` [ RunTime:0.0130s ]
SQL: SELECT * FROM `sm_sysconfig`  [ RunTime:0.0010s ]
SQL: SHOW COLUMNS FROM `sm_auth_rule` [ RunTime:0.0120s ]
SQL: SELECT * FROM `sm_auth_rule` WHERE `name` = 'Admin/Index/index' AND `status` = 1 ORDER BY `level` desc,`sort` LIMIT 1   [ RunTime:0.0020s ]
SQL: SELECT * FROM `sm_auth_rule` WHERE `status` = 0 AND `name` = 'Admin/Index/index' ORDER BY `level` desc,`sort` LIMIT 1   [ RunTime:0.0020s ]
SQL: SELECT * FROM `sm_auth_rule` WHERE `status` = 1 AND `pid` = 0 ORDER BY `sort`  [ RunTime:0.0020s ]
NOTIC: [8] A non well formed numeric value encountered D:\phpStudy\WWW\shiyanshi\app\Admin\Controller\IndexController.class.php 第 24 行.
NOTIC: [8] A non well formed numeric value encountered D:\phpStudy\WWW\shiyanshi\app\Admin\Controller\IndexController.class.php 第 25 行.
INFO: [ view_parse ] --START--
INFO: [ template_filter ] --START--
INFO: Run Behavior\ContentReplaceBehavior [ RunTime:0.000000s ]
INFO: [ template_filter ] --END-- [ RunTime:0.001000s ]
NOTIC: [8] Undefined variable: recharge_type D:\phpStudy\WWW\shiyanshi\data\runtime\Cache\Admin\eaaaa69a3a7994270bfd9e5a4028ad15.php 第 244 行.
NOTIC: [8] Undefined variable: recharge_type D:\phpStudy\WWW\shiyanshi\data\runtime\Cache\Admin\eaaaa69a3a7994270bfd9e5a4028ad15.php 第 245 行.
NOTIC: [8] Undefined variable: recharge_type D:\phpStudy\WWW\shiyanshi\data\runtime\Cache\Admin\eaaaa69a3a7994270bfd9e5a4028ad15.php 第 246 行.
NOTIC: [8] Undefined variable: recharge_type D:\phpStudy\WWW\shiyanshi\data\runtime\Cache\Admin\eaaaa69a3a7994270bfd9e5a4028ad15.php 第 254 行.
NOTIC: [8] Undefined variable: recharge_type D:\phpStudy\WWW\shiyanshi\data\runtime\Cache\Admin\eaaaa69a3a7994270bfd9e5a4028ad15.php 第 255 行.
NOTIC: [8] Undefined variable: recharge_type D:\phpStudy\WWW\shiyanshi\data\runtime\Cache\Admin\eaaaa69a3a7994270bfd9e5a4028ad15.php 第 256 行.
INFO: Run Behavior\ParseTemplateBehavior [ RunTime:0.054003s ]
INFO: [ view_parse ] --END-- [ RunTime:0.054003s ]
INFO: [ view_filter ] --START--
INFO: Run Behavior\WriteHtmlCacheBehavior [ RunTime:0.002000s ]
INFO: [ view_filter ] --END-- [ RunTime:0.002000s ]
INFO: [ app_end ] --START--
INFO: Run Behavior\ShowPageTraceBehavior [ RunTime:0.007000s ]
INFO: [ app_end ] --END-- [ RunTime:0.008001s ]

[ 2017-12-09T14:10:31+08:00 ] 127.0.0.1 /index.php
INFO: [ app_init ] --START--
INFO: Run Behavior\BuildLiteBehavior [ RunTime:0.000000s ]
INFO: [ app_init ] --END-- [ RunTime:0.001000s ]
INFO: [ app_begin ] --START--
INFO: Run Behavior\ReadHtmlCacheBehavior [ RunTime:0.002000s ]
INFO: [ app_begin ] --END-- [ RunTime:0.002000s ]
SQL: SHOW COLUMNS FROM `sm_sysconfig` [ RunTime:0.0140s ]
SQL: SELECT * FROM `sm_sysconfig`  [ RunTime:0.0020s ]
SQL: SHOW COLUMNS FROM `sm_auth_rule` [ RunTime:0.0120s ]
SQL: SELECT * FROM `sm_auth_rule` WHERE `name` = 'Admin/Index/index' AND `status` = 1 ORDER BY `level` desc,`sort` LIMIT 1   [ RunTime:0.0010s ]
SQL: SELECT * FROM `sm_auth_rule` WHERE `status` = 0 AND `name` = 'Admin/Index/index' ORDER BY `level` desc,`sort` LIMIT 1   [ RunTime:0.0010s ]
SQL: SELECT * FROM `sm_auth_rule` WHERE `status` = 1 AND `pid` = 0 ORDER BY `sort`  [ RunTime:0.0010s ]
NOTIC: [8] A non well formed numeric value encountered D:\phpStudy\WWW\shiyanshi\app\Admin\Controller\IndexController.class.php 第 24 行.
NOTIC: [8] A non well formed numeric value encountered D:\phpStudy\WWW\shiyanshi\app\Admin\Controller\IndexController.class.php 第 25 行.
INFO: [ view_parse ] --START--
INFO: [ template_filter ] --START--
INFO: Run Behavior\ContentReplaceBehavior [ RunTime:0.003000s ]
INFO: [ template_filter ] --END-- [ RunTime:0.003000s ]
NOTIC: [8] Undefined variable: recharge_type D:\phpStudy\WWW\shiyanshi\data\runtime\Cache\Admin\eaaaa69a3a7994270bfd9e5a4028ad15.php 第 244 行.
NOTIC: [8] Undefined variable: recharge_type D:\phpStudy\WWW\shiyanshi\data\runtime\Cache\Admin\eaaaa69a3a7994270bfd9e5a4028ad15.php 第 245 行.
NOTIC: [8] Undefined variable: recharge_type D:\phpStudy\WWW\shiyanshi\data\runtime\Cache\Admin\eaaaa69a3a7994270bfd9e5a4028ad15.php 第 246 行.
NOTIC: [8] Undefined variable: recharge_type D:\phpStudy\WWW\shiyanshi\data\runtime\Cache\Admin\eaaaa69a3a7994270bfd9e5a4028ad15.php 第 254 行.
NOTIC: [8] Undefined variable: recharge_type D:\phpStudy\WWW\shiyanshi\data\runtime\Cache\Admin\eaaaa69a3a7994270bfd9e5a4028ad15.php 第 255 行.
NOTIC: [8] Undefined variable: recharge_type D:\phpStudy\WWW\shiyanshi\data\runtime\Cache\Admin\eaaaa69a3a7994270bfd9e5a4028ad15.php 第 256 行.
INFO: Run Behavior\ParseTemplateBehavior [ RunTime:0.054004s ]
INFO: [ view_parse ] --END-- [ RunTime:0.054004s ]
INFO: [ view_filter ] --START--
INFO: Run Behavior\WriteHtmlCacheBehavior [ RunTime:0.002000s ]
INFO: [ view_filter ] --END-- [ RunTime:0.002000s ]
INFO: [ app_end ] --START--
INFO: Run Behavior\ShowPageTraceBehavior [ RunTime:0.004000s ]
INFO: [ app_end ] --END-- [ RunTime:0.004000s ]

[ 2017-12-09T14:58:04+08:00 ] 127.0.0.1 /index.php
INFO: [ app_init ] --START--
INFO: Run Behavior\BuildLiteBehavior [ RunTime:0.000000s ]
INFO: [ app_init ] --END-- [ RunTime:0.001001s ]
INFO: [ app_begin ] --START--
INFO: Run Behavior\ReadHtmlCacheBehavior [ RunTime:0.002000s ]
INFO: [ app_begin ] --END-- [ RunTime:0.003000s ]
SQL: SHOW COLUMNS FROM `sm_sysconfig` [ RunTime:0.0140s ]
SQL: SELECT * FROM `sm_sysconfig`  [ RunTime:0.0010s ]
SQL: SHOW COLUMNS FROM `sm_auth_rule` [ RunTime:0.0090s ]
SQL: SELECT * FROM `sm_auth_rule` WHERE `name` = 'Admin/Index/index' AND `status` = 1 ORDER BY `level` desc,`sort` LIMIT 1   [ RunTime:0.0010s ]
SQL: SELECT * FROM `sm_auth_rule` WHERE `status` = 0 AND `name` = 'Admin/Index/index' ORDER BY `level` desc,`sort` LIMIT 1   [ RunTime:0.0020s ]
SQL: SELECT * FROM `sm_auth_rule` WHERE `status` = 1 AND `pid` = 0 ORDER BY `sort`  [ RunTime:0.0020s ]
NOTIC: [8] A non well formed numeric value encountered D:\phpStudy\WWW\shiyanshi\app\Admin\Controller\IndexController.class.php 第 24 行.
NOTIC: [8] A non well formed numeric value encountered D:\phpStudy\WWW\shiyanshi\app\Admin\Controller\IndexController.class.php 第 25 行.
INFO: [ view_parse ] --START--
INFO: [ template_filter ] --START--
INFO: Run Behavior\ContentReplaceBehavior [ RunTime:0.001001s ]
INFO: [ template_filter ] --END-- [ RunTime:0.001001s ]
NOTIC: [8] Undefined variable: recharge_type D:\phpStudy\WWW\shiyanshi\data\runtime\Cache\Admin\eaaaa69a3a7994270bfd9e5a4028ad15.php 第 244 行.
NOTIC: [8] Undefined variable: recharge_type D:\phpStudy\WWW\shiyanshi\data\runtime\Cache\Admin\eaaaa69a3a7994270bfd9e5a4028ad15.php 第 245 行.
NOTIC: [8] Undefined variable: recharge_type D:\phpStudy\WWW\shiyanshi\data\runtime\Cache\Admin\eaaaa69a3a7994270bfd9e5a4028ad15.php 第 246 行.
NOTIC: [8] Undefined variable: recharge_type D:\phpStudy\WWW\shiyanshi\data\runtime\Cache\Admin\eaaaa69a3a7994270bfd9e5a4028ad15.php 第 254 行.
NOTIC: [8] Undefined variable: recharge_type D:\phpStudy\WWW\shiyanshi\data\runtime\Cache\Admin\eaaaa69a3a7994270bfd9e5a4028ad15.php 第 255 行.
NOTIC: [8] Undefined variable: recharge_type D:\phpStudy\WWW\shiyanshi\data\runtime\Cache\Admin\eaaaa69a3a7994270bfd9e5a4028ad15.php 第 256 行.
INFO: Run Behavior\ParseTemplateBehavior [ RunTime:0.057003s ]
INFO: [ view_parse ] --END-- [ RunTime:0.057003s ]
INFO: [ view_filter ] --START--
INFO: Run Behavior\WriteHtmlCacheBehavior [ RunTime:0.001000s ]
INFO: [ view_filter ] --END-- [ RunTime:0.001000s ]
INFO: [ app_end ] --START--
INFO: Run Behavior\ShowPageTraceBehavior [ RunTime:0.009000s ]
INFO: [ app_end ] --END-- [ RunTime:0.014001s ]

[ 2017-12-09T16:06:29+08:00 ] 127.0.0.1 /
INFO: [ app_init ] --START--
INFO: Run Behavior\BuildLiteBehavior [ RunTime:0.000000s ]
INFO: [ app_init ] --END-- [ RunTime:0.003000s ]
INFO: [ app_begin ] --START--
INFO: Run Behavior\ReadHtmlCacheBehavior [ RunTime:0.002000s ]
INFO: [ app_begin ] --END-- [ RunTime:0.002000s ]
SQL: SHOW COLUMNS FROM `sm_sysconfig` [ RunTime:0.0240s ]
SQL: SELECT * FROM `sm_sysconfig`  [ RunTime:0.0030s ]
SQL: SHOW COLUMNS FROM `sm_auth_rule` [ RunTime:0.0190s ]
SQL: SELECT * FROM `sm_auth_rule` WHERE `name` = 'Admin/Index/index' AND `status` = 1 ORDER BY `level` desc,`sort` LIMIT 1   [ RunTime:0.0010s ]
SQL: SELECT * FROM `sm_auth_rule` WHERE `status` = 0 AND `name` = 'Admin/Index/index' ORDER BY `level` desc,`sort` LIMIT 1   [ RunTime:0.0020s ]
SQL: SELECT * FROM `sm_auth_rule` WHERE `status` = 1 AND `pid` = 0 ORDER BY `sort`  [ RunTime:0.0020s ]
NOTIC: [8] A non well formed numeric value encountered D:\phpStudy\WWW\shiyanshi\app\Admin\Controller\IndexController.class.php 第 24 行.
NOTIC: [8] A non well formed numeric value encountered D:\phpStudy\WWW\shiyanshi\app\Admin\Controller\IndexController.class.php 第 25 行.
INFO: [ view_parse ] --START--
INFO: [ template_filter ] --START--
INFO: Run Behavior\ContentReplaceBehavior [ RunTime:0.000000s ]
INFO: [ template_filter ] --END-- [ RunTime:0.001000s ]
NOTIC: [8] Undefined variable: recharge_type D:\phpStudy\WWW\shiyanshi\data\runtime\Cache\Admin\eaaaa69a3a7994270bfd9e5a4028ad15.php 第 244 行.
NOTIC: [8] Undefined variable: recharge_type D:\phpStudy\WWW\shiyanshi\data\runtime\Cache\Admin\eaaaa69a3a7994270bfd9e5a4028ad15.php 第 245 行.
NOTIC: [8] Undefined variable: recharge_type D:\phpStudy\WWW\shiyanshi\data\runtime\Cache\Admin\eaaaa69a3a7994270bfd9e5a4028ad15.php 第 246 行.
NOTIC: [8] Undefined variable: recharge_type D:\phpStudy\WWW\shiyanshi\data\runtime\Cache\Admin\eaaaa69a3a7994270bfd9e5a4028ad15.php 第 254 行.
NOTIC: [8] Undefined variable: recharge_type D:\phpStudy\WWW\shiyanshi\data\runtime\Cache\Admin\eaaaa69a3a7994270bfd9e5a4028ad15.php 第 255 行.
NOTIC: [8] Undefined variable: recharge_type D:\phpStudy\WWW\shiyanshi\data\runtime\Cache\Admin\eaaaa69a3a7994270bfd9e5a4028ad15.php 第 256 行.
INFO: Run Behavior\ParseTemplateBehavior [ RunTime:0.046002s ]
INFO: [ view_parse ] --END-- [ RunTime:0.046002s ]
INFO: [ view_filter ] --START--
INFO: Run Behavior\WriteHtmlCacheBehavior [ RunTime:0.002000s ]
INFO: [ view_filter ] --END-- [ RunTime:0.002000s ]
INFO: [ app_end ] --START--
INFO: Run Behavior\ShowPageTraceBehavior [ RunTime:0.003001s ]
INFO: [ app_end ] --END-- [ RunTime:0.003001s ]

[ 2017-12-09T16:33:53+08:00 ] 127.0.0.1 /index.php
INFO: [ app_init ] --START--
INFO: Run Behavior\BuildLiteBehavior [ RunTime:0.000000s ]
INFO: [ app_init ] --END-- [ RunTime:0.001000s ]
INFO: [ app_begin ] --START--
INFO: Run Behavior\ReadHtmlCacheBehavior [ RunTime:0.001000s ]
INFO: [ app_begin ] --END-- [ RunTime:0.002000s ]
SQL: SHOW COLUMNS FROM `sm_sysconfig` [ RunTime:0.0110s ]
SQL: SELECT * FROM `sm_sysconfig`  [ RunTime:0.0030s ]
SQL: SHOW COLUMNS FROM `sm_auth_rule` [ RunTime:0.0220s ]
SQL: SELECT * FROM `sm_auth_rule` WHERE `name` = 'Admin/Index/index' AND `status` = 1 ORDER BY `level` desc,`sort` LIMIT 1   [ RunTime:0.0020s ]
SQL: SELECT * FROM `sm_auth_rule` WHERE `status` = 0 AND `name` = 'Admin/Index/index' ORDER BY `level` desc,`sort` LIMIT 1   [ RunTime:0.0020s ]
SQL: SELECT * FROM `sm_auth_rule` WHERE `status` = 1 AND `pid` = 0 ORDER BY `sort`  [ RunTime:0.0010s ]
NOTIC: [8] A non well formed numeric value encountered D:\phpStudy\WWW\shiyanshi\app\Admin\Controller\IndexController.class.php 第 24 行.
NOTIC: [8] A non well formed numeric value encountered D:\phpStudy\WWW\shiyanshi\app\Admin\Controller\IndexController.class.php 第 25 行.
INFO: [ view_parse ] --START--
INFO: [ template_filter ] --START--
INFO: Run Behavior\ContentReplaceBehavior [ RunTime:0.000000s ]
INFO: [ template_filter ] --END-- [ RunTime:0.001000s ]
NOTIC: [8] Undefined variable: recharge_type D:\phpStudy\WWW\shiyanshi\data\runtime\Cache\Admin\eaaaa69a3a7994270bfd9e5a4028ad15.php 第 244 行.
NOTIC: [8] Undefined variable: recharge_type D:\phpStudy\WWW\shiyanshi\data\runtime\Cache\Admin\eaaaa69a3a7994270bfd9e5a4028ad15.php 第 245 行.
NOTIC: [8] Undefined variable: recharge_type D:\phpStudy\WWW\shiyanshi\data\runtime\Cache\Admin\eaaaa69a3a7994270bfd9e5a4028ad15.php 第 246 行.
NOTIC: [8] Undefined variable: recharge_type D:\phpStudy\WWW\shiyanshi\data\runtime\Cache\Admin\eaaaa69a3a7994270bfd9e5a4028ad15.php 第 254 行.
NOTIC: [8] Undefined variable: recharge_type D:\phpStudy\WWW\shiyanshi\data\runtime\Cache\Admin\eaaaa69a3a7994270bfd9e5a4028ad15.php 第 255 行.
NOTIC: [8] Undefined variable: recharge_type D:\phpStudy\WWW\shiyanshi\data\runtime\Cache\Admin\eaaaa69a3a7994270bfd9e5a4028ad15.php 第 256 行.
INFO: Run Behavior\ParseTemplateBehavior [ RunTime:0.050003s ]
INFO: [ view_parse ] --END-- [ RunTime:0.050003s ]
INFO: [ view_filter ] --START--
INFO: Run Behavior\WriteHtmlCacheBehavior [ RunTime:0.002000s ]
INFO: [ view_filter ] --END-- [ RunTime:0.002000s ]
INFO: [ app_end ] --START--
INFO: Run Behavior\ShowPageTraceBehavior [ RunTime:0.007001s ]
INFO: [ app_end ] --END-- [ RunTime:0.007001s ]

[ 2017-12-09T16:40:59+08:00 ] 127.0.0.1 /index.php?m=Admin&c=Sys&a=clear
INFO: [ app_init ] --START--
INFO: Run Behavior\BuildLiteBehavior [ RunTime:0.000000s ]
INFO: [ app_init ] --END-- [ RunTime:0.003000s ]
INFO: [ app_begin ] --START--
INFO: Run Behavior\ReadHtmlCacheBehavior [ RunTime:0.002000s ]
INFO: [ app_begin ] --END-- [ RunTime:0.002000s ]
SQL: SHOW COLUMNS FROM `sm_sysconfig` [ RunTime:0.0140s ]
SQL: SELECT * FROM `sm_sysconfig`  [ RunTime:0.0030s ]
SQL: SHOW COLUMNS FROM `sm_auth_rule` [ RunTime:0.0160s ]
SQL: SELECT * FROM `sm_auth_rule` WHERE `name` = 'Admin/Sys/clear' AND `status` = 1 ORDER BY `level` desc,`sort` LIMIT 1   [ RunTime:0.0020s ]
SQL: SELECT * FROM `sm_auth_rule` WHERE `status` = 0 AND `name` = 'Admin/Sys/clear' ORDER BY `level` desc,`sort` LIMIT 1   [ RunTime:0.0010s ]
SQL: SELECT * FROM `sm_auth_rule` WHERE `status` = 1 AND `pid` = 0 ORDER BY `sort`  [ RunTime:0.0020s ]

[ 2017-12-09T17:34:28+08:00 ] 127.0.0.1 /index.php
INFO: [ app_init ] --START--
INFO: Run Behavior\BuildLiteBehavior [ RunTime:0.000000s ]
INFO: [ app_init ] --END-- [ RunTime:0.002000s ]
INFO: [ app_begin ] --START--
INFO: Run Behavior\ReadHtmlCacheBehavior [ RunTime:0.002001s ]
INFO: [ app_begin ] --END-- [ RunTime:0.003001s ]
SQL: SHOW COLUMNS FROM `sm_sysconfig` [ RunTime:0.0240s ]
SQL: SELECT * FROM `sm_sysconfig`  [ RunTime:0.0030s ]
SQL: SHOW COLUMNS FROM `sm_auth_rule` [ RunTime:0.0240s ]
SQL: SELECT * FROM `sm_auth_rule` WHERE `name` = 'Admin/Index/index' AND `status` = 1 ORDER BY `level` desc,`sort` LIMIT 1   [ RunTime:0.0020s ]
SQL: SELECT * FROM `sm_auth_rule` WHERE `status` = 0 AND `name` = 'Admin/Index/index' ORDER BY `level` desc,`sort` LIMIT 1   [ RunTime:0.0020s ]
SQL: SELECT * FROM `sm_auth_rule` WHERE `status` = 1 AND `pid` = 0 ORDER BY `sort`  [ RunTime:0.0010s ]
NOTIC: [8] A non well formed numeric value encountered D:\phpStudy\WWW\shiyanshi\app\Admin\Controller\IndexController.class.php 第 24 行.
NOTIC: [8] A non well formed numeric value encountered D:\phpStudy\WWW\shiyanshi\app\Admin\Controller\IndexController.class.php 第 25 行.
INFO: [ view_parse ] --START--
INFO: [ template_filter ] --START--
INFO: Run Behavior\ContentReplaceBehavior [ RunTime:0.000000s ]
INFO: [ template_filter ] --END-- [ RunTime:0.001000s ]
NOTIC: [8] Undefined variable: recharge_type D:\phpStudy\WWW\shiyanshi\data\runtime\Cache\Admin\eaaaa69a3a7994270bfd9e5a4028ad15.php 第 244 行.
NOTIC: [8] Undefined variable: recharge_type D:\phpStudy\WWW\shiyanshi\data\runtime\Cache\Admin\eaaaa69a3a7994270bfd9e5a4028ad15.php 第 245 行.
NOTIC: [8] Undefined variable: recharge_type D:\phpStudy\WWW\shiyanshi\data\runtime\Cache\Admin\eaaaa69a3a7994270bfd9e5a4028ad15.php 第 246 行.
NOTIC: [8] Undefined variable: recharge_type D:\phpStudy\WWW\shiyanshi\data\runtime\Cache\Admin\eaaaa69a3a7994270bfd9e5a4028ad15.php 第 254 行.
NOTIC: [8] Undefined variable: recharge_type D:\phpStudy\WWW\shiyanshi\data\runtime\Cache\Admin\eaaaa69a3a7994270bfd9e5a4028ad15.php 第 255 行.
NOTIC: [8] Undefined variable: recharge_type D:\phpStudy\WWW\shiyanshi\data\runtime\Cache\Admin\eaaaa69a3a7994270bfd9e5a4028ad15.php 第 256 行.
INFO: Run Behavior\ParseTemplateBehavior [ RunTime:0.056004s ]
INFO: [ view_parse ] --END-- [ RunTime:0.056004s ]
INFO: [ view_filter ] --START--
INFO: Run Behavior\WriteHtmlCacheBehavior [ RunTime:0.003000s ]
INFO: [ view_filter ] --END-- [ RunTime:0.003000s ]
INFO: [ app_end ] --START--
INFO: Run Behavior\ShowPageTraceBehavior [ RunTime:0.007000s ]
INFO: [ app_end ] --END-- [ RunTime:0.007000s ]

[ 2017-12-09T17:34:41+08:00 ] 127.0.0.1 /index.php
INFO: [ app_init ] --START--
INFO: Run Behavior\BuildLiteBehavior [ RunTime:0.000000s ]
INFO: [ app_init ] --END-- [ RunTime:0.002000s ]
INFO: [ app_begin ] --START--
INFO: Run Behavior\ReadHtmlCacheBehavior [ RunTime:0.002001s ]
INFO: [ app_begin ] --END-- [ RunTime:0.002001s ]
SQL: SHOW COLUMNS FROM `sm_sysconfig` [ RunTime:0.0090s ]
SQL: SELECT * FROM `sm_sysconfig`  [ RunTime:0.0010s ]
SQL: SHOW COLUMNS FROM `sm_auth_rule` [ RunTime:0.0150s ]
SQL: SELECT * FROM `sm_auth_rule` WHERE `name` = 'Admin/Index/index' AND `status` = 1 ORDER BY `level` desc,`sort` LIMIT 1   [ RunTime:0.0020s ]
SQL: SELECT * FROM `sm_auth_rule` WHERE `status` = 0 AND `name` = 'Admin/Index/index' ORDER BY `level` desc,`sort` LIMIT 1   [ RunTime:0.0020s ]
SQL: SELECT * FROM `sm_auth_rule` WHERE `status` = 1 AND `pid` = 0 ORDER BY `sort`  [ RunTime:0.0010s ]
NOTIC: [8] A non well formed numeric value encountered D:\phpStudy\WWW\shiyanshi\app\Admin\Controller\IndexController.class.php 第 24 行.
NOTIC: [8] A non well formed numeric value encountered D:\phpStudy\WWW\shiyanshi\app\Admin\Controller\IndexController.class.php 第 25 行.
INFO: [ view_parse ] --START--
INFO: [ template_filter ] --START--
INFO: Run Behavior\ContentReplaceBehavior [ RunTime:0.000000s ]
INFO: [ template_filter ] --END-- [ RunTime:0.001000s ]
NOTIC: [8] Undefined variable: recharge_type D:\phpStudy\WWW\shiyanshi\data\runtime\Cache\Admin\eaaaa69a3a7994270bfd9e5a4028ad15.php 第 244 行.
NOTIC: [8] Undefined variable: recharge_type D:\phpStudy\WWW\shiyanshi\data\runtime\Cache\Admin\eaaaa69a3a7994270bfd9e5a4028ad15.php 第 245 行.
NOTIC: [8] Undefined variable: recharge_type D:\phpStudy\WWW\shiyanshi\data\runtime\Cache\Admin\eaaaa69a3a7994270bfd9e5a4028ad15.php 第 246 行.
NOTIC: [8] Undefined variable: recharge_type D:\phpStudy\WWW\shiyanshi\data\runtime\Cache\Admin\eaaaa69a3a7994270bfd9e5a4028ad15.php 第 254 行.
NOTIC: [8] Undefined variable: recharge_type D:\phpStudy\WWW\shiyanshi\data\runtime\Cache\Admin\eaaaa69a3a7994270bfd9e5a4028ad15.php 第 255 行.
NOTIC: [8] Undefined variable: recharge_type D:\phpStudy\WWW\shiyanshi\data\runtime\Cache\Admin\eaaaa69a3a7994270bfd9e5a4028ad15.php 第 256 行.
INFO: Run Behavior\ParseTemplateBehavior [ RunTime:0.061003s ]
INFO: [ view_parse ] --END-- [ RunTime:0.061003s ]
INFO: [ view_filter ] --START--
INFO: Run Behavior\WriteHtmlCacheBehavior [ RunTime:0.001000s ]
INFO: [ view_filter ] --END-- [ RunTime:0.001000s ]
INFO: [ app_end ] --START--
INFO: Run Behavior\ShowPageTraceBehavior [ RunTime:0.003000s ]
INFO: [ app_end ] --END-- [ RunTime:0.003000s ]

[ 2017-12-09T17:34:51+08:00 ] 127.0.0.1 /index.php
INFO: [ app_init ] --START--
INFO: Run Behavior\BuildLiteBehavior [ RunTime:0.000000s ]
INFO: [ app_init ] --END-- [ RunTime:0.004001s ]
INFO: [ app_begin ] --START--
INFO: Run Behavior\ReadHtmlCacheBehavior [ RunTime:0.001000s ]
INFO: [ app_begin ] --END-- [ RunTime:0.001000s ]
SQL: SHOW COLUMNS FROM `sm_sysconfig` [ RunTime:0.0220s ]
SQL: SELECT * FROM `sm_sysconfig`  [ RunTime:0.0040s ]
SQL: SHOW COLUMNS FROM `sm_auth_rule` [ RunTime:0.0090s ]
SQL: SELECT * FROM `sm_auth_rule` WHERE `name` = 'Admin/Index/index' AND `status` = 1 ORDER BY `level` desc,`sort` LIMIT 1   [ RunTime:0.0050s ]
SQL: SELECT * FROM `sm_auth_rule` WHERE `status` = 0 AND `name` = 'Admin/Index/index' ORDER BY `level` desc,`sort` LIMIT 1   [ RunTime:0.0020s ]
SQL: SELECT * FROM `sm_auth_rule` WHERE `status` = 1 AND `pid` = 0 ORDER BY `sort`  [ RunTime:0.0010s ]
NOTIC: [8] A non well formed numeric value encountered D:\phpStudy\WWW\shiyanshi\app\Admin\Controller\IndexController.class.php 第 24 行.
NOTIC: [8] A non well formed numeric value encountered D:\phpStudy\WWW\shiyanshi\app\Admin\Controller\IndexController.class.php 第 25 行.
INFO: [ view_parse ] --START--
INFO: [ template_filter ] --START--
INFO: Run Behavior\ContentReplaceBehavior [ RunTime:0.001000s ]
INFO: [ template_filter ] --END-- [ RunTime:0.001000s ]
NOTIC: [8] Undefined variable: recharge_type D:\phpStudy\WWW\shiyanshi\data\runtime\Cache\Admin\eaaaa69a3a7994270bfd9e5a4028ad15.php 第 244 行.
NOTIC: [8] Undefined variable: recharge_type D:\phpStudy\WWW\shiyanshi\data\runtime\Cache\Admin\eaaaa69a3a7994270bfd9e5a4028ad15.php 第 245 行.
NOTIC: [8] Undefined variable: recharge_type D:\phpStudy\WWW\shiyanshi\data\runtime\Cache\Admin\eaaaa69a3a7994270bfd9e5a4028ad15.php 第 246 行.
NOTIC: [8] Undefined variable: recharge_type D:\phpStudy\WWW\shiyanshi\data\runtime\Cache\Admin\eaaaa69a3a7994270bfd9e5a4028ad15.php 第 254 行.
NOTIC: [8] Undefined variable: recharge_type D:\phpStudy\WWW\shiyanshi\data\runtime\Cache\Admin\eaaaa69a3a7994270bfd9e5a4028ad15.php 第 255 行.
NOTIC: [8] Undefined variable: recharge_type D:\phpStudy\WWW\shiyanshi\data\runtime\Cache\Admin\eaaaa69a3a7994270bfd9e5a4028ad15.php 第 256 行.
INFO: Run Behavior\ParseTemplateBehavior [ RunTime:0.089005s ]
INFO: [ view_parse ] --END-- [ RunTime:0.089005s ]
INFO: [ view_filter ] --START--
INFO: Run Behavior\WriteHtmlCacheBehavior [ RunTime:0.001000s ]
INFO: [ view_filter ] --END-- [ RunTime:0.001000s ]
INFO: [ app_end ] --START--
INFO: Run Behavior\ShowPageTraceBehavior [ RunTime:0.002000s ]
INFO: [ app_end ] --END-- [ RunTime:0.003000s ]

[ 2017-12-09T17:35:04+08:00 ] 127.0.0.1 /index.php
INFO: [ app_init ] --START--
INFO: Run Behavior\BuildLiteBehavior [ RunTime:0.000000s ]
INFO: [ app_init ] --END-- [ RunTime:0.002000s ]
INFO: [ app_begin ] --START--
INFO: Run Behavior\ReadHtmlCacheBehavior [ RunTime:0.002000s ]
INFO: [ app_begin ] --END-- [ RunTime:0.002000s ]
SQL: SHOW COLUMNS FROM `sm_sysconfig` [ RunTime:0.0110s ]
SQL: SELECT * FROM `sm_sysconfig`  [ RunTime:0.0030s ]
SQL: SHOW COLUMNS FROM `sm_auth_rule` [ RunTime:0.0090s ]
SQL: SELECT * FROM `sm_auth_rule` WHERE `name` = 'Admin/Index/index' AND `status` = 1 ORDER BY `level` desc,`sort` LIMIT 1   [ RunTime:0.0030s ]
SQL: SELECT * FROM `sm_auth_rule` WHERE `status` = 0 AND `name` = 'Admin/Index/index' ORDER BY `level` desc,`sort` LIMIT 1   [ RunTime:0.0020s ]
SQL: SELECT * FROM `sm_auth_rule` WHERE `status` = 1 AND `pid` = 0 ORDER BY `sort`  [ RunTime:0.0030s ]
NOTIC: [8] A non well formed numeric value encountered D:\phpStudy\WWW\shiyanshi\app\Admin\Controller\IndexController.class.php 第 24 行.
NOTIC: [8] A non well formed numeric value encountered D:\phpStudy\WWW\shiyanshi\app\Admin\Controller\IndexController.class.php 第 25 行.
INFO: [ view_parse ] --START--
INFO: [ template_filter ] --START--
INFO: Run Behavior\ContentReplaceBehavior [ RunTime:0.002000s ]
INFO: [ template_filter ] --END-- [ RunTime:0.002000s ]
NOTIC: [8] Undefined variable: recharge_type D:\phpStudy\WWW\shiyanshi\data\runtime\Cache\Admin\eaaaa69a3a7994270bfd9e5a4028ad15.php 第 244 行.
NOTIC: [8] Undefined variable: recharge_type D:\phpStudy\WWW\shiyanshi\data\runtime\Cache\Admin\eaaaa69a3a7994270bfd9e5a4028ad15.php 第 245 行.
NOTIC: [8] Undefined variable: recharge_type D:\phpStudy\WWW\shiyanshi\data\runtime\Cache\Admin\eaaaa69a3a7994270bfd9e5a4028ad15.php 第 246 行.
NOTIC: [8] Undefined variable: recharge_type D:\phpStudy\WWW\shiyanshi\data\runtime\Cache\Admin\eaaaa69a3a7994270bfd9e5a4028ad15.php 第 254 行.
NOTIC: [8] Undefined variable: recharge_type D:\phpStudy\WWW\shiyanshi\data\runtime\Cache\Admin\eaaaa69a3a7994270bfd9e5a4028ad15.php 第 255 行.
NOTIC: [8] Undefined variable: recharge_type D:\phpStudy\WWW\shiyanshi\data\runtime\Cache\Admin\eaaaa69a3a7994270bfd9e5a4028ad15.php 第 256 行.
INFO: Run Behavior\ParseTemplateBehavior [ RunTime:0.068004s ]
INFO: [ view_parse ] --END-- [ RunTime:0.069004s ]
INFO: [ view_filter ] --START--
INFO: Run Behavior\WriteHtmlCacheBehavior [ RunTime:0.001000s ]
INFO: [ view_filter ] --END-- [ RunTime:0.001000s ]
INFO: [ app_end ] --START--
INFO: Run Behavior\ShowPageTraceBehavior [ RunTime:0.022001s ]
INFO: [ app_end ] --END-- [ RunTime:0.023001s ]

[ 2017-12-09T17:35:31+08:00 ] 127.0.0.1 /index.php?m=Admin&c=Login&a=logout
INFO: [ app_init ] --START--
INFO: Run Behavior\BuildLiteBehavior [ RunTime:0.000000s ]
INFO: [ app_init ] --END-- [ RunTime:0.001000s ]
INFO: [ app_begin ] --START--
INFO: Run Behavior\ReadHtmlCacheBehavior [ RunTime:0.002000s ]
INFO: [ app_begin ] --END-- [ RunTime:0.002000s ]
SQL: SHOW COLUMNS FROM `sm_sysconfig` [ RunTime:0.0100s ]
SQL: SELECT * FROM `sm_sysconfig`  [ RunTime:0.0010s ]

[ 2017-12-09T17:35:31+08:00 ] 127.0.0.1 /index.php?m=Admin&c=Login&a=login
INFO: [ app_init ] --START--
INFO: Run Behavior\BuildLiteBehavior [ RunTime:0.001000s ]
INFO: [ app_init ] --END-- [ RunTime:0.002000s ]
INFO: [ app_begin ] --START--
INFO: Run Behavior\ReadHtmlCacheBehavior [ RunTime:0.003000s ]
INFO: [ app_begin ] --END-- [ RunTime:0.003000s ]
SQL: SHOW COLUMNS FROM `sm_sysconfig` [ RunTime:0.0210s ]
SQL: SELECT * FROM `sm_sysconfig`  [ RunTime:0.0010s ]
INFO: [ view_parse ] --START--
INFO: [ template_filter ] --START--
INFO: Run Behavior\ContentReplaceBehavior [ RunTime:0.001000s ]
INFO: [ template_filter ] --END-- [ RunTime:0.001000s ]
INFO: Run Behavior\ParseTemplateBehavior [ RunTime:0.021001s ]
INFO: [ view_parse ] --END-- [ RunTime:0.021001s ]
INFO: [ view_filter ] --START--
INFO: Run Behavior\WriteHtmlCacheBehavior [ RunTime:0.002000s ]
INFO: [ view_filter ] --END-- [ RunTime:0.002000s ]
INFO: [ app_end ] --START--
INFO: Run Behavior\ShowPageTraceBehavior [ RunTime:0.002000s ]
INFO: [ app_end ] --END-- [ RunTime:0.002000s ]

[ 2017-12-09T17:35:31+08:00 ] 127.0.0.1 /index.php?m=Admin&c=Login&a=verify
INFO: [ app_init ] --START--
INFO: Run Behavior\BuildLiteBehavior [ RunTime:0.000000s ]
INFO: [ app_init ] --END-- [ RunTime:0.001000s ]
INFO: [ app_begin ] --START--
INFO: Run Behavior\ReadHtmlCacheBehavior [ RunTime:0.001000s ]
INFO: [ app_begin ] --END-- [ RunTime:0.002000s ]
SQL: SHOW COLUMNS FROM `sm_sysconfig` [ RunTime:0.0080s ]
SQL: SELECT * FROM `sm_sysconfig`  [ RunTime:0.0020s ]
INFO: [ app_end ] --START--
INFO: Run Behavior\ShowPageTraceBehavior [ RunTime:0.002000s ]
INFO: [ app_end ] --END-- [ RunTime:0.002000s ]

[ 2017-12-09T17:35:38+08:00 ] 127.0.0.1 /index.php?m=Admin&c=Login&a=runlogin
INFO: [ app_init ] --START--
INFO: Run Behavior\BuildLiteBehavior [ RunTime:0.000000s ]
INFO: [ app_init ] --END-- [ RunTime:0.001000s ]
INFO: [ app_begin ] --START--
INFO: Run Behavior\ReadHtmlCacheBehavior [ RunTime:0.002001s ]
INFO: [ app_begin ] --END-- [ RunTime:0.002001s ]
SQL: SHOW COLUMNS FROM `sm_sysconfig` [ RunTime:0.0150s ]
SQL: SELECT * FROM `sm_sysconfig`  [ RunTime:0.0020s ]

[ 2017-12-09T17:35:38+08:00 ] 127.0.0.1 /index.php?m=Admin&c=Login&a=verify&0.6936443486682593
INFO: [ app_init ] --START--
INFO: Run Behavior\BuildLiteBehavior [ RunTime:0.000000s ]
INFO: [ app_init ] --END-- [ RunTime:0.001000s ]
INFO: [ app_begin ] --START--
INFO: Run Behavior\ReadHtmlCacheBehavior [ RunTime:0.002000s ]
INFO: [ app_begin ] --END-- [ RunTime:0.002000s ]
SQL: SHOW COLUMNS FROM `sm_sysconfig` [ RunTime:0.0230s ]
SQL: SELECT * FROM `sm_sysconfig`  [ RunTime:0.0020s ]
INFO: [ app_end ] --START--
INFO: Run Behavior\ShowPageTraceBehavior [ RunTime:0.002001s ]
INFO: [ app_end ] --END-- [ RunTime:0.002001s ]

[ 2017-12-09T17:35:43+08:00 ] 127.0.0.1 /index.php?m=Admin&c=Login&a=runlogin
INFO: [ app_init ] --START--
INFO: Run Behavior\BuildLiteBehavior [ RunTime:0.000000s ]
INFO: [ app_init ] --END-- [ RunTime:0.001000s ]
INFO: [ app_begin ] --START--
INFO: Run Behavior\ReadHtmlCacheBehavior [ RunTime:0.002000s ]
INFO: [ app_begin ] --END-- [ RunTime:0.002000s ]
SQL: SHOW COLUMNS FROM `sm_sysconfig` [ RunTime:0.0190s ]
SQL: SELECT * FROM `sm_sysconfig`  [ RunTime:0.0030s ]
SQL: SHOW COLUMNS FROM `sm_admin` [ RunTime:0.0070s ]
SQL: SELECT * FROM `sm_admin` WHERE `admin_username` = 'admin2' LIMIT 1   [ RunTime:0.0010s ]
SQL: UPDATE `sm_admin` SET `admin_hits`=admin_hits+1 WHERE `admin_username` = 'admin2' [ RunTime:0.0010s ]
SQL: UPDATE `sm_admin` SET `admin_last_ip`='127.0.0.1',`admin_last_time`='1512783413',`admin_ip`='127.0.0.1',`admin_time`='1512812143' WHERE `admin_username` = 'admin2' [ RunTime:0.0010s ]

[ 2017-12-09T17:35:43+08:00 ] 127.0.0.1 /index.php?m=Admin&c=Index&a=index
INFO: [ app_init ] --START--
INFO: Run Behavior\BuildLiteBehavior [ RunTime:0.001000s ]
INFO: [ app_init ] --END-- [ RunTime:0.003000s ]
INFO: [ app_begin ] --START--
INFO: Run Behavior\ReadHtmlCacheBehavior [ RunTime:0.002000s ]
INFO: [ app_begin ] --END-- [ RunTime:0.002000s ]
SQL: SHOW COLUMNS FROM `sm_sysconfig` [ RunTime:0.0200s ]
SQL: SELECT * FROM `sm_sysconfig`  [ RunTime:0.0010s ]
SQL: SHOW COLUMNS FROM `sm_auth_rule` [ RunTime:0.0080s ]
SQL: SELECT * FROM `sm_auth_rule` WHERE `status` = 1 ORDER BY `sort`  [ RunTime:0.0040s ]
SQL: SHOW COLUMNS FROM `sm_auth_group_access` [ RunTime:0.0190s ]
SQL: SELECT `uid`,`group_id`,`title`,`rules` FROM sm_auth_group_access a INNER JOIN sm_auth_group g on a.group_id=g.id  WHERE ( a.uid='2' )  [ RunTime:0.0010s ]
SQL: SHOW COLUMNS FROM `sm_auth_rule` [ RunTime:0.0150s ]
SQL: SELECT `condition`,`name` FROM `sm_auth_rule` WHERE `id` IN ('') AND `type` = 1  [ RunTime:0.0010s ]
SQL: SELECT * FROM `sm_auth_rule` WHERE `name` = 'Admin/Index/index' AND `status` = 1 ORDER BY `level` desc,`sort` LIMIT 1   [ RunTime:0.0010s ]
SQL: SELECT * FROM `sm_auth_rule` WHERE `status` = 0 AND `name` = 'Admin/Index/index' ORDER BY `level` desc,`sort` LIMIT 1   [ RunTime:0.0020s ]
SQL: SELECT * FROM `sm_auth_rule` WHERE `status` = 1 AND `pid` = 0 ORDER BY `sort`  [ RunTime:0.0020s ]
NOTIC: [8] A non well formed numeric value encountered D:\phpStudy\WWW\shiyanshi\app\Admin\Controller\IndexController.class.php 第 24 行.
NOTIC: [8] A non well formed numeric value encountered D:\phpStudy\WWW\shiyanshi\app\Admin\Controller\IndexController.class.php 第 25 行.
INFO: [ view_parse ] --START--
INFO: [ template_filter ] --START--
INFO: Run Behavior\ContentReplaceBehavior [ RunTime:0.001000s ]
INFO: [ template_filter ] --END-- [ RunTime:0.001000s ]
NOTIC: [8] Undefined variable: recharge_type D:\phpStudy\WWW\shiyanshi\data\runtime\Cache\Admin\eaaaa69a3a7994270bfd9e5a4028ad15.php 第 244 行.
NOTIC: [8] Undefined variable: recharge_type D:\phpStudy\WWW\shiyanshi\data\runtime\Cache\Admin\eaaaa69a3a7994270bfd9e5a4028ad15.php 第 245 行.
NOTIC: [8] Undefined variable: recharge_type D:\phpStudy\WWW\shiyanshi\data\runtime\Cache\Admin\eaaaa69a3a7994270bfd9e5a4028ad15.php 第 246 行.
NOTIC: [8] Undefined variable: recharge_type D:\phpStudy\WWW\shiyanshi\data\runtime\Cache\Admin\eaaaa69a3a7994270bfd9e5a4028ad15.php 第 254 行.
NOTIC: [8] Undefined variable: recharge_type D:\phpStudy\WWW\shiyanshi\data\runtime\Cache\Admin\eaaaa69a3a7994270bfd9e5a4028ad15.php 第 255 行.
NOTIC: [8] Undefined variable: recharge_type D:\phpStudy\WWW\shiyanshi\data\runtime\Cache\Admin\eaaaa69a3a7994270bfd9e5a4028ad15.php 第 256 行.
INFO: Run Behavior\ParseTemplateBehavior [ RunTime:0.050003s ]
INFO: [ view_parse ] --END-- [ RunTime:0.050003s ]
INFO: [ view_filter ] --START--
INFO: Run Behavior\WriteHtmlCacheBehavior [ RunTime:0.002000s ]
INFO: [ view_filter ] --END-- [ RunTime:0.002000s ]
INFO: [ app_end ] --START--
INFO: Run Behavior\ShowPageTraceBehavior [ RunTime:0.003001s ]
INFO: [ app_end ] --END-- [ RunTime:0.003001s ]

[ 2017-12-09T17:37:02+08:00 ] 127.0.0.1 /index.php?m=Admin&c=Index&a=index
INFO: [ app_init ] --START--
INFO: Run Behavior\BuildLiteBehavior [ RunTime:0.000000s ]
INFO: [ app_init ] --END-- [ RunTime:0.001000s ]
INFO: [ app_begin ] --START--
INFO: Run Behavior\ReadHtmlCacheBehavior [ RunTime:0.002000s ]
INFO: [ app_begin ] --END-- [ RunTime:0.002000s ]
SQL: SHOW COLUMNS FROM `sm_sysconfig` [ RunTime:0.0160s ]
SQL: SELECT * FROM `sm_sysconfig`  [ RunTime:0.0020s ]
SQL: SHOW COLUMNS FROM `sm_auth_rule` [ RunTime:0.0090s ]
SQL: SELECT * FROM `sm_auth_rule` WHERE `status` = 1 ORDER BY `sort`  [ RunTime:0.0060s ]
SQL: SHOW COLUMNS FROM `sm_auth_group_access` [ RunTime:0.0110s ]
SQL: SELECT `uid`,`group_id`,`title`,`rules` FROM sm_auth_group_access a INNER JOIN sm_auth_group g on a.group_id=g.id  WHERE ( a.uid='2' )  [ RunTime:0.0030s ]
SQL: SHOW COLUMNS FROM `sm_auth_rule` [ RunTime:0.0090s ]
SQL: SELECT `condition`,`name` FROM `sm_auth_rule` WHERE `id` IN ('1','2','6','59','151','178','179','180','27','29','37','108','109','110','111','112','113','114','170','355','356','357','358','359','360','362','364','365','366','367','368','369','370','371','372','373','374','375','376','377','38','115','116','117','118','119','120','169','354','208','209','225','224','226','227','228','229','230','210','231','232','233','234','235','237','238','239','240','211','241','242','243','244','246','247','248','249','378','382','383','384','385','391','504','506','514','421','429','430','431','432','428','433','434','435','436','444','445','446','447','448','449','450','451','452','453','454','455','456','457','458','459','460','461','462','463','464','465','466','467','468','469','470','471','472','473','474','475','476','477','478','479','480','481','482','483','484','485','486','487','488','489','490','491','492','493','494','495','496','497','498','559','562','563','564','565','560','570','571','572','573','561','566','567','568','569','574','575','576','577','578','379','380','387','388','389','390','392','381','386','518','579','580','581','582','583','393','397','398','399','400','401','402','396','442','443','403','404','405','406','407','408','409','410','411','412','413','414','415','416','417','418','419','420','544','546','547','548','549','550','545','551','552','553','554','555','422','423','424','425','426','427','437','438','584','585','439','440','441','586','587','499','500','502','503','505','507','508','501','509','510','511','512','513','515','516','522','588','589','523','519','520','521','556','557','558','524','525','532','526','529','530','531','533','527','528','534','535','536','537','538','539','540','541','542','543') AND `type` = 1  [ RunTime:0.0050s ]
SQL: SELECT * FROM `sm_auth_rule` WHERE `name` = 'Admin/Index/index' AND `status` = 1 ORDER BY `level` desc,`sort` LIMIT 1   [ RunTime:0.0040s ]
SQL: SELECT * FROM `sm_auth_rule` WHERE `status` = 0 AND `name` = 'Admin/Index/index' ORDER BY `level` desc,`sort` LIMIT 1   [ RunTime:0.0020s ]
SQL: SELECT * FROM `sm_auth_rule` WHERE `status` = 1 AND `pid` = 0 ORDER BY `sort`  [ RunTime:0.0030s ]
NOTIC: [8] A non well formed numeric value encountered D:\phpStudy\WWW\shiyanshi\app\Admin\Controller\IndexController.class.php 第 24 行.
NOTIC: [8] A non well formed numeric value encountered D:\phpStudy\WWW\shiyanshi\app\Admin\Controller\IndexController.class.php 第 25 行.
INFO: [ view_parse ] --START--
INFO: [ template_filter ] --START--
INFO: Run Behavior\ContentReplaceBehavior [ RunTime:0.001000s ]
INFO: [ template_filter ] --END-- [ RunTime:0.001000s ]
NOTIC: [8] Undefined variable: recharge_type D:\phpStudy\WWW\shiyanshi\data\runtime\Cache\Admin\eaaaa69a3a7994270bfd9e5a4028ad15.php 第 244 行.
NOTIC: [8] Undefined variable: recharge_type D:\phpStudy\WWW\shiyanshi\data\runtime\Cache\Admin\eaaaa69a3a7994270bfd9e5a4028ad15.php 第 245 行.
NOTIC: [8] Undefined variable: recharge_type D:\phpStudy\WWW\shiyanshi\data\runtime\Cache\Admin\eaaaa69a3a7994270bfd9e5a4028ad15.php 第 246 行.
NOTIC: [8] Undefined variable: recharge_type D:\phpStudy\WWW\shiyanshi\data\runtime\Cache\Admin\eaaaa69a3a7994270bfd9e5a4028ad15.php 第 254 行.
NOTIC: [8] Undefined variable: recharge_type D:\phpStudy\WWW\shiyanshi\data\runtime\Cache\Admin\eaaaa69a3a7994270bfd9e5a4028ad15.php 第 255 行.
NOTIC: [8] Undefined variable: recharge_type D:\phpStudy\WWW\shiyanshi\data\runtime\Cache\Admin\eaaaa69a3a7994270bfd9e5a4028ad15.php 第 256 行.
INFO: Run Behavior\ParseTemplateBehavior [ RunTime:0.048002s ]
INFO: [ view_parse ] --END-- [ RunTime:0.048002s ]
INFO: [ view_filter ] --START--
INFO: Run Behavior\WriteHtmlCacheBehavior [ RunTime:0.002000s ]
INFO: [ view_filter ] --END-- [ RunTime:0.002000s ]
INFO: [ app_end ] --START--
INFO: Run Behavior\ShowPageTraceBehavior [ RunTime:0.001000s ]
INFO: [ app_end ] --END-- [ RunTime:0.003001s ]

[ 2017-12-09T17:37:04+08:00 ] 127.0.0.1 /index.php?m=Admin&c=Index&a=index
INFO: [ app_init ] --START--
INFO: Run Behavior\BuildLiteBehavior [ RunTime:0.000000s ]
INFO: [ app_init ] --END-- [ RunTime:0.001000s ]
INFO: [ app_begin ] --START--
INFO: Run Behavior\ReadHtmlCacheBehavior [ RunTime:0.002000s ]
INFO: [ app_begin ] --END-- [ RunTime:0.002000s ]
SQL: SHOW COLUMNS FROM `sm_sysconfig` [ RunTime:0.0080s ]
SQL: SELECT * FROM `sm_sysconfig`  [ RunTime:0.0040s ]
SQL: SHOW COLUMNS FROM `sm_auth_rule` [ RunTime:0.0100s ]
SQL: SELECT * FROM `sm_auth_rule` WHERE `name` = 'Admin/Index/index' AND `status` = 1 ORDER BY `level` desc,`sort` LIMIT 1   [ RunTime:0.0020s ]
SQL: SELECT * FROM `sm_auth_rule` WHERE `status` = 0 AND `name` = 'Admin/Index/index' ORDER BY `level` desc,`sort` LIMIT 1   [ RunTime:0.0020s ]
SQL: SELECT * FROM `sm_auth_rule` WHERE `status` = 1 AND `pid` = 0 ORDER BY `sort`  [ RunTime:0.0020s ]
NOTIC: [8] A non well formed numeric value encountered D:\phpStudy\WWW\shiyanshi\app\Admin\Controller\IndexController.class.php 第 24 行.
NOTIC: [8] A non well formed numeric value encountered D:\phpStudy\WWW\shiyanshi\app\Admin\Controller\IndexController.class.php 第 25 行.
INFO: [ view_parse ] --START--
INFO: [ template_filter ] --START--
INFO: Run Behavior\ContentReplaceBehavior [ RunTime:0.000000s ]
INFO: [ template_filter ] --END-- [ RunTime:0.000000s ]
NOTIC: [8] Undefined variable: recharge_type D:\phpStudy\WWW\shiyanshi\data\runtime\Cache\Admin\eaaaa69a3a7994270bfd9e5a4028ad15.php 第 244 行.
NOTIC: [8] Undefined variable: recharge_type D:\phpStudy\WWW\shiyanshi\data\runtime\Cache\Admin\eaaaa69a3a7994270bfd9e5a4028ad15.php 第 245 行.
NOTIC: [8] Undefined variable: recharge_type D:\phpStudy\WWW\shiyanshi\data\runtime\Cache\Admin\eaaaa69a3a7994270bfd9e5a4028ad15.php 第 246 行.
NOTIC: [8] Undefined variable: recharge_type D:\phpStudy\WWW\shiyanshi\data\runtime\Cache\Admin\eaaaa69a3a7994270bfd9e5a4028ad15.php 第 254 行.
NOTIC: [8] Undefined variable: recharge_type D:\phpStudy\WWW\shiyanshi\data\runtime\Cache\Admin\eaaaa69a3a7994270bfd9e5a4028ad15.php 第 255 行.
NOTIC: [8] Undefined variable: recharge_type D:\phpStudy\WWW\shiyanshi\data\runtime\Cache\Admin\eaaaa69a3a7994270bfd9e5a4028ad15.php 第 256 行.
INFO: Run Behavior\ParseTemplateBehavior [ RunTime:0.061003s ]
INFO: [ view_parse ] --END-- [ RunTime:0.062003s ]
INFO: [ view_filter ] --START--
INFO: Run Behavior\WriteHtmlCacheBehavior [ RunTime:0.002000s ]
INFO: [ view_filter ] --END-- [ RunTime:0.002000s ]
INFO: [ app_end ] --START--
INFO: Run Behavior\ShowPageTraceBehavior [ RunTime:0.004001s ]
INFO: [ app_end ] --END-- [ RunTime:0.004001s ]

[ 2017-12-09T17:37:33+08:00 ] 127.0.0.1 /index.php?m=Admin&c=Login&a=logout
INFO: [ app_init ] --START--
INFO: Run Behavior\BuildLiteBehavior [ RunTime:0.000000s ]
INFO: [ app_init ] --END-- [ RunTime:0.001000s ]
INFO: [ app_begin ] --START--
INFO: Run Behavior\ReadHtmlCacheBehavior [ RunTime:0.002000s ]
INFO: [ app_begin ] --END-- [ RunTime:0.002000s ]
SQL: SHOW COLUMNS FROM `sm_sysconfig` [ RunTime:0.0090s ]
SQL: SELECT * FROM `sm_sysconfig`  [ RunTime:0.0010s ]

[ 2017-12-09T17:37:34+08:00 ] 127.0.0.1 /index.php?m=Admin&c=Login&a=login
INFO: [ app_init ] --START--
INFO: Run Behavior\BuildLiteBehavior [ RunTime:0.000000s ]
INFO: [ app_init ] --END-- [ RunTime:0.001000s ]
INFO: [ app_begin ] --START--
INFO: Run Behavior\ReadHtmlCacheBehavior [ RunTime:0.002000s ]
INFO: [ app_begin ] --END-- [ RunTime:0.002000s ]
SQL: SHOW COLUMNS FROM `sm_sysconfig` [ RunTime:0.0110s ]
SQL: SELECT * FROM `sm_sysconfig`  [ RunTime:0.0030s ]
INFO: [ view_parse ] --START--
INFO: [ template_filter ] --START--
INFO: Run Behavior\ContentReplaceBehavior [ RunTime:0.001000s ]
INFO: [ template_filter ] --END-- [ RunTime:0.001000s ]
INFO: Run Behavior\ParseTemplateBehavior [ RunTime:0.021001s ]
INFO: [ view_parse ] --END-- [ RunTime:0.022001s ]
INFO: [ view_filter ] --START--
INFO: Run Behavior\WriteHtmlCacheBehavior [ RunTime:0.003000s ]
INFO: [ view_filter ] --END-- [ RunTime:0.003000s ]
INFO: [ app_end ] --START--
INFO: Run Behavior\ShowPageTraceBehavior [ RunTime:0.002000s ]
INFO: [ app_end ] --END-- [ RunTime:0.002000s ]

[ 2017-12-09T17:37:34+08:00 ] 127.0.0.1 /index.php?m=Admin&c=Login&a=verify
INFO: [ app_init ] --START--
INFO: Run Behavior\BuildLiteBehavior [ RunTime:0.000000s ]
INFO: [ app_init ] --END-- [ RunTime:0.001000s ]
INFO: [ app_begin ] --START--
INFO: Run Behavior\ReadHtmlCacheBehavior [ RunTime:0.002000s ]
INFO: [ app_begin ] --END-- [ RunTime:0.002000s ]
SQL: SHOW COLUMNS FROM `sm_sysconfig` [ RunTime:0.0220s ]
SQL: SELECT * FROM `sm_sysconfig`  [ RunTime:0.0020s ]
INFO: [ app_end ] --START--
INFO: Run Behavior\ShowPageTraceBehavior [ RunTime:0.002000s ]
INFO: [ app_end ] --END-- [ RunTime:0.002000s ]

[ 2017-12-09T17:37:45+08:00 ] 127.0.0.1 /index.php?m=Admin&c=Login&a=runlogin
INFO: [ app_init ] --START--
INFO: Run Behavior\BuildLiteBehavior [ RunTime:0.000000s ]
INFO: [ app_init ] --END-- [ RunTime:0.002000s ]
INFO: [ app_begin ] --START--
INFO: Run Behavior\ReadHtmlCacheBehavior [ RunTime:0.001000s ]
INFO: [ app_begin ] --END-- [ RunTime:0.001000s ]
SQL: SHOW COLUMNS FROM `sm_sysconfig` [ RunTime:0.0110s ]
SQL: SELECT * FROM `sm_sysconfig`  [ RunTime:0.0030s ]
SQL: SHOW COLUMNS FROM `sm_admin` [ RunTime:0.0170s ]
SQL: SELECT * FROM `sm_admin` WHERE `admin_username` = 'admin' LIMIT 1   [ RunTime:0.0030s ]
SQL: UPDATE `sm_admin` SET `admin_hits`=admin_hits+1 WHERE `admin_username` = 'admin' [ RunTime:0.0030s ]
SQL: UPDATE `sm_admin` SET `admin_last_ip`='127.0.0.1',`admin_last_time`='1512798052',`admin_ip`='127.0.0.1',`admin_time`='1512812265' WHERE `admin_username` = 'admin' [ RunTime:0.0020s ]

[ 2017-12-09T17:37:45+08:00 ] 127.0.0.1 /index.php?m=Admin&c=Index&a=index
INFO: [ app_init ] --START--
INFO: Run Behavior\BuildLiteBehavior [ RunTime:0.000000s ]
INFO: [ app_init ] --END-- [ RunTime:0.001000s ]
INFO: [ app_begin ] --START--
INFO: Run Behavior\ReadHtmlCacheBehavior [ RunTime:0.002000s ]
INFO: [ app_begin ] --END-- [ RunTime:0.002000s ]
SQL: SHOW COLUMNS FROM `sm_sysconfig` [ RunTime:0.0080s ]
SQL: SELECT * FROM `sm_sysconfig`  [ RunTime:0.0010s ]
SQL: SHOW COLUMNS FROM `sm_auth_rule` [ RunTime:0.0170s ]
SQL: SELECT * FROM `sm_auth_rule` WHERE `name` = 'Admin/Index/index' AND `status` = 1 ORDER BY `level` desc,`sort` LIMIT 1   [ RunTime:0.0010s ]
SQL: SELECT * FROM `sm_auth_rule` WHERE `status` = 0 AND `name` = 'Admin/Index/index' ORDER BY `level` desc,`sort` LIMIT 1   [ RunTime:0.0020s ]
SQL: SELECT * FROM `sm_auth_rule` WHERE `status` = 1 AND `pid` = 0 ORDER BY `sort`  [ RunTime:0.0010s ]
NOTIC: [8] A non well formed numeric value encountered D:\phpStudy\WWW\shiyanshi\app\Admin\Controller\IndexController.class.php 第 24 行.
NOTIC: [8] A non well formed numeric value encountered D:\phpStudy\WWW\shiyanshi\app\Admin\Controller\IndexController.class.php 第 25 行.
INFO: [ view_parse ] --START--
INFO: [ template_filter ] --START--
INFO: Run Behavior\ContentReplaceBehavior [ RunTime:0.001000s ]
INFO: [ template_filter ] --END-- [ RunTime:0.001000s ]
NOTIC: [8] Undefined variable: recharge_type D:\phpStudy\WWW\shiyanshi\data\runtime\Cache\Admin\eaaaa69a3a7994270bfd9e5a4028ad15.php 第 244 行.
NOTIC: [8] Undefined variable: recharge_type D:\phpStudy\WWW\shiyanshi\data\runtime\Cache\Admin\eaaaa69a3a7994270bfd9e5a4028ad15.php 第 245 行.
NOTIC: [8] Undefined variable: recharge_type D:\phpStudy\WWW\shiyanshi\data\runtime\Cache\Admin\eaaaa69a3a7994270bfd9e5a4028ad15.php 第 246 行.
NOTIC: [8] Undefined variable: recharge_type D:\phpStudy\WWW\shiyanshi\data\runtime\Cache\Admin\eaaaa69a3a7994270bfd9e5a4028ad15.php 第 254 行.
NOTIC: [8] Undefined variable: recharge_type D:\phpStudy\WWW\shiyanshi\data\runtime\Cache\Admin\eaaaa69a3a7994270bfd9e5a4028ad15.php 第 255 行.
NOTIC: [8] Undefined variable: recharge_type D:\phpStudy\WWW\shiyanshi\data\runtime\Cache\Admin\eaaaa69a3a7994270bfd9e5a4028ad15.php 第 256 行.
INFO: Run Behavior\ParseTemplateBehavior [ RunTime:0.054004s ]
INFO: [ view_parse ] --END-- [ RunTime:0.055004s ]
INFO: [ view_filter ] --START--
INFO: Run Behavior\WriteHtmlCacheBehavior [ RunTime:0.002000s ]
INFO: [ view_filter ] --END-- [ RunTime:0.002000s ]
INFO: [ app_end ] --START--
INFO: Run Behavior\ShowPageTraceBehavior [ RunTime:0.007000s ]
INFO: [ app_end ] --END-- [ RunTime:0.007000s ]

[ 2017-12-09T17:41:51+08:00 ] 127.0.0.1 /index.php?m=Admin&c=Sys&a=clear
INFO: [ app_init ] --START--
INFO: Run Behavior\BuildLiteBehavior [ RunTime:0.000000s ]
INFO: [ app_init ] --END-- [ RunTime:0.001000s ]
INFO: [ app_begin ] --START--
INFO: Run Behavior\ReadHtmlCacheBehavior [ RunTime:0.002000s ]
INFO: [ app_begin ] --END-- [ RunTime:0.002000s ]
SQL: SHOW COLUMNS FROM `sm_sysconfig` [ RunTime:0.0080s ]
SQL: SELECT * FROM `sm_sysconfig`  [ RunTime:0.0010s ]
SQL: SHOW COLUMNS FROM `sm_auth_rule` [ RunTime:0.0080s ]
SQL: SELECT * FROM `sm_auth_rule` WHERE `name` = 'Admin/Sys/clear' AND `status` = 1 ORDER BY `level` desc,`sort` LIMIT 1   [ RunTime:0.0020s ]
SQL: SELECT * FROM `sm_auth_rule` WHERE `status` = 0 AND `name` = 'Admin/Sys/clear' ORDER BY `level` desc,`sort` LIMIT 1   [ RunTime:0.0010s ]
SQL: SELECT * FROM `sm_auth_rule` WHERE `status` = 1 AND `pid` = 0 ORDER BY `sort`  [ RunTime:0.0020s ]

[ 2017-12-09T17:42:03+08:00 ] 127.0.0.1 /index.php?m=Admin&c=Sys&a=profile
INFO: [ app_init ] --START--
INFO: Run Behavior\BuildLiteBehavior [ RunTime:0.000000s ]
INFO: [ app_init ] --END-- [ RunTime:0.002000s ]
INFO: [ app_begin ] --START--
INFO: Run Behavior\ReadHtmlCacheBehavior [ RunTime:0.001000s ]
INFO: [ app_begin ] --END-- [ RunTime:0.001000s ]
SQL: SHOW COLUMNS FROM `sm_sysconfig` [ RunTime:0.0080s ]
SQL: SELECT * FROM `sm_sysconfig`  [ RunTime:0.0030s ]
SQL: SHOW COLUMNS FROM `sm_auth_group_access` [ RunTime:0.0150s ]
SQL: SELECT `uid`,`group_id`,`title`,`rules` FROM sm_auth_group_access a INNER JOIN sm_auth_group g on a.group_id=g.id  WHERE ( a.uid='1' )  [ RunTime:0.0010s ]
SQL: SHOW COLUMNS FROM `sm_auth_rule` [ RunTime:0.0140s ]
SQL: SELECT `condition`,`name` FROM `sm_auth_rule` WHERE `id` IN ('') AND `type` = 1  [ RunTime:0.0010s ]
SQL: SHOW COLUMNS FROM `sm_auth_rule` [ RunTime:0.0140s ]
SQL: SELECT * FROM `sm_auth_rule` WHERE `name` = 'Admin/Sys/profile' AND `status` = 1 ORDER BY `level` desc,`sort` LIMIT 1   [ RunTime:0.0020s ]
SQL: SELECT * FROM `sm_auth_rule` WHERE `id` = 1 LIMIT 1   [ RunTime:0.0020s ]
SQL: SELECT * FROM `sm_auth_rule` WHERE `status` = 1 AND `pid` = 1 ORDER BY `sort`  [ RunTime:0.0010s ]
SQL: SHOW COLUMNS FROM `sm_admin` [ RunTime:0.0110s ]
SQL: SELECT * FROM sm_admin a INNER JOIN sm_auth_group_access as b on a.admin_id =b.uid INNER JOIN sm_auth_group as c on b.group_id = c.id  WHERE a.admin_id = '1' LIMIT 1   [ RunTime:0.0010s ]
INFO: [ view_parse ] --START--
INFO: [ template_filter ] --START--
INFO: Run Behavior\ContentReplaceBehavior [ RunTime:0.001000s ]
INFO: [ template_filter ] --END-- [ RunTime:0.001000s ]
INFO: Run Behavior\ParseTemplateBehavior [ RunTime:0.073004s ]
INFO: [ view_parse ] --END-- [ RunTime:0.073004s ]
INFO: [ view_filter ] --START--
INFO: Run Behavior\WriteHtmlCacheBehavior [ RunTime:0.002000s ]
INFO: [ view_filter ] --END-- [ RunTime:0.002000s ]
INFO: [ app_end ] --START--
INFO: Run Behavior\ShowPageTraceBehavior [ RunTime:0.004000s ]
INFO: [ app_end ] --END-- [ RunTime:0.004000s ]

[ 2017-12-09T17:42:04+08:00 ] 127.0.0.1 /index.php?m=Admin&c=Sys&a=sys
INFO: [ app_init ] --START--
INFO: Run Behavior\BuildLiteBehavior [ RunTime:0.000000s ]
INFO: [ app_init ] --END-- [ RunTime:0.001000s ]
INFO: [ app_begin ] --START--
INFO: Run Behavior\ReadHtmlCacheBehavior [ RunTime:0.002000s ]
INFO: [ app_begin ] --END-- [ RunTime:0.003000s ]
SQL: SHOW COLUMNS FROM `sm_sysconfig` [ RunTime:0.0130s ]
SQL: SELECT * FROM `sm_sysconfig`  [ RunTime:0.0010s ]
SQL: SHOW COLUMNS FROM `sm_auth_group_access` [ RunTime:0.0080s ]
SQL: SELECT `uid`,`group_id`,`title`,`rules` FROM sm_auth_group_access a INNER JOIN sm_auth_group g on a.group_id=g.id  WHERE ( a.uid='1' )  [ RunTime:0.0010s ]
SQL: SHOW COLUMNS FROM `sm_auth_rule` [ RunTime:0.0080s ]
SQL: SELECT `condition`,`name` FROM `sm_auth_rule` WHERE `id` IN ('') AND `type` = 1  [ RunTime:0.0010s ]
SQL: SHOW COLUMNS FROM `sm_auth_rule` [ RunTime:0.0270s ]
SQL: SELECT * FROM `sm_auth_rule` WHERE `name` = 'Admin/Sys/sys' AND `status` = 1 ORDER BY `level` desc,`sort` LIMIT 1   [ RunTime:0.0020s ]
SQL: SELECT * FROM `sm_auth_rule` WHERE `id` = 1 LIMIT 1   [ RunTime:0.0020s ]
SQL: SELECT * FROM `sm_auth_rule` WHERE `status` = 1 AND `pid` = 1 ORDER BY `sort`  [ RunTime:0.0020s ]
INFO: [ view_parse ] --START--
INFO: [ template_filter ] --START--
INFO: Run Behavior\ContentReplaceBehavior [ RunTime:0.001000s ]
INFO: [ template_filter ] --END-- [ RunTime:0.001000s ]
INFO: Run Behavior\ParseTemplateBehavior [ RunTime:0.058003s ]
INFO: [ view_parse ] --END-- [ RunTime:0.058003s ]
INFO: [ view_filter ] --START--
INFO: Run Behavior\WriteHtmlCacheBehavior [ RunTime:0.002000s ]
INFO: [ view_filter ] --END-- [ RunTime:0.002000s ]
INFO: [ app_end ] --START--
INFO: Run Behavior\ShowPageTraceBehavior [ RunTime:0.007001s ]
INFO: [ app_end ] --END-- [ RunTime:0.007001s ]

